#
# A fatal error has been detected by the Java Runtime Environment:
#
#  SIGSEGV (0xb) at pc=0x00007f898d8ee4b9, pid=11607, tid=0x00007f895e37c700
#
# JRE version: OpenJDK Runtime Environment (8.0_171-b11) (build 1.8.0_171-8u171-b11-1~deb9u1-b11)
# Java VM: OpenJDK 64-Bit Server VM (25.171-b11 mixed mode linux-amd64 compressed oops)
# Problematic frame:
# V  [libjvm.so+0x9d54b9]
#
# Failed to write core dump. Core dumps have been disabled. To enable core dumping, try "ulimit -c unlimited" before starting Java again
#
# If you would like to submit a bug report, please visit:
#   http://bugreport.java.com/bugreport/crash.jsp
#

---------------  T H R E A D  ---------------

Current thread (0x00007f890401b000):  JavaThread "background-preinit" [_thread_in_vm, id=11655, stack(0x00007f895e27c000,0x00007f895e37d000)]

siginfo: si_signo: 11 (SIGSEGV), si_code: 1 (SEGV_MAPERR), si_addr: 0x0000000000000000

Registers:
RAX=0x00000000000003d8, RBX=0x00007f895e37a3d0, RCX=0x00007f895e37a3d0, RDX=0x00007f890847ac10
RSP=0x00007f895e37a100, RBP=0x00007f895e37a110, RSI=0x0000000000000000, RDI=0x0000000000000000
R8 =0x00007f89755510f8, R9 =0x00000000000000b5, R10=0x0000000000000016, R11=0x0000000000000016
R12=0x00007f890401b000, R13=0x0000000000000000, R14=0x0000000000000001, R15=0x00000007c0310928
RIP=0x00007f898d8ee4b9, EFLAGS=0x0000000000010246, CSGSFS=0x002b000000000033, ERR=0x0000000000000004
  TRAPNO=0x000000000000000e

Top of Stack: (sp=0x00007f895e37a100)
0x00007f895e37a100:   00007f895e37a3d0 00007f890401b000
0x00007f895e37a110:   00007f895e37a2c0 00007f898d6a3fd5
0x00007f895e37a120:   00007f895e37a140 00007f8900000001
0x00007f895e37a130:   0000000700000000 00000007c0310928
0x00007f895e37a140:   00007f89000000b5 00007f890401ad40
0x00007f895e37a150:   00007f890401b000 00007f89141d1e88
0x00007f895e37a160:   00007f8900000008 00007f89141d1e88
0x00007f895e37a170:   00007f895e37a2d0 fd1069ddab797400
0x00007f895e37a180:   00007f890401ad40 00007f89280197e0
0x00007f895e37a190:   00007f89280197f0 00007f8928019bc8
0x00007f895e37a1a0:   00000000000003d8 00007f890401b000
0x00007f895e37a1b0:   00007f895e37a250 00007f898d6a580e
0x00007f895e37a1c0:   00007f895e37a250 00007f898d6a58b2
0x00007f895e37a1d0:   00007f890401b000 00007f895e37a200
0x00007f895e37a1e0:   00007f895e37a200 00007f898d8a17c4
0x00007f895e37a1f0:   00007f895cceb7f0 00007f895e37a240
0x00007f895e37a200:   00007f895e37a230 00007f898d8a302e
0x00007f895e37a210:   00007f895ccf34c8 00007f895e37a240
0x00007f895e37a220:   0000000000000001 0000000000000000
0x00007f895e37a230:   00007f895e37a280 fd1069ddab797400
0x00007f895e37a240:   00007f898dd738b0 00007f895ccf34c8
0x00007f895e37a250:   00007f890401b000 00007f89040207a0
0x00007f895e37a260:   000000000000000f 00007f895ccf34c8
0x00007f895e37a270:   00007f895e37a2e0 00007f898d3d381d
0x00007f895e37a280:   00007f895e37a2d0 fd1069ddab797400
0x00007f895e37a290:   00007f895ccf34c8 00007f895ccf34c8
0x00007f895e37a2a0:   00007f895e37a3f0 0000000000000001
0x00007f895e37a2b0:   00000007c0310928 00007f890401b000
0x00007f895e37a2c0:   00007f895e37a360 00007f898d6a45a5
0x00007f895e37a2d0:   0000000000000001 0000000000000001
0x00007f895e37a2e0:   00007f890401b000 00007f898d6a43f7
0x00007f895e37a2f0:   00007f8904022c80 0000000000000000 

Instructions: (pc=0x00007f898d8ee4b9)
0x00007f898d8ee499:   ff 66 0f 1f 44 00 00 be 0c 00 00 00 e9 4f fd ff
0x00007f898d8ee4a9:   ff 66 0f 1f 44 00 00 55 31 f6 48 89 e5 41 54 53
0x00007f898d8ee4b9:   44 0f b7 27 48 89 fb 41 8d 7c 24 01 48 63 ff e8
0x00007f898d8ee4c9:   03 05 f8 ff 0f b7 13 44 39 e2 49 0f 4f d4 85 d2 

Register to memory mapping:

RAX=0x00000000000003d8 is an unknown value
RBX=0x00007f895e37a3d0 is pointing into the stack for thread: 0x00007f890401b000
RCX=0x00007f895e37a3d0 is pointing into the stack for thread: 0x00007f890401b000
RDX=0x00007f890847ac10 is an unknown value
RSP=0x00007f895e37a100 is pointing into the stack for thread: 0x00007f890401b000
RBP=0x00007f895e37a110 is pointing into the stack for thread: 0x00007f890401b000
RSI=0x0000000000000000 is an unknown value
RDI=0x0000000000000000 is an unknown value
R8 =0x00007f89755510f8 is pointing into metadata
R9 =0x00000000000000b5 is an unknown value
R10=0x0000000000000016 is an unknown value
R11=0x0000000000000016 is an unknown value
R12=0x00007f890401b000 is a thread
R13=0x0000000000000000 is an unknown value
R14=0x0000000000000001 is an unknown value
R15=0x00000007c0310928 is pointing into metadata


Stack: [0x00007f895e27c000,0x00007f895e37d000],  sp=0x00007f895e37a100,  free space=1016k
Native frames: (J=compiled Java code, j=interpreted, Vv=VM code, C=native code)
V  [libjvm.so+0x9d54b9]
V  [libjvm.so+0x78afd5]
V  [libjvm.so+0x78b5a5]
V  [libjvm.so+0x656ae9]
j  sun.management.MemoryManagerImpl.<init>(Ljava/lang/String;)V+6
j  sun.management.ManagementFactory.createMemoryManager(Ljava/lang/String;)Ljava/lang/management/MemoryManagerMXBean;+5
v  ~StubRoutines::call_stub
V  [libjvm.so+0x665d13]
V  [libjvm.so+0x66452f]
V  [libjvm.so+0x831d2c]
V  [libjvm.so+0x8094a3]
j  sun.management.MemoryImpl.getMemoryManagers0()[Ljava/lang/management/MemoryManagerMXBean;+0
j  sun.management.MemoryImpl.getMemoryManagers()[Ljava/lang/management/MemoryManagerMXBean;+6
j  sun.management.ManagementFactoryHelper.getGarbageCollectorMXBeans()Ljava/util/List;+0
j  java.lang.management.PlatformComponent$4.getMXBeans()Ljava/util/List;+0
j  java.lang.management.PlatformComponent.getMXBeans(Ljava/lang/Class;)Ljava/util/List;+4
j  java.lang.management.ManagementFactory.getPlatformMBeanServer()Ljavax/management/MBeanServer;+61
j  org.apache.tomcat.util.modeler.Registry.getMBeanServer()Ljavax/management/MBeanServer;+82
j  org.apache.catalina.mbeans.MBeanUtils.createServer()Ljavax/management/MBeanServer;+11
j  org.apache.catalina.mbeans.MBeanUtils.<clinit>()V+64
v  ~StubRoutines::call_stub
V  [libjvm.so+0x665d13]
V  [libjvm.so+0x621655]
V  [libjvm.so+0x621b81]
V  [libjvm.so+0x621eb0]
V  [libjvm.so+0x78b9c0]
V  [libjvm.so+0x78fc01]
V  [libjvm.so+0x792988]
V  [libjvm.so+0x65857b]
j  org.apache.catalina.mbeans.MBeanFactory.<clinit>()V+18
v  ~StubRoutines::call_stub
V  [libjvm.so+0x665d13]
V  [libjvm.so+0x621655]
V  [libjvm.so+0x621b81]
V  [libjvm.so+0x621eb0]
V  [libjvm.so+0x652b33]
j  org.springframework.boot.autoconfigure.BackgroundPreinitializer$MBeanFactoryInitializer.run()V+0
j  org.springframework.boot.autoconfigure.BackgroundPreinitializer$1.runSafely(Ljava/lang/Runnable;)V+1
j  org.springframework.boot.autoconfigure.BackgroundPreinitializer$1.run()V+45
j  java.lang.Thread.run()V+11
v  ~StubRoutines::call_stub
V  [libjvm.so+0x665d13]
V  [libjvm.so+0x663277]
V  [libjvm.so+0x663857]
V  [libjvm.so+0x6a4fe4]
V  [libjvm.so+0xa160ab]
V  [libjvm.so+0xa1656f]
V  [libjvm.so+0x8bbfd2]
C  [libpthread.so.0+0x7494]  start_thread+0xc4

Java frames: (J=compiled Java code, j=interpreted, Vv=VM code)
j  sun.management.MemoryManagerImpl.<init>(Ljava/lang/String;)V+6
j  sun.management.ManagementFactory.createMemoryManager(Ljava/lang/String;)Ljava/lang/management/MemoryManagerMXBean;+5
v  ~StubRoutines::call_stub
j  sun.management.MemoryImpl.getMemoryManagers0()[Ljava/lang/management/MemoryManagerMXBean;+0
j  sun.management.MemoryImpl.getMemoryManagers()[Ljava/lang/management/MemoryManagerMXBean;+6
j  sun.management.ManagementFactoryHelper.getGarbageCollectorMXBeans()Ljava/util/List;+0
j  java.lang.management.PlatformComponent$4.getMXBeans()Ljava/util/List;+0
j  java.lang.management.PlatformComponent.getMXBeans(Ljava/lang/Class;)Ljava/util/List;+4
j  java.lang.management.ManagementFactory.getPlatformMBeanServer()Ljavax/management/MBeanServer;+61
j  org.apache.tomcat.util.modeler.Registry.getMBeanServer()Ljavax/management/MBeanServer;+82
j  org.apache.catalina.mbeans.MBeanUtils.createServer()Ljavax/management/MBeanServer;+11
j  org.apache.catalina.mbeans.MBeanUtils.<clinit>()V+64
v  ~StubRoutines::call_stub
j  org.apache.catalina.mbeans.MBeanFactory.<clinit>()V+18
v  ~StubRoutines::call_stub
j  org.springframework.boot.autoconfigure.BackgroundPreinitializer$MBeanFactoryInitializer.run()V+0
j  org.springframework.boot.autoconfigure.BackgroundPreinitializer$1.runSafely(Ljava/lang/Runnable;)V+1
j  org.springframework.boot.autoconfigure.BackgroundPreinitializer$1.run()V+45
j  java.lang.Thread.run()V+11
v  ~StubRoutines::call_stub

---------------  P R O C E S S  ---------------

Java Threads: ( => current thread )
=>0x00007f890401b000 JavaThread "background-preinit" [_thread_in_vm, id=11655, stack(0x00007f895e27c000,0x00007f895e37d000)]
  0x00007f8910009000 JavaThread "restartedMain" [_thread_in_Java, id=11654, stack(0x00007f895e37d000,0x00007f895e47e000)]
  0x00007f8988c02800 JavaThread "Thread-0" [_thread_blocked, id=11653, stack(0x00007f895e47e000,0x00007f895e57f000)]
  0x00007f8988697000 JavaThread "Service Thread" daemon [_thread_blocked, id=11648, stack(0x00007f895e680000,0x00007f895e781000)]
  0x00007f898868b800 JavaThread "C1 CompilerThread3" daemon [_thread_blocked, id=11647, stack(0x00007f895e781000,0x00007f895e882000)]
  0x00007f8988689800 JavaThread "C2 CompilerThread2" daemon [_thread_in_native, id=11646, stack(0x00007f895e882000,0x00007f895e983000)]
  0x00007f8988687000 JavaThread "C2 CompilerThread1" daemon [_thread_in_native, id=11645, stack(0x00007f895e983000,0x00007f895ea84000)]
  0x00007f8988680800 JavaThread "C2 CompilerThread0" daemon [_thread_in_native, id=11644, stack(0x00007f895ea84000,0x00007f895eb85000)]
  0x00007f892c001000 JavaThread "JDWP Command Reader" daemon [_thread_in_native, id=11643, stack(0x00007f895edeb000,0x00007f895eeec000)]
  0x00007f898821e800 JavaThread "JDWP Event Helper Thread" daemon [_thread_blocked, id=11640, stack(0x00007f895eeec000,0x00007f895efed000)]
  0x00007f898821b000 JavaThread "JDWP Transport Listener: dt_socket" daemon [_thread_blocked, id=11639, stack(0x00007f895efed000,0x00007f895f0ee000)]
  0x00007f898820d000 JavaThread "Signal Dispatcher" daemon [_thread_blocked, id=11638, stack(0x00007f895f2f3000,0x00007f895f3f4000)]
  0x00007f89881db000 JavaThread "Finalizer" daemon [_thread_blocked, id=11630, stack(0x00007f895f3f4000,0x00007f895f4f5000)]
  0x00007f89881d6800 JavaThread "Reference Handler" daemon [_thread_blocked, id=11629, stack(0x00007f895f4f5000,0x00007f895f5f6000)]
  0x00007f8988012000 JavaThread "main" [_thread_blocked, id=11616, stack(0x00007f898eb49000,0x00007f898ec4a000)]

Other Threads:
  0x00007f89881cf000 VMThread [stack: 0x00007f895f5f6000,0x00007f895f6f7000] [id=11628]
  0x00007f8988699800 WatcherThread [stack: 0x00007f895e57f000,0x00007f895e680000] [id=11649]

VM state:not at safepoint (normal execution)

VM Mutex/Monitor currently owned by a thread: None

Heap:
 PSYoungGen      total 139264K, used 49943K [0x000000076d200000, 0x0000000776400000, 0x00000007c0000000)
  eden space 129024K, 38% used [0x000000076d200000,0x00000007702c5ce8,0x0000000775000000)
  from space 10240K, 0% used [0x0000000775a00000,0x0000000775a00000,0x0000000776400000)
  to   space 10240K, 0% used [0x0000000775000000,0x0000000775000000,0x0000000775a00000)
 ParOldGen       total 87040K, used 4763K [0x00000006c7600000, 0x00000006ccb00000, 0x000000076d200000)
  object space 87040K, 5% used [0x00000006c7600000,0x00000006c7aa6f58,0x00000006ccb00000)
 Metaspace       used 24334K, capacity 24975K, committed 25216K, reserved 1071104K
  class space    used 2986K, capacity 3148K, committed 3200K, reserved 1048576K

Card table byte_map: [0x00007f897724c000,0x00007f8977a12000] byte_map_base: 0x00007f8973c11000

Marking Bits: (ParMarkBitMap*) 0x00007f898de42320
 Begin Bits: [0x00007f89403b0000, 0x00007f89441d8000)
 End Bits:   [0x00007f89441d8000, 0x00007f8948000000)

Polling page: 0x00007f898ec67000

CodeCache: size=245760Kb used=7166Kb max_used=7166Kb free=238593Kb
 bounds [0x00007f8977dd2000, 0x00007f89784e2000, 0x00007f8986dd2000]
 total_blobs=2346 nmethods=1970 adapters=298
 compilation: enabled

Compilation events (10 events):
Event: 1.152 Thread 0x00007f898868b800 nmethod 1970 0x00007f89784d0490 code [0x00007f89784d0600, 0x00007f89784d0888]
Event: 1.152 Thread 0x00007f898868b800 1972       3       java.lang.reflect.Constructor::acquireConstructorAccessor (44 bytes)
Event: 1.152 Thread 0x00007f898868b800 nmethod 1972 0x00007f89784cf710 code [0x00007f89784cf8c0, 0x00007f89784cff38]
Event: 1.152 Thread 0x00007f898868b800 1971       3       java.util.HashMap$KeyIterator::<init> (11 bytes)
Event: 1.152 Thread 0x00007f898868b800 nmethod 1971 0x00007f89784cf350 code [0x00007f89784cf4c0, 0x00007f89784cf688]
Event: 1.153 Thread 0x00007f898868b800 1974       3       java.util.TreeMap$PrivateEntryIterator::hasNext (13 bytes)
Event: 1.153 Thread 0x00007f898868b800 nmethod 1974 0x00007f89784cefd0 code [0x00007f89784cf140, 0x00007f89784cf2f0]
Event: 1.153 Thread 0x00007f898868b800 1975   !   3       java.lang.ClassLoader::definePackage (77 bytes)
Event: 1.154 Thread 0x00007f898868b800 nmethod 1975 0x00007f89784d2110 code [0x00007f89784d2300, 0x00007f89784d2c28]
Event: 1.154 Thread 0x00007f898868b800 1976       3       java.lang.String$CaseInsensitiveComparator::compare (111 bytes)

GC Heap History (10 events):
Event: 0.418 GC heap before
{Heap before GC invocations=1 (full 0):
 PSYoungGen      total 74752K, used 64512K [0x000000076d200000, 0x0000000772500000, 0x00000007c0000000)
  eden space 64512K, 100% used [0x000000076d200000,0x0000000771100000,0x0000000771100000)
  from space 10240K, 0% used [0x0000000771b00000,0x0000000771b00000,0x0000000772500000)
  to   space 10240K, 0% used [0x0000000771100000,0x0000000771100000,0x0000000771b00000)
 ParOldGen       total 171008K, used 0K [0x00000006c7600000, 0x00000006d1d00000, 0x000000076d200000)
  object space 171008K, 0% used [0x00000006c7600000,0x00000006c7600000,0x00000006d1d00000)
 Metaspace       used 8443K, capacity 8590K, committed 8832K, reserved 1056768K
  class space    used 982K, capacity 1052K, committed 1152K, reserved 1048576K
Event: 0.422 GC heap after
Heap after GC invocations=1 (full 0):
 PSYoungGen      total 74752K, used 4801K [0x000000076d200000, 0x0000000772500000, 0x00000007c0000000)
  eden space 64512K, 0% used [0x000000076d200000,0x000000076d200000,0x0000000771100000)
  from space 10240K, 46% used [0x0000000771100000,0x00000007715b06f0,0x0000000771b00000)
  to   space 10240K, 0% used [0x0000000771b00000,0x0000000771b00000,0x0000000772500000)
 ParOldGen       total 171008K, used 16K [0x00000006c7600000, 0x00000006d1d00000, 0x000000076d200000)
  object space 171008K, 0% used [0x00000006c7600000,0x00000006c7604000,0x00000006d1d00000)
 Metaspace       used 8443K, capacity 8590K, committed 8832K, reserved 1056768K
  class space    used 982K, capacity 1052K, committed 1152K, reserved 1048576K
}
Event: 0.675 GC heap before
{Heap before GC invocations=2 (full 0):
 PSYoungGen      total 74752K, used 69313K [0x000000076d200000, 0x0000000772500000, 0x00000007c0000000)
  eden space 64512K, 100% used [0x000000076d200000,0x0000000771100000,0x0000000771100000)
  from space 10240K, 46% used [0x0000000771100000,0x00000007715b06f0,0x0000000771b00000)
  to   space 10240K, 0% used [0x0000000771b00000,0x0000000771b00000,0x0000000772500000)
 ParOldGen       total 171008K, used 16K [0x00000006c7600000, 0x00000006d1d00000, 0x000000076d200000)
  object space 171008K, 0% used [0x00000006c7600000,0x00000006c7604000,0x00000006d1d00000)
 Metaspace       used 13968K, capacity 14416K, committed 14464K, reserved 1062912K
  class space    used 1769K, capacity 1911K, committed 1920K, reserved 1048576K
Event: 0.681 GC heap after
Heap after GC invocations=2 (full 0):
 PSYoungGen      total 74752K, used 6784K [0x000000076d200000, 0x0000000776400000, 0x00000007c0000000)
  eden space 64512K, 0% used [0x000000076d200000,0x000000076d200000,0x0000000771100000)
  from space 10240K, 66% used [0x0000000771b00000,0x00000007721a02f0,0x0000000772500000)
  to   space 10240K, 0% used [0x0000000771100000,0x0000000771100000,0x0000000771b00000)
 ParOldGen       total 171008K, used 24K [0x00000006c7600000, 0x00000006d1d00000, 0x000000076d200000)
  object space 171008K, 0% used [0x00000006c7600000,0x00000006c7606000,0x00000006d1d00000)
 Metaspace       used 13968K, capacity 14416K, committed 14464K, reserved 1062912K
  class space    used 1769K, capacity 1911K, committed 1920K, reserved 1048576K
}
Event: 0.908 GC heap before
{Heap before GC invocations=3 (full 0):
 PSYoungGen      total 74752K, used 71296K [0x000000076d200000, 0x0000000776400000, 0x00000007c0000000)
  eden space 64512K, 100% used [0x000000076d200000,0x0000000771100000,0x0000000771100000)
  from space 10240K, 66% used [0x0000000771b00000,0x00000007721a02f0,0x0000000772500000)
  to   space 10240K, 0% used [0x0000000771100000,0x0000000771100000,0x0000000771b00000)
 ParOldGen       total 171008K, used 24K [0x00000006c7600000, 0x00000006d1d00000, 0x000000076d200000)
  object space 171008K, 0% used [0x00000006c7600000,0x00000006c7606000,0x00000006d1d00000)
 Metaspace       used 20302K, capacity 20818K, committed 21120K, reserved 1067008K
  class space    used 2505K, capacity 2654K, committed 2688K, reserved 1048576K
Event: 0.915 GC heap after
Heap after GC invocations=3 (full 0):
 PSYoungGen      total 74752K, used 9849K [0x000000076d200000, 0x0000000776400000, 0x00000007c0000000)
  eden space 64512K, 0% used [0x000000076d200000,0x000000076d200000,0x0000000771100000)
  from space 10240K, 96% used [0x0000000771100000,0x0000000771a9e678,0x0000000771b00000)
  to   space 10240K, 0% used [0x0000000775a00000,0x0000000775a00000,0x0000000776400000)
 ParOldGen       total 171008K, used 32K [0x00000006c7600000, 0x00000006d1d00000, 0x000000076d200000)
  object space 171008K, 0% used [0x00000006c7600000,0x00000006c7608000,0x00000006d1d00000)
 Metaspace       used 20302K, capacity 20818K, committed 21120K, reserved 1067008K
  class space    used 2505K, capacity 2654K, committed 2688K, reserved 1048576K
}
Event: 0.933 GC heap before
{Heap before GC invocations=4 (full 0):
 PSYoungGen      total 74752K, used 15579K [0x000000076d200000, 0x0000000776400000, 0x00000007c0000000)
  eden space 64512K, 8% used [0x000000076d200000,0x000000076d798948,0x0000000771100000)
  from space 10240K, 96% used [0x0000000771100000,0x0000000771a9e678,0x0000000771b00000)
  to   space 10240K, 0% used [0x0000000775a00000,0x0000000775a00000,0x0000000776400000)
 ParOldGen       total 171008K, used 32K [0x00000006c7600000, 0x00000006d1d00000, 0x000000076d200000)
  object space 171008K, 0% used [0x00000006c7600000,0x00000006c7608000,0x00000006d1d00000)
 Metaspace       used 20601K, capacity 21115K, committed 21296K, reserved 1069056K
  class space    used 2558K, capacity 2688K, committed 2688K, reserved 1048576K
Event: 0.937 GC heap after
Heap after GC invocations=4 (full 0):
 PSYoungGen      total 139264K, used 4928K [0x000000076d200000, 0x0000000776400000, 0x00000007c0000000)
  eden space 129024K, 0% used [0x000000076d200000,0x000000076d200000,0x0000000775000000)
  from space 10240K, 48% used [0x0000000775a00000,0x0000000775ed0040,0x0000000776400000)
  to   space 10240K, 0% used [0x0000000775000000,0x0000000775000000,0x0000000775a00000)
 ParOldGen       total 171008K, used 40K [0x00000006c7600000, 0x00000006d1d00000, 0x000000076d200000)
  object space 171008K, 0% used [0x00000006c7600000,0x00000006c760a000,0x00000006d1d00000)
 Metaspace       used 20601K, capacity 21115K, committed 21296K, reserved 1069056K
  class space    used 2558K, capacity 2688K, committed 2688K, reserved 1048576K
}
Event: 0.937 GC heap before
{Heap before GC invocations=5 (full 1):
 PSYoungGen      total 139264K, used 4928K [0x000000076d200000, 0x0000000776400000, 0x00000007c0000000)
  eden space 129024K, 0% used [0x000000076d200000,0x000000076d200000,0x0000000775000000)
  from space 10240K, 48% used [0x0000000775a00000,0x0000000775ed0040,0x0000000776400000)
  to   space 10240K, 0% used [0x0000000775000000,0x0000000775000000,0x0000000775a00000)
 ParOldGen       total 171008K, used 40K [0x00000006c7600000, 0x00000006d1d00000, 0x000000076d200000)
  object space 171008K, 0% used [0x00000006c7600000,0x00000006c760a000,0x00000006d1d00000)
 Metaspace       used 20601K, capacity 21115K, committed 21296K, reserved 1069056K
  class space    used 2558K, capacity 2688K, committed 2688K, reserved 1048576K
Event: 0.958 GC heap after
Heap after GC invocations=5 (full 1):
 PSYoungGen      total 139264K, used 0K [0x000000076d200000, 0x0000000776400000, 0x00000007c0000000)
  eden space 129024K, 0% used [0x000000076d200000,0x000000076d200000,0x0000000775000000)
  from space 10240K, 0% used [0x0000000775a00000,0x0000000775a00000,0x0000000776400000)
  to   space 10240K, 0% used [0x0000000775000000,0x0000000775000000,0x0000000775a00000)
 ParOldGen       total 87040K, used 4763K [0x00000006c7600000, 0x00000006ccb00000, 0x000000076d200000)
  object space 87040K, 5% used [0x00000006c7600000,0x00000006c7aa6f58,0x00000006ccb00000)
 Metaspace       used 20601K, capacity 21115K, committed 21296K, reserved 1069056K
  class space    used 2558K, capacity 2688K, committed 2688K, reserved 1048576K
}

Deoptimization events (10 events):
Event: 0.961 Thread 0x00007f8910009000 Uncommon trap: reason=bimorphic action=maybe_recompile pc=0x00007f8978303a78 method=java.lang.ThreadLocal.get()Ljava/lang/Object; @ 6
Event: 0.961 Thread 0x00007f8910009000 Uncommon trap: reason=bimorphic action=maybe_recompile pc=0x00007f8978303a78 method=java.lang.ThreadLocal.get()Ljava/lang/Object; @ 6
Event: 0.961 Thread 0x00007f8910009000 Uncommon trap: reason=bimorphic action=maybe_recompile pc=0x00007f8978303a78 method=java.lang.ThreadLocal.get()Ljava/lang/Object; @ 6
Event: 0.969 Thread 0x00007f890401b000 Uncommon trap: reason=unstable_if action=reinterpret pc=0x00007f897830f0a4 method=jdk.internal.org.objectweb.asm.Type.getArgumentsAndReturnSizes(Ljava/lang/String;)I @ 47
Event: 0.987 Thread 0x00007f8910009000 Uncommon trap: reason=bimorphic action=maybe_recompile pc=0x00007f89782332a4 method=java.util.HashMap.putVal(ILjava/lang/Object;Ljava/lang/Object;ZZ)Ljava/lang/Object; @ 203
Event: 0.987 Thread 0x00007f8910009000 Uncommon trap: reason=bimorphic action=maybe_recompile pc=0x00007f89782332a4 method=java.util.HashMap.putVal(ILjava/lang/Object;Ljava/lang/Object;ZZ)Ljava/lang/Object; @ 203
Event: 1.003 Thread 0x00007f8910009000 Uncommon trap: reason=unstable_if action=reinterpret pc=0x00007f8978302374 method=org.springframework.asm.ClassReader.readUTF8(I[C)Ljava/lang/String; @ 7
Event: 1.112 Thread 0x00007f890401b000 Uncommon trap: reason=unstable_if action=reinterpret pc=0x00007f8978465da0 method=com.sun.org.apache.xerces.internal.impl.XMLEntityScanner.skipSpaces()Z @ 125
Event: 1.126 Thread 0x00007f890401b000 Uncommon trap: reason=unstable_if action=reinterpret pc=0x00007f897845812c method=com.sun.org.apache.xerces.internal.impl.XMLEntityScanner.scanLiteral(ILcom/sun/org/apache/xerces/internal/xni/XMLString;Z)I @ 44
Event: 1.135 Thread 0x00007f890401b000 Uncommon trap: reason=unstable_if action=reinterpret pc=0x00007f897849fbe8 method=com.sun.org.apache.xerces.internal.util.SymbolTable.addSymbol([CII)Ljava/lang/String; @ 38

Classes redefined (0 events):
No events

Internal exceptions (10 events):
Event: 0.826 Thread 0x00007f8910009000 Exception <a 'java/lang/ClassNotFoundException': org/springframework/context/annotation/ConfigurationClassPostProcessorCustomizer> (0x000000076f9f1348) thrown at [/build/openjdk-8-8u171-b11/src/hotspot/src/share/vm/classfile/systemDictionary.cpp, line 210
Event: 0.831 Thread 0x00007f8910009000 Exception <a 'java/lang/ClassNotFoundException': org/springframework/beans/factory/support/BeanDefinitionRegistryPostProcessorCustomizer> (0x000000076fbf09a8) thrown at [/build/openjdk-8-8u171-b11/src/hotspot/src/share/vm/classfile/systemDictionary.cpp, l
Event: 0.831 Thread 0x00007f8910009000 Exception <a 'java/lang/ClassNotFoundException': org/springframework/core/PriorityOrderedCustomizer> (0x000000076fc0b2e0) thrown at [/build/openjdk-8-8u171-b11/src/hotspot/src/share/vm/classfile/systemDictionary.cpp, line 210]
Event: 0.832 Thread 0x00007f8910009000 Exception <a 'java/lang/ClassNotFoundException': org/springframework/context/ResourceLoaderAwareCustomizer> (0x000000076fc27658) thrown at [/build/openjdk-8-8u171-b11/src/hotspot/src/share/vm/classfile/systemDictionary.cpp, line 210]
Event: 0.833 Thread 0x00007f8910009000 Exception <a 'java/lang/ClassNotFoundException': org/springframework/beans/factory/BeanClassLoaderAwareCustomizer> (0x000000076fc475f8) thrown at [/build/openjdk-8-8u171-b11/src/hotspot/src/share/vm/classfile/systemDictionary.cpp, line 210]
Event: 0.833 Thread 0x00007f8910009000 Exception <a 'java/lang/ClassNotFoundException': org/springframework/context/EnvironmentAwareCustomizer> (0x000000076fc63c80) thrown at [/build/openjdk-8-8u171-b11/src/hotspot/src/share/vm/classfile/systemDictionary.cpp, line 210]
Event: 0.838 Thread 0x00007f8910009000 Exception <a 'java/lang/NoClassDefFoundError': org/reactivestreams/Publisher> (0x000000076fe047c0) thrown at [/build/openjdk-8-8u171-b11/src/hotspot/src/share/vm/classfile/systemDictionary.cpp, line 199]
Event: 0.838 Thread 0x00007f8910009000 Exception <a 'java/lang/NoClassDefFoundError': rx/Observable> (0x000000076fe153c0) thrown at [/build/openjdk-8-8u171-b11/src/hotspot/src/share/vm/classfile/systemDictionary.cpp, line 199]
Event: 0.839 Thread 0x00007f8910009000 Exception <a 'java/lang/NoClassDefFoundError': org/reactivestreams/Publisher> (0x000000076feaec78) thrown at [/build/openjdk-8-8u171-b11/src/hotspot/src/share/vm/classfile/systemDictionary.cpp, line 199]
Event: 0.971 Thread 0x00007f890401b000 Exception <a 'java/lang/IncompatibleClassChangeError': Found class java.lang.Object, but interface was expected> (0x000000076d3bd670) thrown at [/build/openjdk-8-8u171-b11/src/hotspot/src/share/vm/interpreter/linkResolver.cpp, line 653]

Events (10 events):
Event: 1.153 loading class com/sun/jmx/mbeanserver/PerInterface$MethodAndSig
Event: 1.153 loading class com/sun/jmx/mbeanserver/PerInterface$MethodAndSig done
Event: 1.153 loading class java/lang/management/GarbageCollectorMXBean
Event: 1.153 loading class java/lang/management/MemoryManagerMXBean
Event: 1.153 loading class java/lang/management/MemoryManagerMXBean done
Event: 1.153 loading class java/lang/management/GarbageCollectorMXBean done
Event: 1.154 loading class sun/management/ManagementFactory
Event: 1.154 loading class sun/management/ManagementFactory done
Event: 1.154 loading class sun/management/MemoryManagerImpl
Event: 1.154 loading class sun/management/MemoryManagerImpl done


Dynamic libraries:
6c7600000-6ccb00000 rw-p 00000000 00:00 0 
6ccb00000-6d1d00000 ---p 00000000 00:00 0 
6d1d00000-76d200000 ---p 00000000 00:00 0 
76d200000-776400000 rw-p 00000000 00:00 0 
776400000-7c0000000 ---p 00000000 00:00 0 
7c0000000-7c0320000 rw-p 00000000 00:00 0 
7c0320000-800000000 ---p 00000000 00:00 0 
561a17743000-561a17744000 r-xp 00000000 08:12 13897460                   /usr/lib/jvm/java-8-openjdk-amd64/jre/bin/java
561a17943000-561a17944000 r--p 00000000 08:12 13897460                   /usr/lib/jvm/java-8-openjdk-amd64/jre/bin/java
561a17944000-561a17945000 rw-p 00001000 08:12 13897460                   /usr/lib/jvm/java-8-openjdk-amd64/jre/bin/java
561a18a5a000-561a18a7b000 rw-p 00000000 00:00 0                          [heap]
7f88fc000000-7f88fc082000 rw-p 00000000 00:00 0 
7f88fc082000-7f8900000000 ---p 00000000 00:00 0 
7f8904000000-7f8904403000 rw-p 00000000 00:00 0 
7f8904403000-7f8908000000 ---p 00000000 00:00 0 
7f8908000000-7f89084b6000 rw-p 00000000 00:00 0 
7f89084b6000-7f890c000000 ---p 00000000 00:00 0 
7f890c000000-7f890c021000 rw-p 00000000 00:00 0 
7f890c021000-7f8910000000 ---p 00000000 00:00 0 
7f8910000000-7f8910021000 rw-p 00000000 00:00 0 
7f8910021000-7f8914000000 ---p 00000000 00:00 0 
7f8914000000-7f89145fe000 rw-p 00000000 00:00 0 
7f89145fe000-7f8918000000 ---p 00000000 00:00 0 
7f8918000000-7f8918021000 rw-p 00000000 00:00 0 
7f8918021000-7f891c000000 ---p 00000000 00:00 0 
7f891c000000-7f891c79a000 rw-p 00000000 00:00 0 
7f891c79a000-7f8920000000 ---p 00000000 00:00 0 
7f8920000000-7f892060d000 rw-p 00000000 00:00 0 
7f892060d000-7f8924000000 ---p 00000000 00:00 0 
7f8924000000-7f8924021000 rw-p 00000000 00:00 0 
7f8924021000-7f8928000000 ---p 00000000 00:00 0 
7f8928000000-7f89285ef000 rw-p 00000000 00:00 0 
7f89285ef000-7f892c000000 ---p 00000000 00:00 0 
7f892c000000-7f892c021000 rw-p 00000000 00:00 0 
7f892c021000-7f8930000000 ---p 00000000 00:00 0 
7f8930000000-7f893004f000 rw-p 00000000 00:00 0 
7f893004f000-7f8934000000 ---p 00000000 00:00 0 
7f8934000000-7f8934021000 rw-p 00000000 00:00 0 
7f8934021000-7f8938000000 ---p 00000000 00:00 0 
7f8938000000-7f8938021000 rw-p 00000000 00:00 0 
7f8938021000-7f893c000000 ---p 00000000 00:00 0 
7f893c000000-7f893c021000 rw-p 00000000 00:00 0 
7f893c021000-7f8940000000 ---p 00000000 00:00 0 
7f89403b0000-7f8948000000 rw-p 00000000 00:00 0 
7f8948000000-7f8948021000 rw-p 00000000 00:00 0 
7f8948021000-7f894c000000 ---p 00000000 00:00 0 
7f894c000000-7f894c021000 rw-p 00000000 00:00 0 
7f894c021000-7f8950000000 ---p 00000000 00:00 0 
7f8950000000-7f8950021000 rw-p 00000000 00:00 0 
7f8950021000-7f8954000000 ---p 00000000 00:00 0 
7f8954fff000-7f8958000000 rw-p 00000000 00:00 0 
7f8958000000-7f8958021000 rw-p 00000000 00:00 0 
7f8958021000-7f895c000000 ---p 00000000 00:00 0 
7f895cbb9000-7f895cd39000 rw-p 00000000 00:00 0 
7f895cd39000-7f895cdb9000 ---p 00000000 00:00 0 
7f895cdb9000-7f895cfb9000 rw-p 00000000 00:00 0 
7f895cfca000-7f895cfcd000 ---p 00000000 00:00 0 
7f895cfcd000-7f895d0cb000 rw-p 00000000 00:00 0 
7f895d0cb000-7f895d0dc000 r-xp 00000000 08:12 13898510                   /usr/lib/jvm/java-8-openjdk-amd64/jre/lib/amd64/libnio.so
7f895d0dc000-7f895d2dc000 ---p 00011000 08:12 13898510                   /usr/lib/jvm/java-8-openjdk-amd64/jre/lib/amd64/libnio.so
7f895d2dc000-7f895d2dd000 r--p 00011000 08:12 13898510                   /usr/lib/jvm/java-8-openjdk-amd64/jre/lib/amd64/libnio.so
7f895d2dd000-7f895d2de000 rw-p 00012000 08:12 13898510                   /usr/lib/jvm/java-8-openjdk-amd64/jre/lib/amd64/libnio.so
7f895d2de000-7f895d4de000 rw-p 00000000 00:00 0 
7f895d4de000-7f895d6de000 rw-p 00000000 00:00 0 
7f895d79a000-7f895d79f000 r--s 0009d000 08:12 13898549                   /usr/lib/jvm/java-8-openjdk-amd64/jre/lib/jsse.jar
7f895d85a000-7f895da5a000 rw-p 00000000 00:00 0 
7f895da5a000-7f895da71000 r-xp 00000000 08:12 13898509                   /usr/lib/jvm/java-8-openjdk-amd64/jre/lib/amd64/libnet.so
7f895da71000-7f895dc70000 ---p 00017000 08:12 13898509                   /usr/lib/jvm/java-8-openjdk-amd64/jre/lib/amd64/libnet.so
7f895dc70000-7f895dc71000 r--p 00016000 08:12 13898509                   /usr/lib/jvm/java-8-openjdk-amd64/jre/lib/amd64/libnet.so
7f895dc71000-7f895dc72000 rw-p 00017000 08:12 13898509                   /usr/lib/jvm/java-8-openjdk-amd64/jre/lib/amd64/libnet.so
7f895dc72000-7f895dc7b000 r-xp 00000000 08:12 13898507                   /usr/lib/jvm/java-8-openjdk-amd64/jre/lib/amd64/libmanagement.so
7f895dc7b000-7f895de7a000 ---p 00009000 08:12 13898507                   /usr/lib/jvm/java-8-openjdk-amd64/jre/lib/amd64/libmanagement.so
7f895de7a000-7f895de7b000 r--p 00008000 08:12 13898507                   /usr/lib/jvm/java-8-openjdk-amd64/jre/lib/amd64/libmanagement.so
7f895de7b000-7f895de7c000 rw-p 00009000 08:12 13898507                   /usr/lib/jvm/java-8-openjdk-amd64/jre/lib/amd64/libmanagement.so
7f895de7c000-7f895e07c000 rw-p 00000000 00:00 0 
7f895e07c000-7f895e27c000 rw-p 00000000 00:00 0 
7f895e27c000-7f895e27f000 ---p 00000000 00:00 0 
7f895e27f000-7f895e37d000 rw-p 00000000 00:00 0 
7f895e37d000-7f895e380000 ---p 00000000 00:00 0 
7f895e380000-7f895e47e000 rw-p 00000000 00:00 0 
7f895e47e000-7f895e481000 ---p 00000000 00:00 0 
7f895e481000-7f895e57f000 rw-p 00000000 00:00 0 
7f895e57f000-7f895e580000 ---p 00000000 00:00 0 
7f895e580000-7f895e680000 rw-p 00000000 00:00 0 
7f895e680000-7f895e683000 ---p 00000000 00:00 0 
7f895e683000-7f895e781000 rw-p 00000000 00:00 0 
7f895e781000-7f895e784000 ---p 00000000 00:00 0 
7f895e784000-7f895e882000 rw-p 00000000 00:00 0 
7f895e882000-7f895e885000 ---p 00000000 00:00 0 
7f895e885000-7f895e983000 rw-p 00000000 00:00 0 
7f895e983000-7f895e986000 ---p 00000000 00:00 0 
7f895e986000-7f895ea84000 rw-p 00000000 00:00 0 
7f895ea84000-7f895ea87000 ---p 00000000 00:00 0 
7f895ea87000-7f895eb85000 rw-p 00000000 00:00 0 
7f895eb85000-7f895eb8c000 r--s 00064000 08:12 5767455                    /opt/idea-IC-181.5087.20/lib/rt/debugger-agent.jar
7f895eb8c000-7f895eb8e000 r--s 0001a000 08:12 5767384                    /opt/idea-IC-181.5087.20/lib/idea_rt.jar
7f895eb8e000-7f895eba5000 r--s 00173000 08:12 18613211                   /home/vsm22/.m2/repository/org/projectlombok/lombok/1.16.22/lombok-1.16.22.jar
7f895eba5000-7f895ebc5000 r--s 000fc000 08:12 18612750                   /home/vsm22/.m2/repository/org/springframework/boot/spring-boot-autoconfigure/2.0.3.RELEASE/spring-boot-autoconfigure-2.0.3.RELEASE.jar
7f895ebc5000-7f895ebda000 r--s 000cf000 08:12 18612752                   /home/vsm22/.m2/repository/org/springframework/boot/spring-boot/2.0.3.RELEASE/spring-boot-2.0.3.RELEASE.jar
7f895ebda000-7f895ebe0000 r--s 0002d000 08:12 18613226                   /home/vsm22/.m2/repository/org/springframework/boot/spring-boot-devtools/2.0.3.RELEASE/spring-boot-devtools-2.0.3.RELEASE.jar
7f895ebe0000-7f895ebe6000 r--s 00078000 08:12 18743669                   /home/vsm22/.m2/repository/com/fasterxml/woodstox/woodstox-core/5.0.3/woodstox-core-5.0.3.jar
7f895ebe6000-7f895ebea000 r--s 00024000 08:12 12190619                   /home/vsm22/.m2/repository/org/codehaus/woodstox/stax2-api/3.1.4/stax2-api-3.1.4.jar
7f895ebea000-7f895ebec000 r--s 00007000 08:12 18743667                   /home/vsm22/.m2/repository/com/fasterxml/jackson/module/jackson-module-jaxb-annotations/2.9.6/jackson-module-jaxb-annotations-2.9.6.jar
7f895ebec000-7f895ebf1000 r--s 0004b000 08:12 18612769                   /home/vsm22/.m2/repository/com/fasterxml/jackson/core/jackson-core/2.9.6/jackson-core-2.9.6.jar
7f895ebf1000-7f895ebf4000 r--s 00015000 08:12 18743665                   /home/vsm22/.m2/repository/com/fasterxml/jackson/dataformat/jackson-dataformat-xml/2.9.0/jackson-dataformat-xml-2.9.0.jar
7f895ebf4000-7f895ebf7000 r--s 0000e000 08:12 17959874                   /home/vsm22/.m2/repository/com/fasterxml/jackson/core/jackson-annotations/2.9.6/jackson-annotations-2.9.6.jar
7f895ebf7000-7f895ebff000 r--s 00072000 08:12 18612567                   /home/vsm22/.m2/repository/org/apache/commons/commons-lang3/3.7/commons-lang3-3.7.jar
7f895ebff000-7f895ec10000 r--s 0008c000 08:12 13500917                   /home/vsm22/.m2/repository/joda-time/joda-time/2.10/joda-time-2.10.jar
7f895ec10000-7f895ec11000 r--s 00000000 08:12 18612564                   /home/vsm22/.m2/repository/org/codehaus/mojo/animal-sniffer-annotations/1.14/animal-sniffer-annotations-1.14.jar
7f895ec11000-7f895ec13000 r--s 00001000 08:12 18612561                   /home/vsm22/.m2/repository/com/google/j2objc/j2objc-annotations/1.1/j2objc-annotations-1.1.jar
7f895ec13000-7f895ec15000 r--s 00002000 08:12 18612559                   /home/vsm22/.m2/repository/com/google/errorprone/error_prone_annotations/2.1.3/error_prone_annotations-2.1.3.jar
7f895ec15000-7f895ec27000 r--s 00042000 08:12 18612557                   /home/vsm22/.m2/repository/org/checkerframework/checker-qual/2.0.0/checker-qual-2.0.0.jar
7f895ec27000-7f895ec29000 r--s 00003000 08:12 13636496                   /home/vsm22/.m2/repository/com/google/code/findbugs/jsr305/3.0.2/jsr305-3.0.2.jar
7f895ec29000-7f895ec5b000 r--s 0026a000 08:12 18355655                   /home/vsm22/.m2/repository/com/google/guava/guava/25.1-jre/guava-25.1-jre.jar
7f895ec5b000-7f895ec60000 r--s 00034000 08:12 15206858                   /home/vsm22/.m2/repository/com/google/code/gson/gson/2.8.1/gson-2.8.1.jar
7f895ec60000-7f895ec73000 r--s 00137000 08:12 18612747                   /home/vsm22/.m2/repository/com/fasterxml/jackson/core/jackson-databind/2.9.6/jackson-databind-2.9.6.jar
7f895ec73000-7f895ec76000 r--s 00019000 08:12 15992939                   /home/vsm22/.m2/repository/io/jsonwebtoken/jjwt/0.9.0/jjwt-0.9.0.jar
7f895ec76000-7f895ec80000 r--s 000ec000 08:12 12977534                   /home/vsm22/.m2/repository/mysql/mysql-connector-java/5.1.46/mysql-connector-java-5.1.46.jar
7f895ec80000-7f895ec82000 r--s 0000a000 08:12 18613224                   /home/vsm22/.m2/repository/org/springframework/spring-aspects/5.0.7.RELEASE/spring-aspects-5.0.7.RELEASE.jar
7f895ec82000-7f895ec84000 r--s 00009000 08:12 12719792                   /home/vsm22/.m2/repository/org/slf4j/slf4j-api/1.7.25/slf4j-api-1.7.25.jar
7f895ec84000-7f895ec8c000 r--s 00037000 08:12 18613227                   /home/vsm22/.m2/repository/org/springframework/spring-tx/5.0.7.RELEASE/spring-tx-5.0.7.RELEASE.jar
7f895ec8c000-7f895ec90000 r--s 0002b000 08:12 18613219                   /home/vsm22/.m2/repository/org/springframework/spring-orm/5.0.7.RELEASE/spring-orm-5.0.7.RELEASE.jar
7f895ec90000-7f895eca7000 r--s 000f1000 08:12 18613217                   /home/vsm22/.m2/repository/org/springframework/data/spring-data-commons/2.0.8.RELEASE/spring-data-commons-2.0.8.RELEASE.jar
7f895eca7000-7f895ecaf000 r--s 0004b000 08:12 18613216                   /home/vsm22/.m2/repository/org/springframework/data/spring-data-jpa/2.0.8.RELEASE/spring-data-jpa-2.0.8.RELEASE.jar
7f895ecaf000-7f895ecb1000 r--s 00006000 08:12 12469433                   /home/vsm22/.m2/repository/javax/transaction/javax.transaction-api/1.2/javax.transaction-api-1.2.jar
7f895ecb1000-7f895ecb4000 r--s 00010000 08:12 17959144                   /home/vsm22/.m2/repository/org/hibernate/common/hibernate-commons-annotations/5.0.1.Final/hibernate-commons-annotations-5.0.1.Final.jar
7f895ecb4000-7f895ecb9000 r--s 00048000 08:12 13108690                   /home/vsm22/.m2/repository/dom4j/dom4j/1.6.1/dom4j-1.6.1.jar
7f895ecb9000-7f895ecbc000 r--s 0002b000 08:12 17959142                   /home/vsm22/.m2/repository/org/jboss/jandex/2.0.3.Final/jandex-2.0.3.Final.jar
7f895ecbc000-7f895ecc1000 r--s 00068000 08:12 13108688                   /home/vsm22/.m2/repository/antlr/antlr/2.7.7/antlr-2.7.7.jar
7f895ecc1000-7f895eccb000 r--s 000ab000 08:12 13108686                   /home/vsm22/.m2/repository/org/javassist/javassist/3.22.0-GA/javassist-3.22.0-GA.jar
7f895eccb000-7f895ecd0000 r--s 00017000 08:12 18613213                   /home/vsm22/.m2/repository/org/hibernate/javax/persistence/hibernate-jpa-2.1-api/1.0.2.Final/hibernate-jpa-2.1-api-1.0.2.Final.jar
7f895ecd0000-7f895ed4e000 r--s 005f0000 08:12 17959138                   /home/vsm22/.m2/repository/org/hibernate/hibernate-core/5.2.17.Final/hibernate-core-5.2.17.Final.jar
7f895ed4e000-7f895ed57000 r--s 00059000 08:12 18613207                   /home/vsm22/.m2/repository/org/springframework/spring-jdbc/5.0.7.RELEASE/spring-jdbc-5.0.7.RELEASE.jar
7f895ed57000-7f895ed5b000 r--s 00020000 08:12 12977532                   /home/vsm22/.m2/repository/com/zaxxer/HikariCP/2.7.9/HikariCP-2.7.9.jar
7f895ed5b000-7f895ed5c000 r--s 00000000 08:12 18613209                   /home/vsm22/.m2/repository/org/springframework/boot/spring-boot-starter-jdbc/2.0.3.RELEASE/spring-boot-starter-jdbc-2.0.3.RELEASE.jar
7f895ed5c000-7f895ed75000 r--s 001bf000 08:12 12850400                   /home/vsm22/.m2/repository/org/aspectj/aspectjweaver/1.8.13/aspectjweaver-1.8.13.jar
7f895ed75000-7f895ed83000 r--s 0006b000 08:12 18612761                   /home/vsm22/.m2/repository/org/springframework/security/spring-security-web/5.0.6.RELEASE/spring-security-web-5.0.6.RELEASE.jar
7f895ed83000-7f895ed8f000 r--s 0005c000 08:12 18612779                   /home/vsm22/.m2/repository/org/springframework/security/spring-security-core/5.0.6.RELEASE/spring-security-core-5.0.6.RELEASE.jar
7f895ed8f000-7f895ed9a000 r--s 0009e000 08:12 18612776                   /home/vsm22/.m2/repository/org/springframework/security/spring-security-config/5.0.6.RELEASE/spring-security-config-5.0.6.RELEASE.jar
7f895ed9a000-7f895eda3000 r--s 00051000 08:12 18219381                   /home/vsm22/.m2/repository/org/springframework/spring-aop/5.0.7.RELEASE/spring-aop-5.0.7.RELEASE.jar
7f895eda3000-7f895eda8000 r--s 00040000 08:12 18219375                   /home/vsm22/.m2/repository/org/springframework/spring-expression/5.0.7.RELEASE/spring-expression-5.0.7.RELEASE.jar
7f895eda8000-7f895edc2000 r--s 000f1000 08:12 18219372                   /home/vsm22/.m2/repository/org/springframework/spring-context/5.0.7.RELEASE/spring-context-5.0.7.RELEASE.jar
7f895edc2000-7f895edd1000 r--s 000b2000 08:12 18219361                   /home/vsm22/.m2/repository/org/springframework/spring-webmvc/5.0.7.RELEASE/spring-webmvc-5.0.7.RELEASE.jar
7f895edd1000-7f895edeb000 r--s 00119000 08:12 18219370                   /home/vsm22/.m2/repository/org/springframework/spring-web/5.0.7.RELEASE/spring-web-5.0.7.RELEASE.jar
7f895edeb000-7f895edee000 ---p 00000000 00:00 0 
7f895edee000-7f895eeec000 rw-p 00000000 00:00 0 
7f895eeec000-7f895eeef000 ---p 00000000 00:00 0 
7f895eeef000-7f895efed000 rw-p 00000000 00:00 0 
7f895efed000-7f895eff0000 ---p 00000000 00:00 0 
7f895eff0000-7f895f0ee000 rw-p 00000000 00:00 0 
7f895f0ee000-7f895f0f2000 r-xp 00000000 08:12 13898490                   /usr/lib/jvm/java-8-openjdk-amd64/jre/lib/amd64/libdt_socket.so
7f895f0f2000-7f895f2f1000 ---p 00004000 08:12 13898490                   /usr/lib/jvm/java-8-openjdk-amd64/jre/lib/amd64/libdt_socket.so
7f895f2f1000-7f895f2f2000 r--p 00003000 08:12 13898490                   /usr/lib/jvm/java-8-openjdk-amd64/jre/lib/amd64/libdt_socket.so
7f895f2f2000-7f895f2f3000 rw-p 00004000 08:12 13898490                   /usr/lib/jvm/java-8-openjdk-amd64/jre/lib/amd64/libdt_socket.so
7f895f2f3000-7f895f2f6000 ---p 00000000 00:00 0 
7f895f2f6000-7f895f3f4000 rw-p 00000000 00:00 0 
7f895f3f4000-7f895f3f7000 ---p 00000000 00:00 0 
7f895f3f7000-7f895f4f5000 rw-p 00000000 00:00 0 
7f895f4f5000-7f895f4f8000 ---p 00000000 00:00 0 
7f895f4f8000-7f895f5f6000 rw-p 00000000 00:00 0 
7f895f5f6000-7f895f5f7000 ---p 00000000 00:00 0 
7f895f5f7000-7f8960000000 rw-p 00000000 00:00 0 
7f8960000000-7f8960021000 rw-p 00000000 00:00 0 
7f8960021000-7f8964000000 ---p 00000000 00:00 0 
7f8964000000-7f8964021000 rw-p 00000000 00:00 0 
7f8964021000-7f8968000000 ---p 00000000 00:00 0 
7f8968000000-7f8968021000 rw-p 00000000 00:00 0 
7f8968021000-7f896c000000 ---p 00000000 00:00 0 
7f896c000000-7f896c021000 rw-p 00000000 00:00 0 
7f896c021000-7f8970000000 ---p 00000000 00:00 0 
7f8970000000-7f8970021000 rw-p 00000000 00:00 0 
7f8970021000-7f8974000000 ---p 00000000 00:00 0 
7f8974000000-7f8974001000 r--s 00000000 08:12 18613205                   /home/vsm22/.m2/repository/org/springframework/boot/spring-boot-starter-aop/2.0.3.RELEASE/spring-boot-starter-aop-2.0.3.RELEASE.jar
7f8974001000-7f8974002000 r--s 00000000 08:12 18613203                   /home/vsm22/.m2/repository/org/springframework/boot/spring-boot-starter-data-jpa/2.0.3.RELEASE/spring-boot-starter-data-jpa-2.0.3.RELEASE.jar
7f8974002000-7f8974003000 r--s 00000000 08:12 18612772                   /home/vsm22/.m2/repository/org/springframework/boot/spring-boot-starter-security/2.0.3.RELEASE/spring-boot-starter-security-2.0.3.RELEASE.jar
7f8974003000-7f897400f000 r--s 00096000 08:12 18219425                   /home/vsm22/.m2/repository/org/springframework/spring-beans/5.0.7.RELEASE/spring-beans-5.0.7.RELEASE.jar
7f897400f000-7f8974011000 r--s 0000e000 08:12 17959123                   /home/vsm22/.m2/repository/com/fasterxml/classmate/1.3.4/classmate-1.3.4.jar
7f8974011000-7f8974013000 r--s 0000f000 08:12 17959120                   /home/vsm22/.m2/repository/org/jboss/logging/jboss-logging/3.3.2.Final/jboss-logging-3.3.2.Final.jar
7f8974013000-7f8974018000 r--s 00012000 08:12 17959118                   /home/vsm22/.m2/repository/javax/validation/validation-api/2.0.1.Final/validation-api-2.0.1.Final.jar
7f8974018000-7f8974034000 r--s 000f9000 08:12 18612770                   /home/vsm22/.m2/repository/org/hibernate/validator/hibernate-validator/6.0.10.Final/hibernate-validator-6.0.10.Final.jar
7f8974034000-7f8974039000 r--s 0003a000 08:12 17959115                   /home/vsm22/.m2/repository/org/apache/tomcat/embed/tomcat-embed-websocket/8.5.31/tomcat-embed-websocket-8.5.31.jar
7f8974039000-7f897403d000 r--s 00037000 08:12 17959112                   /home/vsm22/.m2/repository/org/apache/tomcat/embed/tomcat-embed-el/8.5.31/tomcat-embed-el-8.5.31.jar
7f897403d000-7f8974066000 r--s 002d0000 08:12 17959111                   /home/vsm22/.m2/repository/org/apache/tomcat/embed/tomcat-embed-core/8.5.31/tomcat-embed-core-8.5.31.jar
7f8974066000-7f8974067000 r--s 00000000 08:12 18612764                   /home/vsm22/.m2/repository/org/springframework/boot/spring-boot-starter-tomcat/2.0.3.RELEASE/spring-boot-starter-tomcat-2.0.3.RELEASE.jar
7f8974067000-7f8974069000 r--s 00001000 08:12 18612751                   /home/vsm22/.m2/repository/com/fasterxml/jackson/module/jackson-module-parameter-names/2.9.6/jackson-module-parameter-names-2.9.6.jar
7f8974069000-7f897406c000 r--s 00016000 08:12 18612766                   /home/vsm22/.m2/repository/com/fasterxml/jackson/datatype/jackson-datatype-jsr310/2.9.6/jackson-datatype-jsr310-2.9.6.jar
7f897406c000-7f897406e000 r--s 00007000 08:12 18612762                   /home/vsm22/.m2/repository/com/fasterxml/jackson/datatype/jackson-datatype-jdk8/2.9.6/jackson-datatype-jdk8-2.9.6.jar
7f897406e000-7f8974075000 r--s 00042000 08:12 17959347                   /home/vsm22/.m2/repository/org/yaml/snakeyaml/1.19/snakeyaml-1.19.jar
7f8974075000-7f8974077000 r--s 00004000 08:12 18090644                   /home/vsm22/.m2/repository/org/springframework/spring-jcl/5.0.7.RELEASE/spring-jcl-5.0.7.RELEASE.jar
7f8974077000-7f897408f000 r--s 00114000 08:12 18090646                   /home/vsm22/.m2/repository/org/springframework/spring-core/5.0.7.RELEASE/spring-core-5.0.7.RELEASE.jar
7f897408f000-7f8974091000 r--s 00005000 08:12 17959092                   /home/vsm22/.m2/repository/javax/annotation/javax.annotation-api/1.3.2/javax.annotation-api-1.3.2.jar
7f8974091000-7f8974093000 r--s 00000000 08:12 17959090                   /home/vsm22/.m2/repository/org/slf4j/jul-to-slf4j/1.7.25/jul-to-slf4j-1.7.25.jar
7f8974093000-7f8974099000 r--s 00039000 08:12 17959088                   /home/vsm22/.m2/repository/org/apache/logging/log4j/log4j-api/2.10.0/log4j-api-2.10.0.jar
7f8974099000-7f897409b000 r--s 00003000 08:12 17959086                   /home/vsm22/.m2/repository/org/apache/logging/log4j/log4j-to-slf4j/2.10.0/log4j-to-slf4j-2.10.0.jar
7f897409b000-7f89740a6000 r--s 00069000 08:12 17959085                   /home/vsm22/.m2/repository/ch/qos/logback/logback-core/1.2.3/logback-core-1.2.3.jar
7f89740a6000-7f89740ac000 r--s 00041000 08:12 17959082                   /home/vsm22/.m2/repository/ch/qos/logback/logback-classic/1.2.3/logback-classic-1.2.3.jar
7f89740ac000-7f897530c000 rw-p 00000000 00:00 0 
7f897530c000-7f89754db000 r--s 03c2f000 08:12 13898554                   /usr/lib/jvm/java-8-openjdk-amd64/jre/lib/rt.jar
7f89754db000-7f8975551000 rw-p 00000000 00:00 0 
7f8975551000-7f8976516000 rw-p 00000000 00:00 0 
7f8976516000-7f8976517000 ---p 00000000 00:00 0 
7f8976517000-7f8976617000 rw-p 00000000 00:00 0 
7f8976617000-7f8976618000 ---p 00000000 00:00 0 
7f8976618000-7f8976718000 rw-p 00000000 00:00 0 
7f8976718000-7f8976719000 ---p 00000000 00:00 0 
7f8976719000-7f8976819000 rw-p 00000000 00:00 0 
7f8976819000-7f897681a000 ---p 00000000 00:00 0 
7f897681a000-7f897691a000 rw-p 00000000 00:00 0 
7f897691a000-7f897691b000 ---p 00000000 00:00 0 
7f897691b000-7f8976a1b000 rw-p 00000000 00:00 0 
7f8976a1b000-7f8976a1c000 ---p 00000000 00:00 0 
7f8976a1c000-7f8976b1c000 rw-p 00000000 00:00 0 
7f8976b1c000-7f8976b1d000 ---p 00000000 00:00 0 
7f8976b1d000-7f8976c1d000 rw-p 00000000 00:00 0 
7f8976c1d000-7f8976c1e000 ---p 00000000 00:00 0 
7f8976c1e000-7f8976d1e000 rw-p 00000000 00:00 0 
7f8976d1e000-7f8976d49000 rw-p 00000000 00:00 0 
7f8976d49000-7f8976d72000 ---p 00000000 00:00 0 
7f8976d72000-7f897724c000 ---p 00000000 00:00 0 
7f897724c000-7f8977277000 rw-p 00000000 00:00 0 
7f8977277000-7f89772a0000 ---p 00000000 00:00 0 
7f89772a0000-7f897777a000 ---p 00000000 00:00 0 
7f897777a000-7f89777c3000 rw-p 00000000 00:00 0 
7f89777c3000-7f8977a11000 ---p 00000000 00:00 0 
7f8977a11000-7f8977a2f000 rw-p 00000000 00:00 0 
7f8977a2f000-7f8977dd2000 ---p 00000000 00:00 0 
7f8977dd2000-7f89784e2000 rwxp 00000000 00:00 0 
7f89784e2000-7f8986dd2000 ---p 00000000 00:00 0 
7f8986dd2000-7f8986dda000 r-xp 00000000 08:12 13898517                   /usr/lib/jvm/java-8-openjdk-amd64/jre/lib/amd64/libzip.so
7f8986dda000-7f8986fd9000 ---p 00008000 08:12 13898517                   /usr/lib/jvm/java-8-openjdk-amd64/jre/lib/amd64/libzip.so
7f8986fd9000-7f8986fda000 r--p 00007000 08:12 13898517                   /usr/lib/jvm/java-8-openjdk-amd64/jre/lib/amd64/libzip.so
7f8986fda000-7f8986fdb000 rw-p 00008000 08:12 13898517                   /usr/lib/jvm/java-8-openjdk-amd64/jre/lib/amd64/libzip.so
7f8986fdb000-7f8986fe5000 r-xp 00000000 08:12 3932178                    /lib/x86_64-linux-gnu/libnss_files-2.24.so
7f8986fe5000-7f89871e5000 ---p 0000a000 08:12 3932178                    /lib/x86_64-linux-gnu/libnss_files-2.24.so
7f89871e5000-7f89871e6000 r--p 0000a000 08:12 3932178                    /lib/x86_64-linux-gnu/libnss_files-2.24.so
7f89871e6000-7f89871e7000 rw-p 0000b000 08:12 3932178                    /lib/x86_64-linux-gnu/libnss_files-2.24.so
7f89871e7000-7f89871ed000 rw-p 00000000 00:00 0 
7f89871ed000-7f89871f8000 r-xp 00000000 08:12 3932180                    /lib/x86_64-linux-gnu/libnss_nis-2.24.so
7f89871f8000-7f89873f7000 ---p 0000b000 08:12 3932180                    /lib/x86_64-linux-gnu/libnss_nis-2.24.so
7f89873f7000-7f89873f8000 r--p 0000a000 08:12 3932180                    /lib/x86_64-linux-gnu/libnss_nis-2.24.so
7f89873f8000-7f89873f9000 rw-p 0000b000 08:12 3932180                    /lib/x86_64-linux-gnu/libnss_nis-2.24.so
7f89873f9000-7f898740d000 r-xp 00000000 08:12 3932175                    /lib/x86_64-linux-gnu/libnsl-2.24.so
7f898740d000-7f898760d000 ---p 00014000 08:12 3932175                    /lib/x86_64-linux-gnu/libnsl-2.24.so
7f898760d000-7f898760e000 r--p 00014000 08:12 3932175                    /lib/x86_64-linux-gnu/libnsl-2.24.so
7f898760e000-7f898760f000 rw-p 00015000 08:12 3932175                    /lib/x86_64-linux-gnu/libnsl-2.24.so
7f898760f000-7f8987611000 rw-p 00000000 00:00 0 
7f8987611000-7f8987618000 r-xp 00000000 08:12 3932176                    /lib/x86_64-linux-gnu/libnss_compat-2.24.so
7f8987618000-7f8987817000 ---p 00007000 08:12 3932176                    /lib/x86_64-linux-gnu/libnss_compat-2.24.so
7f8987817000-7f8987818000 r--p 00006000 08:12 3932176                    /lib/x86_64-linux-gnu/libnss_compat-2.24.so
7f8987818000-7f8987819000 rw-p 00007000 08:12 3932176                    /lib/x86_64-linux-gnu/libnss_compat-2.24.so
7f8987819000-7f8987823000 r-xp 00000000 08:12 13898493                   /usr/lib/jvm/java-8-openjdk-amd64/jre/lib/amd64/libinstrument.so
7f8987823000-7f8987a22000 ---p 0000a000 08:12 13898493                   /usr/lib/jvm/java-8-openjdk-amd64/jre/lib/amd64/libinstrument.so
7f8987a22000-7f8987a23000 r--p 00009000 08:12 13898493                   /usr/lib/jvm/java-8-openjdk-amd64/jre/lib/amd64/libinstrument.so
7f8987a23000-7f8987a24000 rw-p 0000a000 08:12 13898493                   /usr/lib/jvm/java-8-openjdk-amd64/jre/lib/amd64/libinstrument.so
7f8987a24000-7f8987bbf000 r--p 00000000 08:12 13239515                   /usr/lib/locale/locale-archive
7f8987bbf000-7f8987bc1000 r-xp 00000000 08:12 13898511                   /usr/lib/jvm/java-8-openjdk-amd64/jre/lib/amd64/libnpt.so
7f8987bc1000-7f8987dc1000 ---p 00002000 08:12 13898511                   /usr/lib/jvm/java-8-openjdk-amd64/jre/lib/amd64/libnpt.so
7f8987dc1000-7f8987dc2000 r--p 00002000 08:12 13898511                   /usr/lib/jvm/java-8-openjdk-amd64/jre/lib/amd64/libnpt.so
7f8987dc2000-7f8987dc3000 rw-p 00003000 08:12 13898511                   /usr/lib/jvm/java-8-openjdk-amd64/jre/lib/amd64/libnpt.so
7f8987dc3000-7f8987dfe000 r-xp 00000000 08:12 13898503                   /usr/lib/jvm/java-8-openjdk-amd64/jre/lib/amd64/libjdwp.so
7f8987dfe000-7f8987ffe000 ---p 0003b000 08:12 13898503                   /usr/lib/jvm/java-8-openjdk-amd64/jre/lib/amd64/libjdwp.so
7f8987ffe000-7f8987fff000 r--p 0003b000 08:12 13898503                   /usr/lib/jvm/java-8-openjdk-amd64/jre/lib/amd64/libjdwp.so
7f8987fff000-7f8988000000 rw-p 0003c000 08:12 13898503                   /usr/lib/jvm/java-8-openjdk-amd64/jre/lib/amd64/libjdwp.so
7f8988000000-7f8988c09000 rw-p 00000000 00:00 0 
7f8988c09000-7f898c000000 ---p 00000000 00:00 0 
7f898c000000-7f898c001000 r--s 00000000 08:12 18612757                   /home/vsm22/.m2/repository/org/springframework/boot/spring-boot-starter-json/2.0.3.RELEASE/spring-boot-starter-json-2.0.3.RELEASE.jar
7f898c001000-7f898c002000 r--s 00000000 08:12 18612754                   /home/vsm22/.m2/repository/org/springframework/boot/spring-boot-starter-logging/2.0.3.RELEASE/spring-boot-starter-logging-2.0.3.RELEASE.jar
7f898c002000-7f898c003000 r--s 00000000 08:12 18612774                   /home/vsm22/.m2/repository/org/springframework/boot/spring-boot-starter/2.0.3.RELEASE/spring-boot-starter-2.0.3.RELEASE.jar
7f898c003000-7f898c004000 r--s 00000000 08:12 18612746                   /home/vsm22/.m2/repository/org/springframework/boot/spring-boot-starter-web/2.0.3.RELEASE/spring-boot-starter-web-2.0.3.RELEASE.jar
7f898c004000-7f898c017000 r--s 00346000 08:12 13898553                   /usr/lib/jvm/java-8-openjdk-amd64/jre/lib/resources.jar
7f898c017000-7f898c032000 r--s 001d6000 08:12 13898533                   /usr/lib/jvm/java-8-openjdk-amd64/jre/lib/ext/nashorn.jar
7f898c032000-7f898c05f000 r-xp 00000000 08:12 13898498                   /usr/lib/jvm/java-8-openjdk-amd64/jre/lib/amd64/libjava.so
7f898c05f000-7f898c25f000 ---p 0002d000 08:12 13898498                   /usr/lib/jvm/java-8-openjdk-amd64/jre/lib/amd64/libjava.so
7f898c25f000-7f898c260000 r--p 0002d000 08:12 13898498                   /usr/lib/jvm/java-8-openjdk-amd64/jre/lib/amd64/libjava.so
7f898c260000-7f898c262000 rw-p 0002e000 08:12 13898498                   /usr/lib/jvm/java-8-openjdk-amd64/jre/lib/amd64/libjava.so
7f898c262000-7f898c271000 r-xp 00000000 08:12 13898516                   /usr/lib/jvm/java-8-openjdk-amd64/jre/lib/amd64/libverify.so
7f898c271000-7f898c471000 ---p 0000f000 08:12 13898516                   /usr/lib/jvm/java-8-openjdk-amd64/jre/lib/amd64/libverify.so
7f898c471000-7f898c473000 r--p 0000f000 08:12 13898516                   /usr/lib/jvm/java-8-openjdk-amd64/jre/lib/amd64/libverify.so
7f898c473000-7f898c474000 rw-p 00011000 08:12 13898516                   /usr/lib/jvm/java-8-openjdk-amd64/jre/lib/amd64/libverify.so
7f898c474000-7f898c47b000 r-xp 00000000 08:12 3932185                    /lib/x86_64-linux-gnu/librt-2.24.so
7f898c47b000-7f898c67a000 ---p 00007000 08:12 3932185                    /lib/x86_64-linux-gnu/librt-2.24.so
7f898c67a000-7f898c67b000 r--p 00006000 08:12 3932185                    /lib/x86_64-linux-gnu/librt-2.24.so
7f898c67b000-7f898c67c000 rw-p 00007000 08:12 3932185                    /lib/x86_64-linux-gnu/librt-2.24.so
7f898c67c000-7f898c692000 r-xp 00000000 08:12 3932164                    /lib/x86_64-linux-gnu/libgcc_s.so.1
7f898c692000-7f898c891000 ---p 00016000 08:12 3932164                    /lib/x86_64-linux-gnu/libgcc_s.so.1
7f898c891000-7f898c892000 r--p 00015000 08:12 3932164                    /lib/x86_64-linux-gnu/libgcc_s.so.1
7f898c892000-7f898c893000 rw-p 00016000 08:12 3932164                    /lib/x86_64-linux-gnu/libgcc_s.so.1
7f898c893000-7f898c996000 r-xp 00000000 08:12 3932172                    /lib/x86_64-linux-gnu/libm-2.24.so
7f898c996000-7f898cb95000 ---p 00103000 08:12 3932172                    /lib/x86_64-linux-gnu/libm-2.24.so
7f898cb95000-7f898cb96000 r--p 00102000 08:12 3932172                    /lib/x86_64-linux-gnu/libm-2.24.so
7f898cb96000-7f898cb97000 rw-p 00103000 08:12 3932172                    /lib/x86_64-linux-gnu/libm-2.24.so
7f898cb97000-7f898cd09000 r-xp 00000000 08:12 13243667                   /usr/lib/x86_64-linux-gnu/libstdc++.so.6.0.22
7f898cd09000-7f898cf09000 ---p 00172000 08:12 13243667                   /usr/lib/x86_64-linux-gnu/libstdc++.so.6.0.22
7f898cf09000-7f898cf13000 r--p 00172000 08:12 13243667                   /usr/lib/x86_64-linux-gnu/libstdc++.so.6.0.22
7f898cf13000-7f898cf15000 rw-p 0017c000 08:12 13243667                   /usr/lib/x86_64-linux-gnu/libstdc++.so.6.0.22
7f898cf15000-7f898cf19000 rw-p 00000000 00:00 0 
7f898cf19000-7f898db73000 r-xp 00000000 08:12 13898519                   /usr/lib/jvm/java-8-openjdk-amd64/jre/lib/amd64/server/libjvm.so
7f898db73000-7f898dd72000 ---p 00c5a000 08:12 13898519                   /usr/lib/jvm/java-8-openjdk-amd64/jre/lib/amd64/server/libjvm.so
7f898dd72000-7f898de06000 r--p 00c59000 08:12 13898519                   /usr/lib/jvm/java-8-openjdk-amd64/jre/lib/amd64/server/libjvm.so
7f898de06000-7f898de2f000 rw-p 00ced000 08:12 13898519                   /usr/lib/jvm/java-8-openjdk-amd64/jre/lib/amd64/server/libjvm.so
7f898de2f000-7f898de5f000 rw-p 00000000 00:00 0 
7f898de5f000-7f898dff4000 r-xp 00000000 08:12 3932168                    /lib/x86_64-linux-gnu/libc-2.24.so
7f898dff4000-7f898e1f4000 ---p 00195000 08:12 3932168                    /lib/x86_64-linux-gnu/libc-2.24.so
7f898e1f4000-7f898e1f8000 r--p 00195000 08:12 3932168                    /lib/x86_64-linux-gnu/libc-2.24.so
7f898e1f8000-7f898e1fa000 rw-p 00199000 08:12 3932168                    /lib/x86_64-linux-gnu/libc-2.24.so
7f898e1fa000-7f898e1fe000 rw-p 00000000 00:00 0 
7f898e1fe000-7f898e201000 r-xp 00000000 08:12 3932171                    /lib/x86_64-linux-gnu/libdl-2.24.so
7f898e201000-7f898e400000 ---p 00003000 08:12 3932171                    /lib/x86_64-linux-gnu/libdl-2.24.so
7f898e400000-7f898e401000 r--p 00002000 08:12 3932171                    /lib/x86_64-linux-gnu/libdl-2.24.so
7f898e401000-7f898e402000 rw-p 00003000 08:12 3932171                    /lib/x86_64-linux-gnu/libdl-2.24.so
7f898e402000-7f898e40f000 r-xp 00000000 08:12 13898482                   /usr/lib/jvm/java-8-openjdk-amd64/jre/lib/amd64/jli/libjli.so
7f898e40f000-7f898e60f000 ---p 0000d000 08:12 13898482                   /usr/lib/jvm/java-8-openjdk-amd64/jre/lib/amd64/jli/libjli.so
7f898e60f000-7f898e610000 r--p 0000d000 08:12 13898482                   /usr/lib/jvm/java-8-openjdk-amd64/jre/lib/amd64/jli/libjli.so
7f898e610000-7f898e611000 rw-p 0000e000 08:12 13898482                   /usr/lib/jvm/java-8-openjdk-amd64/jre/lib/amd64/jli/libjli.so
7f898e611000-7f898e62a000 r-xp 00000000 08:12 3932250                    /lib/x86_64-linux-gnu/libz.so.1.2.8
7f898e62a000-7f898e829000 ---p 00019000 08:12 3932250                    /lib/x86_64-linux-gnu/libz.so.1.2.8
7f898e829000-7f898e82a000 r--p 00018000 08:12 3932250                    /lib/x86_64-linux-gnu/libz.so.1.2.8
7f898e82a000-7f898e82b000 rw-p 00019000 08:12 3932250                    /lib/x86_64-linux-gnu/libz.so.1.2.8
7f898e82b000-7f898e843000 r-xp 00000000 08:12 3932183                    /lib/x86_64-linux-gnu/libpthread-2.24.so
7f898e843000-7f898ea42000 ---p 00018000 08:12 3932183                    /lib/x86_64-linux-gnu/libpthread-2.24.so
7f898ea42000-7f898ea43000 r--p 00017000 08:12 3932183                    /lib/x86_64-linux-gnu/libpthread-2.24.so
7f898ea43000-7f898ea44000 rw-p 00018000 08:12 3932183                    /lib/x86_64-linux-gnu/libpthread-2.24.so
7f898ea44000-7f898ea48000 rw-p 00000000 00:00 0 
7f898ea48000-7f898ea6b000 r-xp 00000000 08:12 3932163                    /lib/x86_64-linux-gnu/ld-2.24.so
7f898ea6b000-7f898ea6c000 r--s 00000000 08:12 13898551                   /usr/lib/jvm/java-8-openjdk-amd64/jre/lib/management-agent.jar
7f898ea6c000-7f898ea71000 r--s 0009d000 08:12 13898549                   /usr/lib/jvm/java-8-openjdk-amd64/jre/lib/jsse.jar
7f898ea71000-7f898ea73000 r--s 00016000 08:12 13898547                   /usr/lib/jvm/java-8-openjdk-amd64/jre/lib/jce.jar
7f898ea73000-7f898ea78000 r--s 002f9000 08:12 13898520                   /usr/lib/jvm/java-8-openjdk-amd64/jre/lib/charsets.jar
7f898ea78000-7f898ea7a000 r--s 00008000 08:12 13898534                   /usr/lib/jvm/java-8-openjdk-amd64/jre/lib/ext/sunec.jar
7f898ea7a000-7f898ea95000 r--s 00394000 08:12 13898528                   /usr/lib/jvm/java-8-openjdk-amd64/jre/lib/ext/cldrdata.jar
7f898ea95000-7f898ea98000 r--s 0000f000 08:12 13898530                   /usr/lib/jvm/java-8-openjdk-amd64/jre/lib/ext/icedtea-sound.jar
7f898ea98000-7f898ea9a000 r--s 00001000 08:12 13898529                   /usr/lib/jvm/java-8-openjdk-amd64/jre/lib/ext/dnsns.jar
7f898ea9a000-7f898eaa0000 r--s 0003b000 08:12 13898535                   /usr/lib/jvm/java-8-openjdk-amd64/jre/lib/ext/sunjce_provider.jar
7f898eaa0000-7f898eafb000 rw-p 00000000 00:00 0 
7f898eafb000-7f898eb49000 rw-p 00000000 00:00 0 
7f898eb49000-7f898eb4c000 ---p 00000000 00:00 0 
7f898eb4c000-7f898ec4c000 rw-p 00000000 00:00 0 
7f898ec4c000-7f898ec4d000 r--s 0000a000 08:12 13898531                   /usr/lib/jvm/java-8-openjdk-amd64/jre/lib/ext/jaccess.jar
7f898ec4d000-7f898ec50000 r--s 00038000 08:12 13898536                   /usr/lib/jvm/java-8-openjdk-amd64/jre/lib/ext/sunpkcs11.jar
7f898ec50000-7f898ec51000 r--s 00010000 08:12 13898537                   /usr/lib/jvm/java-8-openjdk-amd64/jre/lib/ext/zipfs.jar
7f898ec51000-7f898ec53000 r--s 00007000 08:12 13770649                   /usr/share/java/java-atk-wrapper.jar
7f898ec53000-7f898ec5d000 r--s 00116000 08:12 13898532                   /usr/lib/jvm/java-8-openjdk-amd64/jre/lib/ext/localedata.jar
7f898ec5d000-7f898ec5e000 r--s 00002000 08:12 5767454                    /opt/idea-IC-181.5087.20/lib/rt/debugger-agent-storage.jar
7f898ec5e000-7f898ec66000 rw-s 00000000 08:12 19924221                   /tmp/hsperfdata_vsm22/11607
7f898ec66000-7f898ec67000 rw-p 00000000 00:00 0 
7f898ec67000-7f898ec68000 r--p 00000000 00:00 0 
7f898ec68000-7f898ec6b000 rw-p 00000000 00:00 0 
7f898ec6b000-7f898ec6c000 r--p 00023000 08:12 3932163                    /lib/x86_64-linux-gnu/ld-2.24.so
7f898ec6c000-7f898ec6d000 rw-p 00024000 08:12 3932163                    /lib/x86_64-linux-gnu/ld-2.24.so
7f898ec6d000-7f898ec6e000 rw-p 00000000 00:00 0 
7ffe85a18000-7ffe85a3b000 rw-p 00000000 00:00 0                          [stack]
7ffe85a65000-7ffe85a67000 r--p 00000000 00:00 0                          [vvar]
7ffe85a67000-7ffe85a69000 r-xp 00000000 00:00 0                          [vdso]
ffffffffff600000-ffffffffff601000 r-xp 00000000 00:00 0                  [vsyscall]

VM Arguments:
jvm_args: -agentlib:jdwp=transport=dt_socket,address=127.0.0.1:41873,suspend=y,server=n -javaagent:/opt/idea-IC-181.5087.20/lib/rt/debugger-agent.jar=file:/tmp/capture.props -Dfile.encoding=UTF-8 
java_command: anvil.Application
java_class_path (initial): /usr/lib/jvm/java-8-openjdk-amd64/jre/lib/charsets.jar:/usr/lib/jvm/java-8-openjdk-amd64/jre/lib/ext/cldrdata.jar:/usr/lib/jvm/java-8-openjdk-amd64/jre/lib/ext/dnsns.jar:/usr/lib/jvm/java-8-openjdk-amd64/jre/lib/ext/icedtea-sound.jar:/usr/lib/jvm/java-8-openjdk-amd64/jre/lib/ext/jaccess.jar:/usr/lib/jvm/java-8-openjdk-amd64/jre/lib/ext/java-atk-wrapper.jar:/usr/lib/jvm/java-8-openjdk-amd64/jre/lib/ext/localedata.jar:/usr/lib/jvm/java-8-openjdk-amd64/jre/lib/ext/nashorn.jar:/usr/lib/jvm/java-8-openjdk-amd64/jre/lib/ext/sunec.jar:/usr/lib/jvm/java-8-openjdk-amd64/jre/lib/ext/sunjce_provider.jar:/usr/lib/jvm/java-8-openjdk-amd64/jre/lib/ext/sunpkcs11.jar:/usr/lib/jvm/java-8-openjdk-amd64/jre/lib/ext/zipfs.jar:/usr/lib/jvm/java-8-openjdk-amd64/jre/lib/jce.jar:/usr/lib/jvm/java-8-openjdk-amd64/jre/lib/jsse.jar:/usr/lib/jvm/java-8-openjdk-amd64/jre/lib/management-agent.jar:/usr/lib/jvm/java-8-openjdk-amd64/jre/lib/resources.jar:/usr/lib/jvm/java-8-openjdk-amd64/jre/lib/rt.jar:/home/vsm22/ws/Anvil/target/classes:/home/vsm22/.m2/repository/org/springframework/boot/spring-boot-starter-web/2.0.3.RELEASE/spring-boot-starter-web-2.0.3.RELEASE.jar:/home/vsm22/.m2/repository/org/springframework/boot/spring-boot-starter/2.0.3.RELEASE/spring-boot-starter-2.0.3.RELEASE.jar:/home/vsm22/.m2/repository/org/springframework/boot/spring-boot-starter-logging/2.0.3.RELEASE/spring-boot-starter-logging-2.0.3.RELEASE.jar:/home/vsm22/.m2/repository/ch/qos/logback/logback-classic/1.2.3/logback-classic-1.2.3.jar:/home/vsm22/.m2/repository/ch/qos/logback/logback-core/1.2.3/logback-core-1.2.3.jar:/home/vsm22/.m2/repository/org/apache/logging/log4j/log4j-to-slf4j/2.10.0/log4j-to-slf4j-2.10.0.jar:/home/vsm22/.m2/repository/org/apache/logging/log4j/log4j-api/2.10.0/log4j-api-2.10.0.jar:/home/vsm22/.m2/repository/org/slf4j/jul-to-slf4j/1.7.25/jul-to-slf4j-1.7.25.jar:/home/vsm22/.m2/repository/javax/annotation/javax.annotation-api/1.3.2/javax.annotation-api-1.3.2.jar:/home/v
Launcher Type: SUN_STANDARD

Environment Variables:
PATH=/usr/local/bin:/usr/bin:/bin:/usr/local/games:/usr/games
USERNAME=vsm22
SHELL=/bin/bash
DISPLAY=:0

Signal Handlers:
SIGSEGV: [libjvm.so+0xa71730], sa_mask[0]=11111111011111111101111111111110, sa_flags=SA_RESTART|SA_SIGINFO
SIGBUS: [libjvm.so+0xa71730], sa_mask[0]=11111111011111111101111111111110, sa_flags=SA_RESTART|SA_SIGINFO
SIGFPE: [libjvm.so+0x8ba250], sa_mask[0]=11111111011111111101111111111110, sa_flags=SA_RESTART|SA_SIGINFO
SIGPIPE: [libjvm.so+0x8ba250], sa_mask[0]=11111111011111111101111111111110, sa_flags=SA_RESTART|SA_SIGINFO
SIGXFSZ: [libjvm.so+0x8ba250], sa_mask[0]=11111111011111111101111111111110, sa_flags=SA_RESTART|SA_SIGINFO
SIGILL: [libjvm.so+0x8ba250], sa_mask[0]=11111111011111111101111111111110, sa_flags=SA_RESTART|SA_SIGINFO
SIGUSR1: SIG_DFL, sa_mask[0]=00000000000000000000000000000000, sa_flags=none
SIGUSR2: [libjvm.so+0x8ba100], sa_mask[0]=00100000000000000000000000000000, sa_flags=SA_RESTART|SA_SIGINFO
SIGHUP: [libjvm.so+0x8ba5b0], sa_mask[0]=11111111011111111101111111111110, sa_flags=SA_RESTART|SA_SIGINFO
SIGINT: [libjvm.so+0x8ba5b0], sa_mask[0]=11111111011111111101111111111110, sa_flags=SA_RESTART|SA_SIGINFO
SIGTERM: [libjvm.so+0x8ba5b0], sa_mask[0]=11111111011111111101111111111110, sa_flags=SA_RESTART|SA_SIGINFO
SIGQUIT: [libjvm.so+0x8ba5b0], sa_mask[0]=11111111011111111101111111111110, sa_flags=SA_RESTART|SA_SIGINFO


---------------  S Y S T E M  ---------------

OS:PRETTY_NAME="Debian GNU/Linux 9 (stretch)"
NAME="Debian GNU/Linux"
VERSION_ID="9"
VERSION="9 (stretch)"
ID=debian
HOME_URL="https://www.debian.org/"
SUPPORT_URL="https://www.debian.org/support"
BUG_REPORT_URL="https://bugs.debian.org/"

uname:Linux 4.9.0-6-amd64 #1 SMP Debian 4.9.88-1+deb9u1 (2018-05-07) x86_64
libc:glibc 2.24 NPTL 2.24 
rlimit: STACK 8192k, CORE 0k, NPROC 62738, NOFILE 1048576, AS infinity
load average:1.24 0.63 0.67

/proc/meminfo:
MemTotal:       16287748 kB
MemFree:         4060220 kB
MemAvailable:    9401880 kB
Buffers:          399180 kB
Cached:          5216748 kB
SwapCached:          116 kB
Active:          9622392 kB
Inactive:        1515488 kB
Active(anon):    4707964 kB
Inactive(anon):   960836 kB
Active(file):    4914428 kB
Inactive(file):   554652 kB
Unevictable:          32 kB
Mlocked:              32 kB
SwapTotal:      16627708 kB
SwapFree:       16627508 kB
Dirty:             28952 kB
Writeback:             0 kB
AnonPages:       5522064 kB
Mapped:           846092 kB
Shmem:            146828 kB
Slab:             287504 kB
SReclaimable:     209732 kB
SUnreclaim:        77772 kB
KernelStack:       19888 kB
PageTables:        72004 kB
NFS_Unstable:          0 kB
Bounce:                0 kB
WritebackTmp:          0 kB
CommitLimit:    24771580 kB
Committed_AS:   15342468 kB
VmallocTotal:   34359738367 kB
VmallocUsed:           0 kB
VmallocChunk:          0 kB
HardwareCorrupted:     0 kB
AnonHugePages:         0 kB
ShmemHugePages:        0 kB
ShmemPmdMapped:        0 kB
HugePages_Total:       0
HugePages_Free:        0
HugePages_Rsvd:        0
HugePages_Surp:        0
Hugepagesize:       2048 kB
DirectMap4k:     1006712 kB
DirectMap2M:    14573568 kB
DirectMap1G:     1048576 kB


CPU:total 8 (initial active 8) (4 cores per cpu, 2 threads per core) family 6 model 60 stepping 3, cmov, cx8, fxsr, mmx, sse, sse2, sse3, ssse3, sse4.1, sse4.2, popcnt, avx, avx2, aes, clmul, erms, rtm, lzcnt, ht, tsc, tscinvbit, bmi1, bmi2

/proc/cpuinfo:
processor	: 0
vendor_id	: GenuineIntel
cpu family	: 6
model		: 60
model name	: Intel(R) Core(TM) i7-4790K CPU @ 4.00GHz
stepping	: 3
microcode	: 0x19
cpu MHz		: 4199.951
cache size	: 8192 KB
physical id	: 0
siblings	: 8
core id		: 0
cpu cores	: 4
apicid		: 0
initial apicid	: 0
fpu		: yes
fpu_exception	: yes
cpuid level	: 13
wp		: yes
flags		: fpu vme de pse tsc msr pae mce cx8 apic sep mtrr pge mca cmov pat pse36 clflush dts acpi mmx fxsr sse sse2 ss ht tm pbe syscall nx pdpe1gb rdtscp lm constant_tsc arch_perfmon pebs bts rep_good nopl xtopology nonstop_tsc aperfmperf eagerfpu pni pclmulqdq dtes64 monitor ds_cpl vmx est tm2 ssse3 sdbg fma cx16 xtpr pdcm pcid sse4_1 sse4_2 x2apic movbe popcnt tsc_deadline_timer aes xsave avx f16c rdrand lahf_lm abm invpcid_single kaiser tpr_shadow vnmi flexpriority ept vpid fsgsbase tsc_adjust bmi1 hle avx2 smep bmi2 erms invpcid rtm xsaveopt dtherm ida arat pln pts
bugs		: cpu_meltdown spectre_v1 spectre_v2
bogomips	: 7999.76
clflush size	: 64
cache_alignment	: 64
address sizes	: 39 bits physical, 48 bits virtual
power management:

processor	: 1
vendor_id	: GenuineIntel
cpu family	: 6
model		: 60
model name	: Intel(R) Core(TM) i7-4790K CPU @ 4.00GHz
stepping	: 3
microcode	: 0x19
cpu MHz		: 4199.951
cache size	: 8192 KB
physical id	: 0
siblings	: 8
core id		: 1
cpu cores	: 4
apicid		: 2
initial apicid	: 2
fpu		: yes
fpu_exception	: yes
cpuid level	: 13
wp		: yes
flags		: fpu vme de pse tsc msr pae mce cx8 apic sep mtrr pge mca cmov pat pse36 clflush dts acpi mmx fxsr sse sse2 ss ht tm pbe syscall nx pdpe1gb rdtscp lm constant_tsc arch_perfmon pebs bts rep_good nopl xtopology nonstop_tsc aperfmperf eagerfpu pni pclmulqdq dtes64 monitor ds_cpl vmx est tm2 ssse3 sdbg fma cx16 xtpr pdcm pcid sse4_1 sse4_2 x2apic movbe popcnt tsc_deadline_timer aes xsave avx f16c rdrand lahf_lm abm invpcid_single kaiser tpr_shadow vnmi flexpriority ept vpid fsgsbase tsc_adjust bmi1 hle avx2 smep bmi2 erms invpcid rtm xsaveopt dtherm ida arat pln pts
bugs		: cpu_meltdown spectre_v1 spectre_v2
bogomips	: 7999.76
clflush size	: 64
cache_alignment	: 64
address sizes	: 39 bits physical, 48 bits virtual
power management:

processor	: 2
vendor_id	: GenuineIntel
cpu family	: 6
model		: 60
model name	: Intel(R) Core(TM) i7-4790K CPU @ 4.00GHz
stepping	: 3
microcode	: 0x19
cpu MHz		: 4199.951
cache size	: 8192 KB
physical id	: 0
siblings	: 8
core id		: 2
cpu cores	: 4
apicid		: 4
initial apicid	: 4
fpu		: yes
fpu_exception	: yes
cpuid level	: 13
wp		: yes
flags		: fpu vme de pse tsc msr pae mce cx8 apic sep mtrr pge mca cmov pat pse36 clflush dts acpi mmx fxsr sse sse2 ss ht tm pbe syscall nx pdpe1gb rdtscp lm constant_tsc arch_perfmon pebs bts rep_good nopl xtopology nonstop_tsc aperfmperf eagerfpu pni pclmulqdq dtes64 monitor ds_cpl vmx est tm2 ssse3 sdbg fma cx16 xtpr pdcm pcid sse4_1 sse4_2 x2apic movbe popcnt tsc_deadline_timer aes xsave avx f16c rdrand lahf_lm abm invpcid_single kaiser tpr_shadow vnmi flexpriority ept vpid fsgsbase tsc_adjust bmi1 hle avx2 smep bmi2 erms invpcid rtm xsaveopt dtherm ida arat pln pts
bugs		: cpu_meltdown spectre_v1 spectre_v2
bogomips	: 7999.76
clflush size	: 64
cache_alignment	: 64
address sizes	: 39 bits physical, 48 bits virtual
power management:

processor	: 3
vendor_id	: GenuineIntel
cpu family	: 6
model		: 60
model name	: Intel(R) Core(TM) i7-4790K CPU @ 4.00GHz
stepping	: 3
microcode	: 0x19
cpu MHz		: 4199.951
cache size	: 8192 KB
physical id	: 0
siblings	: 8
core id		: 3
cpu cores	: 4
apicid		: 6
initial apicid	: 6
fpu		: yes
fpu_exception	: yes
cpuid level	: 13
wp		: yes
flags		: fpu vme de pse tsc msr pae mce cx8 apic sep mtrr pge mca cmov pat pse36 clflush dts acpi mmx fxsr sse sse2 ss ht tm pbe syscall nx pdpe1gb rdtscp lm constant_tsc arch_perfmon pebs bts rep_good nopl xtopology nonstop_tsc aperfmperf eagerfpu pni pclmulqdq dtes64 monitor ds_cpl vmx est tm2 ssse3 sdbg fma cx16 xtpr pdcm pcid sse4_1 sse4_2 x2apic movbe popcnt tsc_deadline_timer aes xsave avx f16c rdrand lahf_lm abm invpcid_single kaiser tpr_shadow vnmi flexpriority ept vpid fsgsbase tsc_adjust bmi1 hle avx2 smep bmi2 erms invpcid rtm xsaveopt dtherm ida arat pln pts
bugs		: cpu_meltdown spectre_v1 spectre_v2
bogomips	: 7999.76
clflush size	: 64
cache_alignment	: 64
address sizes	: 39 bits physical, 48 bits virtual
power management:

processor	: 4
vendor_id	: GenuineIntel
cpu family	: 6
model		: 60
model name	: Intel(R) Core(TM) i7-4790K CPU @ 4.00GHz
stepping	: 3
microcode	: 0x19
cpu MHz		: 4199.951
cache size	: 8192 KB
physical id	: 0
siblings	: 8
core id		: 0
cpu cores	: 4
apicid		: 1
initial apicid	: 1
fpu		: yes
fpu_exception	: yes
cpuid level	: 13
wp		: yes
flags		: fpu vme de pse tsc msr pae mce cx8 apic sep mtrr pge mca cmov pat pse36 clflush dts acpi mmx fxsr sse sse2 ss ht tm pbe syscall nx pdpe1gb rdtscp lm constant_tsc arch_perfmon pebs bts rep_good nopl xtopology nonstop_tsc aperfmperf eagerfpu pni pclmulqdq dtes64 monitor ds_cpl vmx est tm2 ssse3 sdbg fma cx16 xtpr pdcm pcid sse4_1 sse4_2 x2apic movbe popcnt tsc_deadline_timer aes xsave avx f16c rdrand lahf_lm abm invpcid_single kaiser tpr_shadow vnmi flexpriority ept vpid fsgsbase tsc_adjust bmi1 hle avx2 smep bmi2 erms invpcid rtm xsaveopt dtherm ida arat pln pts
bugs		: cpu_meltdown spectre_v1 spectre_v2
bogomips	: 7999.76
clflush size	: 64
cache_alignment	: 64
address sizes	: 39 bits physical, 48 bits virtual
power management:

processor	: 5
vendor_id	: GenuineIntel
cpu family	: 6
model		: 60
model name	: Intel(R) Core(TM) i7-4790K CPU @ 4.00GHz
stepping	: 3
microcode	: 0x19
cpu MHz		: 4199.951
cache size	: 8192 KB
physical id	: 0
siblings	: 8
core id		: 1
cpu cores	: 4
apicid		: 3
initial apicid	: 3
fpu		: yes
fpu_exception	: yes
cpuid level	: 13
wp		: yes
flags		: fpu vme de pse tsc msr pae mce cx8 apic sep mtrr pge mca cmov pat pse36 clflush dts acpi mmx fxsr sse sse2 ss ht tm pbe syscall nx pdpe1gb rdtscp lm constant_tsc arch_perfmon pebs bts rep_good nopl xtopology nonstop_tsc aperfmperf eagerfpu pni pclmulqdq dtes64 monitor ds_cpl vmx est tm2 ssse3 sdbg fma cx16 xtpr pdcm pcid sse4_1 sse4_2 x2apic movbe popcnt tsc_deadline_timer aes xsave avx f16c rdrand lahf_lm abm invpcid_single kaiser tpr_shadow vnmi flexpriority ept vpid fsgsbase tsc_adjust bmi1 hle avx2 smep bmi2 erms invpcid rtm xsaveopt dtherm ida arat pln pts
bugs		: cpu_meltdown spectre_v1 spectre_v2
bogomips	: 7999.76
clflush size	: 64
cache_alignment	: 64
address sizes	: 39 bits physical, 48 bits virtual
power management:

processor	: 6
vendor_id	: GenuineIntel
cpu family	: 6
model		: 60
model name	: Intel(R) Core(TM) i7-4790K CPU @ 4.00GHz
stepping	: 3
microcode	: 0x19
cpu MHz		: 4199.951
cache size	: 8192 KB
physical id	: 0
siblings	: 8
core id		: 2
cpu cores	: 4
apicid		: 5
initial apicid	: 5
fpu		: yes
fpu_exception	: yes
cpuid level	: 13
wp		: yes
flags		: fpu vme de pse tsc msr pae mce cx8 apic sep mtrr pge mca cmov pat pse36 clflush dts acpi mmx fxsr sse sse2 ss ht tm pbe syscall nx pdpe1gb rdtscp lm constant_tsc arch_perfmon pebs bts rep_good nopl xtopology nonstop_tsc aperfmperf eagerfpu pni pclmulqdq dtes64 monitor ds_cpl vmx est tm2 ssse3 sdbg fma cx16 xtpr pdcm pcid sse4_1 sse4_2 x2apic movbe popcnt tsc_deadline_timer aes xsave avx f16c rdrand lahf_lm abm invpcid_single kaiser tpr_shadow vnmi flexpriority ept vpid fsgsbase tsc_adjust bmi1 hle avx2 smep bmi2 erms invpcid rtm xsaveopt dtherm ida arat pln pts
bugs		: cpu_meltdown spectre_v1 spectre_v2
bogomips	: 7999.76
clflush size	: 64
cache_alignment	: 64
address sizes	: 39 bits physical, 48 bits virtual
power management:

processor	: 7
vendor_id	: GenuineIntel
cpu family	: 6
model		: 60
model name	: Intel(R) Core(TM) i7-4790K CPU @ 4.00GHz
stepping	: 3
microcode	: 0x19
cpu MHz		: 4199.951
cache size	: 8192 KB
physical id	: 0
siblings	: 8
core id		: 3
cpu cores	: 4
apicid		: 7
initial apicid	: 7
fpu		: yes
fpu_exception	: yes
cpuid level	: 13
wp		: yes
flags		: fpu vme de pse tsc msr pae mce cx8 apic sep mtrr pge mca cmov pat pse36 clflush dts acpi mmx fxsr sse sse2 ss ht tm pbe syscall nx pdpe1gb rdtscp lm constant_tsc arch_perfmon pebs bts rep_good nopl xtopology nonstop_tsc aperfmperf eagerfpu pni pclmulqdq dtes64 monitor ds_cpl vmx est tm2 ssse3 sdbg fma cx16 xtpr pdcm pcid sse4_1 sse4_2 x2apic movbe popcnt tsc_deadline_timer aes xsave avx f16c rdrand lahf_lm abm invpcid_single kaiser tpr_shadow vnmi flexpriority ept vpid fsgsbase tsc_adjust bmi1 hle avx2 smep bmi2 erms invpcid rtm xsaveopt dtherm ida arat pln pts
bugs		: cpu_meltdown spectre_v1 spectre_v2
bogomips	: 7999.76
clflush size	: 64
cache_alignment	: 64
address sizes	: 39 bits physical, 48 bits virtual
power management:



Memory: 4k page, physical 16287748k(4059476k free), swap 16627708k(16627508k free)

vm_info: OpenJDK 64-Bit Server VM (25.171-b11) for linux-amd64 JRE (1.8.0_171-8u171-b11-1~deb9u1-b11), built on Apr 27 2018 14:37:13 by "pbuilder" with gcc 6.3.0 20170516

time: Sun Jul 29 12:00:20 2018
elapsed time: 1 seconds (0d 0h 0m 1s)

