#
# A fatal error has been detected by the Java Runtime Environment:
#
#  SIGSEGV (0xb) at pc=0x00007f3fdc5d2204, pid=29017, tid=0x00007f3fc3afa700
#
# JRE version: OpenJDK Runtime Environment (8.0_171-b11) (build 1.8.0_171-8u171-b11-1~deb9u1-b11)
# Java VM: OpenJDK 64-Bit Server VM (25.171-b11 mixed mode linux-amd64 compressed oops)
# Problematic frame:
# j  com.fasterxml.jackson.databind.ser.DefaultSerializerProvider._serialize(Lcom/fasterxml/jackson/core/JsonGenerator;Ljava/lang/Object;Lcom/fasterxml/jackson/databind/JsonSerializer;)V+4
#
# Failed to write core dump. Core dumps have been disabled. To enable core dumping, try "ulimit -c unlimited" before starting Java again
#
# If you would like to submit a bug report, please visit:
#   http://bugreport.java.com/bugreport/crash.jsp
#

---------------  T H R E A D  ---------------

Current thread (0x00007f3f6df76000):  JavaThread "http-nio-8080-exec-4" daemon [_thread_in_Java, id=29084, stack(0x00007f3fc39fa000,0x00007f3fc3afb000)]

siginfo: si_signo: 11 (SIGSEGV), si_code: 1 (SEGV_MAPERR), si_addr: 0x00007b3fd1e83ec4

Registers:
RAX=0x00000007c0288e60, RBX=0x00007f3fd1e83f48, RCX=0x00000006c97b7d48, RDX=0x00007b3fd1e83e98
RSP=0x00007f3fc3af7298, RBP=0x00007f3fc3af7300, RSI=0x00007f3fc3af72d8, RDI=0x00007f3f6df76000
R8 =0x0000000040000000, R9 =0x00000006c8716b30, R10=0x00007f3ff27ae920, R11=0x00007f3fdd52ae80
R12=0x0000000000000000, R13=0x00007f3fc3af72a0, R14=0x0000000000000000, R15=0x00007f3f6df76000
RIP=0x00007f3fdc5d2204, EFLAGS=0x0000000000010246, CSGSFS=0x002b000000000033, ERR=0x0000000000000004
  TRAPNO=0x000000000000000e

Top of Stack: (sp=0x00007f3fc3af7298)
0x00007f3fc3af7298:   00007f3fdc5c109d 0000000789a75ae0
0x00007f3fc3af72a8:   0000000789a73b00 0000000789a738c8
0x00007f3fc3af72b8:   00000006c97b7d48 00007f3fc3af72c0
0x00007f3fc3af72c8:   00007f3fd1f1ba3c 00007f3fc3af7330
0x00007f3fc3af72d8:   00007f3fd1d5cc48 0000000000000000
0x00007f3fc3af72e8:   00007f3fd1f1baa8 00007f3fc3af72a0
0x00007f3fc3af72f8:   00007f3fc3af7318 00007f3fc3af7378
0x00007f3fc3af7308:   00007f3fdc5c109d 0000000000000000
0x00007f3fc3af7318:   00000006c97b7d48 0000000789a738c8
0x00007f3fc3af7328:   0000000789a73b00 0000000789a75ae0
0x00007f3fc3af7338:   00007f3fc3af7338 00007f3fd1f1b289
0x00007f3fc3af7348:   00007f3fc3af73b0 00007f3fd1d5cc48
0x00007f3fc3af7358:   0000000000000000 00007f3fd1f1b2f0
0x00007f3fc3af7368:   00007f3fc3af7318 00007f3fc3af73a0
0x00007f3fc3af7378:   00007f3fc3af73f8 00007f3fdc5c109d
0x00007f3fc3af7388:   0000000000000000 00000006c97b7d48
0x00007f3fc3af7398:   00000006c7abe860 0000000789a738c8
0x00007f3fc3af73a8:   0000000789a73b00 0000000789a75ae0
0x00007f3fc3af73b8:   00007f3fc3af73b8 00007f3fda60c2c2
0x00007f3fc3af73c8:   00007f3fc3af7428 00007f3fd1faca40
0x00007f3fc3af73d8:   0000000000000000 00007f3fda60c338
0x00007f3fc3af73e8:   00007f3fc3af73a0 00007f3fc3af7418
0x00007f3fc3af73f8:   00007f3fc3af7470 00007f3fdc5c109d
0x00007f3fc3af7408:   0000000000000000 00000006c8d1b5c8
0x00007f3fc3af7418:   0000000789a738c8 0000000789a73b00
0x00007f3fc3af7428:   00000006c8d1a860 00007f3fc3af7430
0x00007f3fc3af7438:   00007f3fda609b59 00007f3fc3af7498
0x00007f3fc3af7448:   00007f3fd1faca40 0000000000000000
0x00007f3fc3af7458:   00007f3fda609bd0 00007f3fc3af7418
0x00007f3fc3af7468:   00007f3fc3af7490 00007f3fc3af74e0
0x00007f3fc3af7478:   00007f3fdc5c0e20 0000000000000000
0x00007f3fc3af7488:   0000000789a73a78 0000000789a738c8 

Instructions: (pc=0x00007f3fdc5d2204)
0x00007f3fdc5d21e4:   00 00 00 00 88 69 36 f2 3f 7f 00 00 ff ff ff ff
0x00007f3fdc5d21f4:   00 00 00 00 00 00 00 00 00 00 00 00 48 8b 53 08
0x00007f3fdc5d2204:   0f b7 4a 2c 0f b7 52 2a 2b d1 81 fa f6 01 00 00
0x00007f3fdc5d2214:   0f 86 33 00 00 00 48 8b c2 48 c1 e0 03 48 83 c0 

Register to memory mapping:

RAX=0x00000007c0288e60 is pointing into metadata
RBX={method} {0x00007f3fd1e83f48} 
[error occurred during error reporting (printing register info), id 0xb]

Stack: [0x00007f3fc39fa000,0x00007f3fc3afb000],  sp=0x00007f3fc3af7298,  free space=1012k
Native frames: (J=compiled Java code, j=interpreted, Vv=VM code, C=native code)
j  com.fasterxml.jackson.databind.ser.DefaultSerializerProvider._serialize(Lcom/fasterxml/jackson/core/JsonGenerator;Ljava/lang/Object;Lcom/fasterxml/jackson/databind/JsonSerializer;)V+4
j  com.fasterxml.jackson.databind.ser.DefaultSerializerProvider.serializeValue(Lcom/fasterxml/jackson/core/JsonGenerator;Ljava/lang/Object;)V+97
j  com.fasterxml.jackson.databind.ObjectMapper._configAndWriteValue(Lcom/fasterxml/jackson/core/JsonGenerator;Ljava/lang/Object;)V+42
j  com.fasterxml.jackson.databind.ObjectMapper.writeValueAsString(Ljava/lang/Object;)Ljava/lang/String;+25
j  anvil.web.PublicRestController.getArtistInfo(Ljava/lang/String;)Ljava/lang/String;+16
v  ~StubRoutines::call_stub
V  [libjvm.so+0x665d13]
V  [libjvm.so+0x9422a0]
V  [libjvm.so+0x943b5b]
V  [libjvm.so+0x6b0089]  JVM_InvokeMethod+0x119
J 1782  sun.reflect.NativeMethodAccessorImpl.invoke0(Ljava/lang/reflect/Method;Ljava/lang/Object;[Ljava/lang/Object;)Ljava/lang/Object; (0 bytes) @ 0x00007f3fdcbc3e2d [0x00007f3fdcbc3d40+0xed]
j  sun.reflect.NativeMethodAccessorImpl.invoke(Ljava/lang/Object;[Ljava/lang/Object;)Ljava/lang/Object;+100
j  sun.reflect.DelegatingMethodAccessorImpl.invoke(Ljava/lang/Object;[Ljava/lang/Object;)Ljava/lang/Object;+6
j  java.lang.reflect.Method.invoke(Ljava/lang/Object;[Ljava/lang/Object;)Ljava/lang/Object;+56
j  org.springframework.web.method.support.InvocableHandlerMethod.doInvoke([Ljava/lang/Object;)Ljava/lang/Object;+16
j  org.springframework.web.method.support.InvocableHandlerMethod.invokeForRequest(Lorg/springframework/web/context/request/NativeWebRequest;Lorg/springframework/web/method/support/ModelAndViewContainer;[Ljava/lang/Object;)Ljava/lang/Object;+75
j  org.springframework.web.servlet.mvc.method.annotation.ServletInvocableHandlerMethod.invokeAndHandle(Lorg/springframework/web/context/request/ServletWebRequest;Lorg/springframework/web/method/support/ModelAndViewContainer;[Ljava/lang/Object;)V+4
j  org.springframework.web.servlet.mvc.method.annotation.RequestMappingHandlerAdapter.invokeHandlerMethod(Ljavax/servlet/http/HttpServletRequest;Ljavax/servlet/http/HttpServletResponse;Lorg/springframework/web/method/HandlerMethod;)Lorg/springframework/web/servlet/ModelAndView;+276
j  org.springframework.web.servlet.mvc.method.annotation.RequestMappingHandlerAdapter.handleInternal(Ljavax/servlet/http/HttpServletRequest;Ljavax/servlet/http/HttpServletResponse;Lorg/springframework/web/method/HandlerMethod;)Lorg/springframework/web/servlet/ModelAndView;+81
j  org.springframework.web.servlet.mvc.method.AbstractHandlerMethodAdapter.handle(Ljavax/servlet/http/HttpServletRequest;Ljavax/servlet/http/HttpServletResponse;Ljava/lang/Object;)Lorg/springframework/web/servlet/ModelAndView;+7
j  org.springframework.web.servlet.DispatcherServlet.doDispatch(Ljavax/servlet/http/HttpServletRequest;Ljavax/servlet/http/HttpServletResponse;)V+310
j  org.springframework.web.servlet.DispatcherServlet.doService(Ljavax/servlet/http/HttpServletRequest;Ljavax/servlet/http/HttpServletResponse;)V+308
j  org.springframework.web.servlet.FrameworkServlet.processRequest(Ljavax/servlet/http/HttpServletRequest;Ljavax/servlet/http/HttpServletResponse;)V+71
j  org.springframework.web.servlet.FrameworkServlet.doGet(Ljavax/servlet/http/HttpServletRequest;Ljavax/servlet/http/HttpServletResponse;)V+3
j  javax.servlet.http.HttpServlet.service(Ljavax/servlet/http/HttpServletRequest;Ljavax/servlet/http/HttpServletResponse;)V+35
j  org.springframework.web.servlet.FrameworkServlet.service(Ljavax/servlet/http/HttpServletRequest;Ljavax/servlet/http/HttpServletResponse;)V+33
j  javax.servlet.http.HttpServlet.service(Ljavax/servlet/ServletRequest;Ljavax/servlet/ServletResponse;)V+30
j  org.apache.catalina.core.ApplicationFilterChain.internalDoFilter(Ljavax/servlet/ServletRequest;Ljavax/servlet/ServletResponse;)V+304
j  org.apache.catalina.core.ApplicationFilterChain.doFilter(Ljavax/servlet/ServletRequest;Ljavax/servlet/ServletResponse;)V+101
j  org.apache.tomcat.websocket.server.WsFilter.doFilter(Ljavax/servlet/ServletRequest;Ljavax/servlet/ServletResponse;Ljavax/servlet/FilterChain;)V+21
j  org.apache.catalina.core.ApplicationFilterChain.internalDoFilter(Ljavax/servlet/ServletRequest;Ljavax/servlet/ServletResponse;)V+135
j  org.apache.catalina.core.ApplicationFilterChain.doFilter(Ljavax/servlet/ServletRequest;Ljavax/servlet/ServletResponse;)V+101
j  org.springframework.security.web.FilterChainProxy.doFilterInternal(Ljavax/servlet/ServletRequest;Ljavax/servlet/ServletResponse;Ljavax/servlet/FilterChain;)V+115
j  org.springframework.security.web.FilterChainProxy.doFilter(Ljavax/servlet/ServletRequest;Ljavax/servlet/ServletResponse;Ljavax/servlet/FilterChain;)V+40
j  org.springframework.web.filter.DelegatingFilterProxy.invokeDelegate(Ljavax/servlet/Filter;Ljavax/servlet/ServletRequest;Ljavax/servlet/ServletResponse;Ljavax/servlet/FilterChain;)V+5
j  org.springframework.web.filter.DelegatingFilterProxy.doFilter(Ljavax/servlet/ServletRequest;Ljavax/servlet/ServletResponse;Ljavax/servlet/FilterChain;)V+85
j  org.apache.catalina.core.ApplicationFilterChain.internalDoFilter(Ljavax/servlet/ServletRequest;Ljavax/servlet/ServletResponse;)V+135
j  org.apache.catalina.core.ApplicationFilterChain.doFilter(Ljavax/servlet/ServletRequest;Ljavax/servlet/ServletResponse;)V+101
j  org.springframework.web.filter.RequestContextFilter.doFilterInternal(Ljavax/servlet/http/HttpServletRequest;Ljavax/servlet/http/HttpServletResponse;Ljavax/servlet/FilterChain;)V+21
j  org.springframework.web.filter.OncePerRequestFilter.doFilter(Ljavax/servlet/ServletRequest;Ljavax/servlet/ServletResponse;Ljavax/servlet/FilterChain;)V+111
j  org.apache.catalina.core.ApplicationFilterChain.internalDoFilter(Ljavax/servlet/ServletRequest;Ljavax/servlet/ServletResponse;)V+135
j  org.apache.catalina.core.ApplicationFilterChain.doFilter(Ljavax/servlet/ServletRequest;Ljavax/servlet/ServletResponse;)V+101
j  org.springframework.web.filter.HttpPutFormContentFilter.doFilterInternal(Ljavax/servlet/http/HttpServletRequest;Ljavax/servlet/http/HttpServletResponse;Ljavax/servlet/FilterChain;)V+95
j  org.springframework.web.filter.OncePerRequestFilter.doFilter(Ljavax/servlet/ServletRequest;Ljavax/servlet/ServletResponse;Ljavax/servlet/FilterChain;)V+111
j  org.apache.catalina.core.ApplicationFilterChain.internalDoFilter(Ljavax/servlet/ServletRequest;Ljavax/servlet/ServletResponse;)V+135
j  org.apache.catalina.core.ApplicationFilterChain.doFilter(Ljavax/servlet/ServletRequest;Ljavax/servlet/ServletResponse;)V+101
j  org.springframework.web.filter.HiddenHttpMethodFilter.doFilterInternal(Ljavax/servlet/http/HttpServletRequest;Ljavax/servlet/http/HttpServletResponse;Ljavax/servlet/FilterChain;)V+87
j  org.springframework.web.filter.OncePerRequestFilter.doFilter(Ljavax/servlet/ServletRequest;Ljavax/servlet/ServletResponse;Ljavax/servlet/FilterChain;)V+111
j  org.apache.catalina.core.ApplicationFilterChain.internalDoFilter(Ljavax/servlet/ServletRequest;Ljavax/servlet/ServletResponse;)V+135
j  org.apache.catalina.core.ApplicationFilterChain.doFilter(Ljavax/servlet/ServletRequest;Ljavax/servlet/ServletResponse;)V+101
j  org.springframework.web.filter.CharacterEncodingFilter.doFilterInternal(Ljavax/servlet/http/HttpServletRequest;Ljavax/servlet/http/HttpServletResponse;Ljavax/servlet/FilterChain;)V+53
j  org.springframework.web.filter.OncePerRequestFilter.doFilter(Ljavax/servlet/ServletRequest;Ljavax/servlet/ServletResponse;Ljavax/servlet/FilterChain;)V+111
j  org.apache.catalina.core.ApplicationFilterChain.internalDoFilter(Ljavax/servlet/ServletRequest;Ljavax/servlet/ServletResponse;)V+135
j  org.apache.catalina.core.ApplicationFilterChain.doFilter(Ljavax/servlet/ServletRequest;Ljavax/servlet/ServletResponse;)V+101
j  org.apache.catalina.core.StandardWrapperValve.invoke(Lorg/apache/catalina/connector/Request;Lorg/apache/catalina/connector/Response;)V+688
j  org.apache.catalina.core.StandardContextValve.invoke(Lorg/apache/catalina/connector/Request;Lorg/apache/catalina/connector/Response;)V+166
j  org.apache.catalina.authenticator.AuthenticatorBase.invoke(Lorg/apache/catalina/connector/Request;Lorg/apache/catalina/connector/Response;)V+254
j  org.apache.catalina.core.StandardHostValve.invoke(Lorg/apache/catalina/connector/Request;Lorg/apache/catalina/connector/Response;)V+138
j  org.apache.catalina.valves.ErrorReportValve.invoke(Lorg/apache/catalina/connector/Request;Lorg/apache/catalina/connector/Response;)V+6
j  org.apache.catalina.core.StandardEngineValve.invoke(Lorg/apache/catalina/connector/Request;Lorg/apache/catalina/connector/Response;)V+71
j  org.apache.catalina.connector.CoyoteAdapter.service(Lorg/apache/coyote/Request;Lorg/apache/coyote/Response;)V+199
j  org.apache.coyote.http11.Http11Processor.service(Lorg/apache/tomcat/util/net/SocketWrapperBase;)Lorg/apache/tomcat/util/net/AbstractEndpoint$Handler$SocketState;+806
j  org.apache.coyote.AbstractProcessorLight.process(Lorg/apache/tomcat/util/net/SocketWrapperBase;Lorg/apache/tomcat/util/net/SocketEvent;)Lorg/apache/tomcat/util/net/AbstractEndpoint$Handler$SocketState;+113
j  org.apache.coyote.AbstractProtocol$ConnectionHandler.process(Lorg/apache/tomcat/util/net/SocketWrapperBase;Lorg/apache/tomcat/util/net/SocketEvent;)Lorg/apache/tomcat/util/net/AbstractEndpoint$Handler$SocketState;+378
j  org.apache.tomcat.util.net.NioEndpoint$SocketProcessor.doRun()V+191
j  org.apache.tomcat.util.net.SocketProcessorBase.run()V+21
j  java.util.concurrent.ThreadPoolExecutor.runWorker(Ljava/util/concurrent/ThreadPoolExecutor$Worker;)V+95
j  java.util.concurrent.ThreadPoolExecutor$Worker.run()V+5
j  org.apache.tomcat.util.threads.TaskThread$WrappingRunnable.run()V+4
j  java.lang.Thread.run()V+11
v  ~StubRoutines::call_stub
V  [libjvm.so+0x665d13]
V  [libjvm.so+0x663277]
V  [libjvm.so+0x663857]
V  [libjvm.so+0x6a4fe4]
V  [libjvm.so+0xa160ab]
V  [libjvm.so+0xa1656f]
V  [libjvm.so+0x8bbfd2]
C  [libpthread.so.0+0x7494]  start_thread+0xc4


---------------  P R O C E S S  ---------------

Java Threads: ( => current thread )
  0x00007f3f34003800 JavaThread "Keep-Alive-Timer" daemon [_thread_blocked, id=31007, stack(0x00007f3fd0472000,0x00007f3fd0573000)]
  0x00007f3fec012000 JavaThread "DestroyJavaVM" [_thread_blocked, id=29026, stack(0x00007f3ff34a4000,0x00007f3ff35a5000)]
  0x00007f3f6dfbc800 JavaThread "http-nio-8080-AsyncTimeout" daemon [_thread_blocked, id=29094, stack(0x00007f3fc2ff0000,0x00007f3fc30f1000)]
  0x00007f3f6dfbb800 JavaThread "http-nio-8080-Acceptor-0" daemon [_thread_in_native, id=29093, stack(0x00007f3fc30f1000,0x00007f3fc31f2000)]
  0x00007f3f6dfb8000 JavaThread "http-nio-8080-ClientPoller-1" daemon [_thread_in_native, id=29092, stack(0x00007f3fc31f2000,0x00007f3fc32f3000)]
  0x00007f3f6df84800 JavaThread "http-nio-8080-ClientPoller-0" daemon [_thread_in_native, id=29091, stack(0x00007f3fc32f3000,0x00007f3fc33f4000)]
  0x00007f3f6df82000 JavaThread "http-nio-8080-exec-10" daemon [_thread_blocked, id=29090, stack(0x00007f3fc33f4000,0x00007f3fc34f5000)]
  0x00007f3f6df80000 JavaThread "http-nio-8080-exec-9" daemon [_thread_blocked, id=29089, stack(0x00007f3fc34f5000,0x00007f3fc35f6000)]
  0x00007f3f6df7e000 JavaThread "http-nio-8080-exec-8" daemon [_thread_in_native, id=29088, stack(0x00007f3fc35f6000,0x00007f3fc36f7000)]
  0x00007f3f6df7c000 JavaThread "http-nio-8080-exec-7" daemon [_thread_blocked, id=29087, stack(0x00007f3fc36f7000,0x00007f3fc37f8000)]
  0x00007f3f6df7a000 JavaThread "http-nio-8080-exec-6" daemon [_thread_blocked, id=29086, stack(0x00007f3fc37f8000,0x00007f3fc38f9000)]
  0x00007f3f6df78000 JavaThread "http-nio-8080-exec-5" daemon [_thread_blocked, id=29085, stack(0x00007f3fc38f9000,0x00007f3fc39fa000)]
=>0x00007f3f6df76000 JavaThread "http-nio-8080-exec-4" daemon [_thread_in_Java, id=29084, stack(0x00007f3fc39fa000,0x00007f3fc3afb000)]
  0x00007f3f6df74800 JavaThread "http-nio-8080-exec-3" daemon [_thread_blocked, id=29083, stack(0x00007f3fc3afb000,0x00007f3fc3bfc000)]
  0x00007f3f6df73000 JavaThread "http-nio-8080-exec-2" daemon [_thread_blocked, id=29082, stack(0x00007f3fc3bfc000,0x00007f3fc3cfd000)]
  0x00007f3f6df72000 JavaThread "http-nio-8080-exec-1" daemon [_thread_blocked, id=29081, stack(0x00007f3fc3cfd000,0x00007f3fc3dfe000)]
  0x00007f3f6df6e800 JavaThread "NioBlockingSelector.BlockPoller-1" daemon [_thread_in_native, id=29080, stack(0x00007f3fc3dfe000,0x00007f3fc3eff000)]
  0x00007f3f6df42000 JavaThread "Live Reload Server" daemon [_thread_in_native, id=29079, stack(0x00007f3fc3eff000,0x00007f3fc4000000)]
  0x00007f3f6df3d800 JavaThread "File Watcher" daemon [_thread_blocked, id=29077, stack(0x00007f3fc80fc000,0x00007f3fc81fd000)]
  0x00007f3f6d090800 JavaThread "container-0" [_thread_blocked, id=29076, stack(0x00007f3fc85fd000,0x00007f3fc86fe000)]
  0x00007f3f6d090000 JavaThread "ContainerBackgroundProcessor[StandardEngine[Tomcat]]" daemon [_thread_blocked, id=29075, stack(0x00007f3fc86fe000,0x00007f3fc87ff000)]
  0x00007f3f6411a800 JavaThread "HikariPool-1 housekeeper" daemon [_thread_blocked, id=29072, stack(0x00007f3fd099f000,0x00007f3fd0aa0000)]
  0x00007f3f64098000 JavaThread "Abandoned connection cleanup thread" daemon [_thread_blocked, id=29071, stack(0x00007f3fd0ca0000,0x00007f3fd0da1000)]
  0x00007f3fec697000 JavaThread "Service Thread" daemon [_thread_blocked, id=29058, stack(0x00007f3fd2fdb000,0x00007f3fd30dc000)]
  0x00007f3fec68b800 JavaThread "C1 CompilerThread3" daemon [_thread_blocked, id=29057, stack(0x00007f3fd30dc000,0x00007f3fd31dd000)]
  0x00007f3fec689800 JavaThread "C2 CompilerThread2" daemon [_thread_blocked, id=29056, stack(0x00007f3fd31dd000,0x00007f3fd32de000)]
  0x00007f3fec687800 JavaThread "C2 CompilerThread1" daemon [_thread_blocked, id=29055, stack(0x00007f3fd32de000,0x00007f3fd33df000)]
  0x00007f3fec680800 JavaThread "C2 CompilerThread0" daemon [_thread_blocked, id=29054, stack(0x00007f3fd33df000,0x00007f3fd34e0000)]
  0x00007f3f94001000 JavaThread "JDWP Command Reader" daemon [_thread_in_native, id=29053, stack(0x00007f3fd37f5000,0x00007f3fd38f6000)]
  0x00007f3fec21e800 JavaThread "JDWP Event Helper Thread" daemon [_thread_blocked, id=29051, stack(0x00007f3fd38f6000,0x00007f3fd39f7000)]
  0x00007f3fec21b000 JavaThread "JDWP Transport Listener: dt_socket" daemon [_thread_blocked, id=29049, stack(0x00007f3fd39f7000,0x00007f3fd3af8000)]
  0x00007f3fec20d000 JavaThread "Signal Dispatcher" daemon [_thread_blocked, id=29048, stack(0x00007f3fd3cfd000,0x00007f3fd3dfe000)]
  0x00007f3fec1db000 JavaThread "Finalizer" daemon [_thread_blocked, id=29040, stack(0x00007f3fd3dfe000,0x00007f3fd3eff000)]
  0x00007f3fec1d6800 JavaThread "Reference Handler" daemon [_thread_blocked, id=29039, stack(0x00007f3fd3eff000,0x00007f3fd4000000)]

Other Threads:
  0x00007f3fec1cf000 VMThread [stack: 0x00007f3fd8000000,0x00007f3fd8101000] [id=29037]
  0x00007f3fec69a000 WatcherThread [stack: 0x00007f3fd2eda000,0x00007f3fd2fdb000] [id=29059]

VM state:not at safepoint (normal execution)

VM Mutex/Monitor currently owned by a thread: None

Heap:
 PSYoungGen      total 600576K, used 479949K [0x000000076d200000, 0x0000000794280000, 0x00000007c0000000)
  eden space 589312K, 81% used [0x000000076d200000,0x000000078a693610,0x0000000791180000)
  from space 11264K, 1% used [0x0000000793780000,0x00000007937a0000,0x0000000794280000)
  to   space 25088K, 0% used [0x0000000791180000,0x0000000791180000,0x0000000792a00000)
 ParOldGen       total 166400K, used 36456K [0x00000006c7600000, 0x00000006d1880000, 0x000000076d200000)
  object space 166400K, 21% used [0x00000006c7600000,0x00000006c999a330,0x00000006d1880000)
 Metaspace       used 61162K, capacity 63851K, committed 64128K, reserved 1105920K
  class space    used 7818K, capacity 8306K, committed 8320K, reserved 1048576K

Card table byte_map: [0x00007f3fdba33000,0x00007f3fdc1f9000] byte_map_base: 0x00007f3fd83f8000

Marking Bits: (ParMarkBitMap*) 0x00007f3ff279d320
 Begin Bits: [0x00007f3fa43b0000, 0x00007f3fa81d8000)
 End Bits:   [0x00007f3fa81d8000, 0x00007f3fac000000)

Polling page: 0x00007f3ff35c2000

CodeCache: size=245760Kb used=19840Kb max_used=20514Kb free=225919Kb
 bounds [0x00007f3fdc5b9000, 0x00007f3fdd9e9000, 0x00007f3feb5b9000]
 total_blobs=6085 nmethods=5539 adapters=468
 compilation: enabled

Compilation events (10 events):
Event: 2762.274 Thread 0x00007f3fec68b800 6567       3       org.springframework.util.LinkedCaseInsensitiveMap::get (41 bytes)
Event: 2762.274 Thread 0x00007f3fec68b800 nmethod 6567 0x00007f3fdd3c3490 code [0x00007f3fdd3c3680, 0x00007f3fdd3c4188]
Event: 2762.476 Thread 0x00007f3fec687800 6569       4       java.lang.reflect.Method::invoke (62 bytes)
Event: 2762.476 Thread 0x00007f3fec68b800 6568       3       com.fasterxml.jackson.dataformat.xml.deser.XmlReadContext::reset (36 bytes)
Event: 2762.476 Thread 0x00007f3fec68b800 nmethod 6568 0x00007f3fdd3c3110 code [0x00007f3fdd3c3260, 0x00007f3fdd3c3410]
Event: 2762.477 Thread 0x00007f3fec68b800 6570       3       com.fasterxml.jackson.dataformat.xml.deser.FromXmlParser::getParsingContext (5 bytes)
Event: 2762.477 Thread 0x00007f3fec68b800 nmethod 6570 0x00007f3fdd3c2d90 code [0x00007f3fdd3c2f00, 0x00007f3fdd3c3070]
Event: 2762.477 Thread 0x00007f3fec68b800 6571       3       com.fasterxml.jackson.dataformat.xml.deser.XmlReadContext::setCurrentValue (6 bytes)
Event: 2762.477 Thread 0x00007f3fec68b800 nmethod 6571 0x00007f3fdd3c2a50 code [0x00007f3fdd3c2ba0, 0x00007f3fdd3c2d10]
Event: 2762.477 Thread 0x00007f3fec68b800 6572       3       com.ctc.wstx.sr.StreamScanner::resolveSimpleEntity (584 bytes)

GC Heap History (10 events):
Event: 5.921 GC heap before
{Heap before GC invocations=11 (full 2):
 PSYoungGen      total 339968K, used 339884K [0x000000076d200000, 0x0000000784b00000, 0x00000007c0000000)
  eden space 325120K, 100% used [0x000000076d200000,0x0000000780f80000,0x0000000780f80000)
  from space 14848K, 99% used [0x0000000783c80000,0x0000000784aeb248,0x0000000784b00000)
  to   space 19456K, 0% used [0x0000000782500000,0x0000000782500000,0x0000000783800000)
 ParOldGen       total 136704K, used 18731K [0x00000006c7600000, 0x00000006cfb80000, 0x000000076d200000)
  object space 136704K, 13% used [0x00000006c7600000,0x00000006c884aee0,0x00000006cfb80000)
 Metaspace       used 56546K, capacity 58927K, committed 59160K, reserved 1101824K
  class space    used 7272K, capacity 7704K, committed 7808K, reserved 1048576K
Event: 5.944 GC heap after
Heap after GC invocations=11 (full 2):
 PSYoungGen      total 366592K, used 19455K [0x000000076d200000, 0x0000000789900000, 0x00000007c0000000)
  eden space 347136K, 0% used [0x000000076d200000,0x000000076d200000,0x0000000782500000)
  from space 19456K, 99% used [0x0000000782500000,0x00000007837ffc90,0x0000000783800000)
  to   space 24064K, 0% used [0x0000000788180000,0x0000000788180000,0x0000000789900000)
 ParOldGen       total 136704K, used 23132K [0x00000006c7600000, 0x00000006cfb80000, 0x000000076d200000)
  object space 136704K, 16% used [0x00000006c7600000,0x00000006c8c972b0,0x00000006cfb80000)
 Metaspace       used 56546K, capacity 58927K, committed 59160K, reserved 1101824K
  class space    used 7272K, capacity 7704K, committed 7808K, reserved 1048576K
}
Event: 5.959 GC heap before
{Heap before GC invocations=12 (full 2):
 PSYoungGen      total 366592K, used 30132K [0x000000076d200000, 0x0000000789900000, 0x00000007c0000000)
  eden space 347136K, 3% used [0x000000076d200000,0x000000076dc6d728,0x0000000782500000)
  from space 19456K, 99% used [0x0000000782500000,0x00000007837ffc90,0x0000000783800000)
  to   space 24064K, 0% used [0x0000000788180000,0x0000000788180000,0x0000000789900000)
 ParOldGen       total 136704K, used 23132K [0x00000006c7600000, 0x00000006cfb80000, 0x000000076d200000)
  object space 136704K, 16% used [0x00000006c7600000,0x00000006c8c972b0,0x00000006cfb80000)
 Metaspace       used 56654K, capacity 59065K, committed 59160K, reserved 1101824K
  class space    used 7296K, capacity 7727K, committed 7808K, reserved 1048576K
Event: 5.971 GC heap after
Heap after GC invocations=12 (full 2):
 PSYoungGen      total 441344K, used 16632K [0x000000076d200000, 0x000000078fc00000, 0x00000007c0000000)
  eden space 417280K, 0% used [0x000000076d200000,0x000000076d200000,0x0000000786980000)
  from space 24064K, 69% used [0x0000000788180000,0x00000007891be170,0x0000000789900000)
  to   space 24576K, 0% used [0x0000000786980000,0x0000000786980000,0x0000000788180000)
 ParOldGen       total 136704K, used 23132K [0x00000006c7600000, 0x00000006cfb80000, 0x000000076d200000)
  object space 136704K, 16% used [0x00000006c7600000,0x00000006c8c972b0,0x00000006cfb80000)
 Metaspace       used 56654K, capacity 59065K, committed 59160K, reserved 1101824K
  class space    used 7296K, capacity 7727K, committed 7808K, reserved 1048576K
}
Event: 5.971 GC heap before
{Heap before GC invocations=13 (full 3):
 PSYoungGen      total 441344K, used 16632K [0x000000076d200000, 0x000000078fc00000, 0x00000007c0000000)
  eden space 417280K, 0% used [0x000000076d200000,0x000000076d200000,0x0000000786980000)
  from space 24064K, 69% used [0x0000000788180000,0x00000007891be170,0x0000000789900000)
  to   space 24576K, 0% used [0x0000000786980000,0x0000000786980000,0x0000000788180000)
 ParOldGen       total 136704K, used 23132K [0x00000006c7600000, 0x00000006cfb80000, 0x000000076d200000)
  object space 136704K, 16% used [0x00000006c7600000,0x00000006c8c972b0,0x00000006cfb80000)
 Metaspace       used 56654K, capacity 59065K, committed 59160K, reserved 1101824K
  class space    used 7296K, capacity 7727K, committed 7808K, reserved 1048576K
Event: 6.114 GC heap after
Heap after GC invocations=13 (full 3):
 PSYoungGen      total 441344K, used 0K [0x000000076d200000, 0x000000078fc00000, 0x00000007c0000000)
  eden space 417280K, 0% used [0x000000076d200000,0x000000076d200000,0x0000000786980000)
  from space 24064K, 0% used [0x0000000788180000,0x0000000788180000,0x0000000789900000)
  to   space 24576K, 0% used [0x0000000786980000,0x0000000786980000,0x0000000788180000)
 ParOldGen       total 166400K, used 32686K [0x00000006c7600000, 0x00000006d1880000, 0x000000076d200000)
  object space 166400K, 19% used [0x00000006c7600000,0x00000006c95eb900,0x00000006d1880000)
 Metaspace       used 56654K, capacity 59065K, committed 59160K, reserved 1101824K
  class space    used 7296K, capacity 7727K, committed 7808K, reserved 1048576K
}
Event: 617.893 GC heap before
{Heap before GC invocations=14 (full 3):
 PSYoungGen      total 441344K, used 417280K [0x000000076d200000, 0x000000078fc00000, 0x00000007c0000000)
  eden space 417280K, 100% used [0x000000076d200000,0x0000000786980000,0x0000000786980000)
  from space 24064K, 0% used [0x0000000788180000,0x0000000788180000,0x0000000789900000)
  to   space 24576K, 0% used [0x0000000786980000,0x0000000786980000,0x0000000788180000)
 ParOldGen       total 166400K, used 32686K [0x00000006c7600000, 0x00000006d1880000, 0x000000076d200000)
  object space 166400K, 19% used [0x00000006c7600000,0x00000006c95eb900,0x00000006d1880000)
 Metaspace       used 60984K, capacity 63611K, committed 63872K, reserved 1105920K
  class space    used 7813K, capacity 8298K, committed 8320K, reserved 1048576K
Event: 617.898 GC heap after
Heap after GC invocations=14 (full 3):
 PSYoungGen      total 441856K, used 6657K [0x000000076d200000, 0x0000000794f00000, 0x00000007c0000000)
  eden space 417280K, 0% used [0x000000076d200000,0x000000076d200000,0x0000000786980000)
  from space 24576K, 27% used [0x0000000786980000,0x0000000787000598,0x0000000788180000)
  to   space 24064K, 0% used [0x0000000793780000,0x0000000793780000,0x0000000794f00000)
 ParOldGen       total 166400K, used 32694K [0x00000006c7600000, 0x00000006d1880000, 0x000000076d200000)
  object space 166400K, 19% used [0x00000006c7600000,0x00000006c95ed900,0x00000006d1880000)
 Metaspace       used 60984K, capacity 63611K, committed 63872K, reserved 1105920K
  class space    used 7813K, capacity 8298K, committed 8320K, reserved 1048576K
}
Event: 1539.432 GC heap before
{Heap before GC invocations=15 (full 3):
 PSYoungGen      total 441856K, used 423937K [0x000000076d200000, 0x0000000794f00000, 0x00000007c0000000)
  eden space 417280K, 100% used [0x000000076d200000,0x0000000786980000,0x0000000786980000)
  from space 24576K, 27% used [0x0000000786980000,0x0000000787000598,0x0000000788180000)
  to   space 24064K, 0% used [0x0000000793780000,0x0000000793780000,0x0000000794f00000)
 ParOldGen       total 166400K, used 32694K [0x00000006c7600000, 0x00000006d1880000, 0x000000076d200000)
  object space 166400K, 19% used [0x00000006c7600000,0x00000006c95ed900,0x00000006d1880000)
 Metaspace       used 60996K, capacity 63675K, committed 63872K, reserved 1105920K
  class space    used 7813K, capacity 8298K, committed 8320K, reserved 1048576K
Event: 1539.436 GC heap after
Heap after GC invocations=15 (full 3):
 PSYoungGen      total 600576K, used 128K [0x000000076d200000, 0x0000000794280000, 0x00000007c0000000)
  eden space 589312K, 0% used [0x000000076d200000,0x000000076d200000,0x0000000791180000)
  from space 11264K, 1% used [0x0000000793780000,0x00000007937a0000,0x0000000794280000)
  to   space 25088K, 0% used [0x0000000791180000,0x0000000791180000,0x0000000792a00000)
 ParOldGen       total 166400K, used 36456K [0x00000006c7600000, 0x00000006d1880000, 0x000000076d200000)
  object space 166400K, 21% used [0x00000006c7600000,0x00000006c999a330,0x00000006d1880000)
 Metaspace       used 60996K, capacity 63675K, committed 63872K, reserved 1105920K
  class space    used 7813K, capacity 8298K, committed 8320K, reserved 1048576K
}

Deoptimization events (10 events):
Event: 10.654 Thread 0x00007f3f6df7e000 Uncommon trap: reason=unstable_if action=reinterpret pc=0x00007f3fdd892c68 method=java.net.URLStreamHandler.toExternalForm(Ljava/net/URL;)Ljava/lang/String; @ 24
Event: 10.654 Thread 0x00007f3f6df80000 Uncommon trap: reason=unstable_if action=reinterpret pc=0x00007f3fdd892c68 method=java.net.URLStreamHandler.toExternalForm(Ljava/net/URL;)Ljava/lang/String; @ 24
Event: 10.768 Thread 0x00007f3f6df80000 Uncommon trap: reason=unstable_if action=reinterpret pc=0x00007f3fdd5459cc method=java.io.BufferedInputStream.fill()V @ 9
Event: 10.965 Thread 0x00007f3f6df80000 Uncommon trap: reason=unstable_if action=reinterpret pc=0x00007f3fdd375bc0 method=java.lang.String.lastIndexOf([CII[CIII)I @ 118
Event: 10.978 Thread 0x00007f3f6df7e000 Uncommon trap: reason=unstable_if action=reinterpret pc=0x00007f3fdc91138c method=java.lang.String.lastIndexOf([CII[CIII)I @ 118
Event: 10.998 Thread 0x00007f3f6df7e000 Uncommon trap: reason=unstable_if action=reinterpret pc=0x00007f3fdc6e0100 method=sun.nio.cs.UTF_8$Encoder.encode([CII[B)I @ 33
Event: 40.228 Thread 0x00007f3f6df82000 Uncommon trap: reason=bimorphic action=maybe_recompile pc=0x00007f3fdd634294 method=java.net.URL.<init>(Ljava/net/URL;Ljava/lang/String;Ljava/net/URLStreamHandler;)V @ 504
Event: 40.228 Thread 0x00007f3f6df80000 Uncommon trap: reason=bimorphic action=maybe_recompile pc=0x00007f3fdd634294 method=java.net.URL.<init>(Ljava/net/URL;Ljava/lang/String;Ljava/net/URLStreamHandler;)V @ 504
Event: 40.228 Thread 0x00007f3f6df82000 Uncommon trap: reason=unstable_if action=reinterpret pc=0x00007f3fdca09aec method=java.net.URL.set(Ljava/lang/String;Ljava/lang/String;ILjava/lang/String;Ljava/lang/String;Ljava/lang/String;Ljava/lang/String;Ljava/lang/String;)V @ 23
Event: 2527.463 Thread 0x00007f3f6dfb8000 Uncommon trap: reason=unstable_if action=reinterpret pc=0x00007f3fdcdb85f8 method=org.apache.tomcat.util.net.NioEndpoint$Poller.events()Z @ 18

Classes redefined (0 events):
No events

Internal exceptions (10 events):
Event: 10.340 Thread 0x00007f3f6df72000 Exception <a 'java/lang/ClassNotFoundException': org/springframework/web/servlet/theme/AbstractThemeResolverCustomizer> (0x0000000773664818) thrown at [/build/openjdk-8-8u171-b11/src/hotspot/src/share/vm/classfile/systemDictionary.cpp, line 210]
Event: 10.340 Thread 0x00007f3f6df72000 Exception <a 'java/lang/ClassNotFoundException': org/springframework/web/servlet/theme/FixedThemeResolverCustomizer> (0x00000007736884d0) thrown at [/build/openjdk-8-8u171-b11/src/hotspot/src/share/vm/classfile/systemDictionary.cpp, line 210]
Event: 10.340 Thread 0x00007f3f6df72000 Exception <a 'java/lang/ClassNotFoundException': org/springframework/web/servlet/ThemeResolverCustomizer> (0x00000007736a89e8) thrown at [/build/openjdk-8-8u171-b11/src/hotspot/src/share/vm/classfile/systemDictionary.cpp, line 210]
Event: 10.343 Thread 0x00007f3f6df72000 Exception <a 'java/lang/ClassNotFoundException': java/lang/ObjectCustomizer> (0x00000007736df4e8) thrown at [/build/openjdk-8-8u171-b11/src/hotspot/src/share/vm/classfile/systemDictionary.cpp, line 210]
Event: 10.344 Thread 0x00007f3f6df72000 Exception <a 'java/lang/ClassNotFoundException': org/springframework/web/servlet/view/DefaultRequestToViewNameTranslatorCustomizer> (0x0000000773708910) thrown at [/build/openjdk-8-8u171-b11/src/hotspot/src/share/vm/classfile/systemDictionary.cpp, line 21
Event: 10.344 Thread 0x00007f3f6df72000 Exception <a 'java/lang/ClassNotFoundException': org/springframework/web/servlet/RequestToViewNameTranslatorCustomizer> (0x000000077373c240) thrown at [/build/openjdk-8-8u171-b11/src/hotspot/src/share/vm/classfile/systemDictionary.cpp, line 210]
Event: 10.348 Thread 0x00007f3f6df72000 Exception <a 'java/lang/ClassNotFoundException': java/lang/ObjectCustomizer> (0x0000000773791640) thrown at [/build/openjdk-8-8u171-b11/src/hotspot/src/share/vm/classfile/systemDictionary.cpp, line 210]
Event: 10.348 Thread 0x00007f3f6df72000 Exception <a 'java/lang/ClassNotFoundException': org/springframework/web/servlet/support/AbstractFlashMapManagerCustomizer> (0x00000007737b7d40) thrown at [/build/openjdk-8-8u171-b11/src/hotspot/src/share/vm/classfile/systemDictionary.cpp, line 210]
Event: 10.349 Thread 0x00007f3f6df72000 Exception <a 'java/lang/ClassNotFoundException': org/springframework/web/servlet/support/SessionFlashMapManagerCustomizer> (0x00000007737e2368) thrown at [/build/openjdk-8-8u171-b11/src/hotspot/src/share/vm/classfile/systemDictionary.cpp, line 210]
Event: 10.349 Thread 0x00007f3f6df72000 Exception <a 'java/lang/ClassNotFoundException': org/springframework/web/servlet/FlashMapManagerCustomizer> (0x0000000773802998) thrown at [/build/openjdk-8-8u171-b11/src/hotspot/src/share/vm/classfile/systemDictionary.cpp, line 210]

Events (10 events):
Event: 2761.858 Thread 0x00007f3fec68b800 flushing nmethod 0x00007f3fdd217450
Event: 2761.858 Thread 0x00007f3fec68b800 flushing nmethod 0x00007f3fdd3fdb50
Event: 2761.860 Thread 0x00007f3fec68b800 flushing nmethod 0x00007f3fdd44ea90
Event: 2761.860 Thread 0x00007f3fec68b800 flushing nmethod 0x00007f3fdd4d0950
Event: 2761.865 Executing VM operation: RevokeBias
Event: 2761.865 Executing VM operation: RevokeBias done
Event: 2761.875 Thread 0x00007f3fec68b800 flushing nmethod 0x00007f3fdd79e7d0
Event: 2762.045 Executing VM operation: RevokeBias
Event: 2762.045 Executing VM operation: RevokeBias done
Event: 2762.475 Thread 0x00007f3f34003800 Thread added: 0x00007f3f34003800


Dynamic libraries:
6c7600000-6d1880000 rw-p 00000000 00:00 0 
6d1880000-6d1d00000 ---p 00000000 00:00 0 
6d1d00000-76d200000 ---p 00000000 00:00 0 
76d200000-794280000 rw-p 00000000 00:00 0 
794280000-794f00000 ---p 00000000 00:00 0 
794f00000-7c0000000 ---p 00000000 00:00 0 
7c0000000-7c0820000 rw-p 00000000 00:00 0 
7c0820000-800000000 ---p 00000000 00:00 0 
5641925ef000-5641925f0000 r-xp 00000000 08:12 13897460                   /usr/lib/jvm/java-8-openjdk-amd64/jre/bin/java
5641927ef000-5641927f0000 r--p 00000000 08:12 13897460                   /usr/lib/jvm/java-8-openjdk-amd64/jre/bin/java
5641927f0000-5641927f1000 rw-p 00001000 08:12 13897460                   /usr/lib/jvm/java-8-openjdk-amd64/jre/bin/java
564192ea0000-564192ec1000 rw-p 00000000 00:00 0                          [heap]
7f3f08000000-7f3f08021000 rw-p 00000000 00:00 0 
7f3f08021000-7f3f0c000000 ---p 00000000 00:00 0 
7f3f0c000000-7f3f0c021000 rw-p 00000000 00:00 0 
7f3f0c021000-7f3f10000000 ---p 00000000 00:00 0 
7f3f10000000-7f3f10021000 rw-p 00000000 00:00 0 
7f3f10021000-7f3f14000000 ---p 00000000 00:00 0 
7f3f14000000-7f3f14021000 rw-p 00000000 00:00 0 
7f3f14021000-7f3f18000000 ---p 00000000 00:00 0 
7f3f18000000-7f3f180a3000 rw-p 00000000 00:00 0 
7f3f180a3000-7f3f1c000000 ---p 00000000 00:00 0 
7f3f1c000000-7f3f1c023000 rw-p 00000000 00:00 0 
7f3f1c023000-7f3f20000000 ---p 00000000 00:00 0 
7f3f20000000-7f3f20021000 rw-p 00000000 00:00 0 
7f3f20021000-7f3f24000000 ---p 00000000 00:00 0 
7f3f24000000-7f3f240e1000 rw-p 00000000 00:00 0 
7f3f240e1000-7f3f28000000 ---p 00000000 00:00 0 
7f3f28000000-7f3f28021000 rw-p 00000000 00:00 0 
7f3f28021000-7f3f2c000000 ---p 00000000 00:00 0 
7f3f2c000000-7f3f2c021000 rw-p 00000000 00:00 0 
7f3f2c021000-7f3f30000000 ---p 00000000 00:00 0 
7f3f30000000-7f3f30021000 rw-p 00000000 00:00 0 
7f3f30021000-7f3f34000000 ---p 00000000 00:00 0 
7f3f34000000-7f3f34021000 rw-p 00000000 00:00 0 
7f3f34021000-7f3f38000000 ---p 00000000 00:00 0 
7f3f38000000-7f3f38318000 rw-p 00000000 00:00 0 
7f3f38318000-7f3f3c000000 ---p 00000000 00:00 0 
7f3f3c000000-7f3f3c021000 rw-p 00000000 00:00 0 
7f3f3c021000-7f3f40000000 ---p 00000000 00:00 0 
7f3f40000000-7f3f40021000 rw-p 00000000 00:00 0 
7f3f40021000-7f3f44000000 ---p 00000000 00:00 0 
7f3f44000000-7f3f44021000 rw-p 00000000 00:00 0 
7f3f44021000-7f3f48000000 ---p 00000000 00:00 0 
7f3f48000000-7f3f48021000 rw-p 00000000 00:00 0 
7f3f48021000-7f3f4c000000 ---p 00000000 00:00 0 
7f3f4c000000-7f3f4c021000 rw-p 00000000 00:00 0 
7f3f4c021000-7f3f50000000 ---p 00000000 00:00 0 
7f3f50000000-7f3f50021000 rw-p 00000000 00:00 0 
7f3f50021000-7f3f54000000 ---p 00000000 00:00 0 
7f3f54000000-7f3f54021000 rw-p 00000000 00:00 0 
7f3f54021000-7f3f58000000 ---p 00000000 00:00 0 
7f3f58000000-7f3f58021000 rw-p 00000000 00:00 0 
7f3f58021000-7f3f5c000000 ---p 00000000 00:00 0 
7f3f5c000000-7f3f5c036000 rw-p 00000000 00:00 0 
7f3f5c036000-7f3f60000000 ---p 00000000 00:00 0 
7f3f60000000-7f3f60569000 rw-p 00000000 00:00 0 
7f3f60569000-7f3f64000000 ---p 00000000 00:00 0 
7f3f64000000-7f3f64945000 rw-p 00000000 00:00 0 
7f3f64945000-7f3f68000000 ---p 00000000 00:00 0 
7f3f68000000-7f3f68021000 rw-p 00000000 00:00 0 
7f3f68021000-7f3f6c000000 ---p 00000000 00:00 0 
7f3f6c000000-7f3f6e016000 rw-p 00000000 00:00 0 
7f3f6e016000-7f3f70000000 ---p 00000000 00:00 0 
7f3f70000000-7f3f70021000 rw-p 00000000 00:00 0 
7f3f70021000-7f3f74000000 ---p 00000000 00:00 0 
7f3f74000000-7f3f74021000 rw-p 00000000 00:00 0 
7f3f74021000-7f3f78000000 ---p 00000000 00:00 0 
7f3f78000000-7f3f7a462000 rw-p 00000000 00:00 0 
7f3f7a462000-7f3f7c000000 ---p 00000000 00:00 0 
7f3f7c000000-7f3f7d482000 rw-p 00000000 00:00 0 
7f3f7d482000-7f3f80000000 ---p 00000000 00:00 0 
7f3f80000000-7f3f83ffc000 rw-p 00000000 00:00 0 
7f3f83ffc000-7f3f84000000 ---p 00000000 00:00 0 
7f3f84000000-7f3f8766b000 rw-p 00000000 00:00 0 
7f3f8766b000-7f3f88000000 ---p 00000000 00:00 0 
7f3f88000000-7f3f880dc000 rw-p 00000000 00:00 0 
7f3f880dc000-7f3f8c000000 ---p 00000000 00:00 0 
7f3f8c000000-7f3f8c021000 rw-p 00000000 00:00 0 
7f3f8c021000-7f3f90000000 ---p 00000000 00:00 0 
7f3f90000000-7f3f90021000 rw-p 00000000 00:00 0 
7f3f90021000-7f3f94000000 ---p 00000000 00:00 0 
7f3f94000000-7f3f94057000 rw-p 00000000 00:00 0 
7f3f94057000-7f3f98000000 ---p 00000000 00:00 0 
7f3f98000000-7f3f98021000 rw-p 00000000 00:00 0 
7f3f98021000-7f3f9c000000 ---p 00000000 00:00 0 
7f3f9c000000-7f3f9c021000 rw-p 00000000 00:00 0 
7f3f9c021000-7f3fa0000000 ---p 00000000 00:00 0 
7f3fa0000000-7f3fa00c3000 rw-p 00000000 00:00 0 
7f3fa00c3000-7f3fa4000000 ---p 00000000 00:00 0 
7f3fa43b0000-7f3fac000000 rw-p 00000000 00:00 0 
7f3fac000000-7f3fac021000 rw-p 00000000 00:00 0 
7f3fac021000-7f3fb0000000 ---p 00000000 00:00 0 
7f3fb0000000-7f3fb0021000 rw-p 00000000 00:00 0 
7f3fb0021000-7f3fb4000000 ---p 00000000 00:00 0 
7f3fb4000000-7f3fb4021000 rw-p 00000000 00:00 0 
7f3fb4021000-7f3fb8000000 ---p 00000000 00:00 0 
7f3fb8000000-7f3fb8021000 rw-p 00000000 00:00 0 
7f3fb8021000-7f3fbc000000 ---p 00000000 00:00 0 
7f3fbc000000-7f3fbc021000 rw-p 00000000 00:00 0 
7f3fbc021000-7f3fc0000000 ---p 00000000 00:00 0 
7f3fc25d0000-7f3fc2650000 rw-p 00000000 00:00 0 
7f3fc2650000-7f3fc27d0000 ---p 00000000 00:00 0 
7f3fc27d0000-7f3fc27e4000 r-xp 00000000 08:12 3932184                    /lib/x86_64-linux-gnu/libresolv-2.24.so
7f3fc27e4000-7f3fc29e3000 ---p 00014000 08:12 3932184                    /lib/x86_64-linux-gnu/libresolv-2.24.so
7f3fc29e3000-7f3fc29e4000 r--p 00013000 08:12 3932184                    /lib/x86_64-linux-gnu/libresolv-2.24.so
7f3fc29e4000-7f3fc29e5000 rw-p 00014000 08:12 3932184                    /lib/x86_64-linux-gnu/libresolv-2.24.so
7f3fc29e5000-7f3fc29e7000 rw-p 00000000 00:00 0 
7f3fc29e7000-7f3fc29ec000 r-xp 00000000 08:12 3932177                    /lib/x86_64-linux-gnu/libnss_dns-2.24.so
7f3fc29ec000-7f3fc2beb000 ---p 00005000 08:12 3932177                    /lib/x86_64-linux-gnu/libnss_dns-2.24.so
7f3fc2beb000-7f3fc2bec000 r--p 00004000 08:12 3932177                    /lib/x86_64-linux-gnu/libnss_dns-2.24.so
7f3fc2bec000-7f3fc2bed000 rw-p 00005000 08:12 3932177                    /lib/x86_64-linux-gnu/libnss_dns-2.24.so
7f3fc2bed000-7f3fc2bef000 r-xp 00000000 08:12 3935447                    /lib/x86_64-linux-gnu/libnss_mdns4_minimal.so.2
7f3fc2bef000-7f3fc2dee000 ---p 00002000 08:12 3935447                    /lib/x86_64-linux-gnu/libnss_mdns4_minimal.so.2
7f3fc2dee000-7f3fc2def000 r--p 00001000 08:12 3935447                    /lib/x86_64-linux-gnu/libnss_mdns4_minimal.so.2
7f3fc2def000-7f3fc2df0000 rw-p 00002000 08:12 3935447                    /lib/x86_64-linux-gnu/libnss_mdns4_minimal.so.2
7f3fc2df0000-7f3fc2ff0000 rw-p 00000000 00:00 0 
7f3fc2ff0000-7f3fc2ff3000 ---p 00000000 00:00 0 
7f3fc2ff3000-7f3fc30f1000 rw-p 00000000 00:00 0 
7f3fc30f1000-7f3fc30f4000 ---p 00000000 00:00 0 
7f3fc30f4000-7f3fc31f2000 rw-p 00000000 00:00 0 
7f3fc31f2000-7f3fc31f5000 ---p 00000000 00:00 0 
7f3fc31f5000-7f3fc32f3000 rw-p 00000000 00:00 0 
7f3fc32f3000-7f3fc32f6000 ---p 00000000 00:00 0 
7f3fc32f6000-7f3fc33f4000 rw-p 00000000 00:00 0 
7f3fc33f4000-7f3fc33f7000 ---p 00000000 00:00 0 
7f3fc33f7000-7f3fc34f5000 rw-p 00000000 00:00 0 
7f3fc34f5000-7f3fc34f8000 ---p 00000000 00:00 0 
7f3fc34f8000-7f3fc35f6000 rw-p 00000000 00:00 0 
7f3fc35f6000-7f3fc35f9000 ---p 00000000 00:00 0 
7f3fc35f9000-7f3fc36f7000 rw-p 00000000 00:00 0 
7f3fc36f7000-7f3fc36fa000 ---p 00000000 00:00 0 
7f3fc36fa000-7f3fc37f8000 rw-p 00000000 00:00 0 
7f3fc37f8000-7f3fc37fb000 ---p 00000000 00:00 0 
7f3fc37fb000-7f3fc38f9000 rw-p 00000000 00:00 0 
7f3fc38f9000-7f3fc38fc000 ---p 00000000 00:00 0 
7f3fc38fc000-7f3fc39fa000 rw-p 00000000 00:00 0 
7f3fc39fa000-7f3fc39fd000 ---p 00000000 00:00 0 
7f3fc39fd000-7f3fc3afb000 rw-p 00000000 00:00 0 
7f3fc3afb000-7f3fc3afe000 ---p 00000000 00:00 0 
7f3fc3afe000-7f3fc3bfc000 rw-p 00000000 00:00 0 
7f3fc3bfc000-7f3fc3bff000 ---p 00000000 00:00 0 
7f3fc3bff000-7f3fc3cfd000 rw-p 00000000 00:00 0 
7f3fc3cfd000-7f3fc3d00000 ---p 00000000 00:00 0 
7f3fc3d00000-7f3fc3dfe000 rw-p 00000000 00:00 0 
7f3fc3dfe000-7f3fc3e01000 ---p 00000000 00:00 0 
7f3fc3e01000-7f3fc3eff000 rw-p 00000000 00:00 0 
7f3fc3eff000-7f3fc3f02000 ---p 00000000 00:00 0 
7f3fc3f02000-7f3fc4000000 rw-p 00000000 00:00 0 
7f3fc4000000-7f3fc4021000 rw-p 00000000 00:00 0 
7f3fc4021000-7f3fc8000000 ---p 00000000 00:00 0 
7f3fc80fc000-7f3fc80ff000 ---p 00000000 00:00 0 
7f3fc80ff000-7f3fc81fd000 rw-p 00000000 00:00 0 
7f3fc81fd000-7f3fc83fd000 rw-p 00000000 00:00 0 
7f3fc83fd000-7f3fc85fd000 rw-p 00000000 00:00 0 
7f3fc85fd000-7f3fc8600000 ---p 00000000 00:00 0 
7f3fc8600000-7f3fc86fe000 rw-p 00000000 00:00 0 
7f3fc86fe000-7f3fc8701000 ---p 00000000 00:00 0 
7f3fc8701000-7f3fc87ff000 rw-p 00000000 00:00 0 
7f3fc87ff000-7f3fc89ff000 rw-p 00000000 00:00 0 
7f3fc89ff000-7f3fc8bff000 rw-p 00000000 00:00 0 
7f3fc8bff000-7f3fc8dff000 rw-p 00000000 00:00 0 
7f3fc8dff000-7f3fc8fff000 rw-p 00000000 00:00 0 
7f3fc8fff000-7f3fcc000000 rw-p 00000000 00:00 0 
7f3fcc000000-7f3fcc021000 rw-p 00000000 00:00 0 
7f3fcc021000-7f3fd0000000 ---p 00000000 00:00 0 
7f3fd0072000-7f3fd0272000 rw-p 00000000 00:00 0 
7f3fd0272000-7f3fd0472000 rw-p 00000000 00:00 0 
7f3fd0472000-7f3fd0475000 ---p 00000000 00:00 0 
7f3fd0475000-7f3fd0573000 rw-p 00000000 00:00 0 
7f3fd0573000-7f3fd0773000 rw-p 00000000 00:00 0 
7f3fd0773000-7f3fd0973000 rw-p 00000000 00:00 0 
7f3fd099f000-7f3fd09a2000 ---p 00000000 00:00 0 
7f3fd09a2000-7f3fd0aa0000 rw-p 00000000 00:00 0 
7f3fd0aa0000-7f3fd0ca0000 rw-p 00000000 00:00 0 
7f3fd0ca0000-7f3fd0ca3000 ---p 00000000 00:00 0 
7f3fd0ca3000-7f3fd0da1000 rw-p 00000000 00:00 0 
7f3fd0da1000-7f3fd0fa1000 rw-p 00000000 00:00 0 
7f3fd0fa1000-7f3fd11a1000 rw-p 00000000 00:00 0 
7f3fd11a1000-7f3fd13a1000 rw-p 00000000 00:00 0 
7f3fd13a1000-7f3fd15a1000 rw-p 00000000 00:00 0 
7f3fd15a1000-7f3fd17a1000 rw-p 00000000 00:00 0 
7f3fd17a1000-7f3fd19a1000 rw-p 00000000 00:00 0 
7f3fd19e0000-7f3fd19e3000 ---p 00000000 00:00 0 
7f3fd19e3000-7f3fd1ae1000 rw-p 00000000 00:00 0 
7f3fd1ae1000-7f3fd1af2000 r-xp 00000000 08:12 13898510                   /usr/lib/jvm/java-8-openjdk-amd64/jre/lib/amd64/libnio.so
7f3fd1af2000-7f3fd1cf2000 ---p 00011000 08:12 13898510                   /usr/lib/jvm/java-8-openjdk-amd64/jre/lib/amd64/libnio.so
7f3fd1cf2000-7f3fd1cf3000 r--p 00011000 08:12 13898510                   /usr/lib/jvm/java-8-openjdk-amd64/jre/lib/amd64/libnio.so
7f3fd1cf3000-7f3fd1cf4000 rw-p 00012000 08:12 13898510                   /usr/lib/jvm/java-8-openjdk-amd64/jre/lib/amd64/libnio.so
7f3fd1cf4000-7f3fd1ef4000 rw-p 00000000 00:00 0 
7f3fd1ef4000-7f3fd20f4000 rw-p 00000000 00:00 0 
7f3fd20f4000-7f3fd20f9000 r--s 0009d000 08:12 13898549                   /usr/lib/jvm/java-8-openjdk-amd64/jre/lib/jsse.jar
7f3fd21b0000-7f3fd21b5000 r--s 002f9000 08:12 13898520                   /usr/lib/jvm/java-8-openjdk-amd64/jre/lib/charsets.jar
7f3fd21b5000-7f3fd23b5000 rw-p 00000000 00:00 0 
7f3fd23b5000-7f3fd23cc000 r-xp 00000000 08:12 13898509                   /usr/lib/jvm/java-8-openjdk-amd64/jre/lib/amd64/libnet.so
7f3fd23cc000-7f3fd25cb000 ---p 00017000 08:12 13898509                   /usr/lib/jvm/java-8-openjdk-amd64/jre/lib/amd64/libnet.so
7f3fd25cb000-7f3fd25cc000 r--p 00016000 08:12 13898509                   /usr/lib/jvm/java-8-openjdk-amd64/jre/lib/amd64/libnet.so
7f3fd25cc000-7f3fd25cd000 rw-p 00017000 08:12 13898509                   /usr/lib/jvm/java-8-openjdk-amd64/jre/lib/amd64/libnet.so
7f3fd25cd000-7f3fd25d6000 r-xp 00000000 08:12 13898507                   /usr/lib/jvm/java-8-openjdk-amd64/jre/lib/amd64/libmanagement.so
7f3fd25d6000-7f3fd27d5000 ---p 00009000 08:12 13898507                   /usr/lib/jvm/java-8-openjdk-amd64/jre/lib/amd64/libmanagement.so
7f3fd27d5000-7f3fd27d6000 r--p 00008000 08:12 13898507                   /usr/lib/jvm/java-8-openjdk-amd64/jre/lib/amd64/libmanagement.so
7f3fd27d6000-7f3fd27d7000 rw-p 00009000 08:12 13898507                   /usr/lib/jvm/java-8-openjdk-amd64/jre/lib/amd64/libmanagement.so
7f3fd27d7000-7f3fd29d7000 rw-p 00000000 00:00 0 
7f3fd29d7000-7f3fd2bd7000 rw-p 00000000 00:00 0 
7f3fd2bd7000-7f3fd2bda000 ---p 00000000 00:00 0 
7f3fd2bda000-7f3fd2cd8000 rw-p 00000000 00:00 0 
7f3fd2cd8000-7f3fd2cdb000 ---p 00000000 00:00 0 
7f3fd2cdb000-7f3fd2dd9000 rw-p 00000000 00:00 0 
7f3fd2dd9000-7f3fd2ddc000 ---p 00000000 00:00 0 
7f3fd2ddc000-7f3fd2eda000 rw-p 00000000 00:00 0 
7f3fd2eda000-7f3fd2edb000 ---p 00000000 00:00 0 
7f3fd2edb000-7f3fd2fdb000 rw-p 00000000 00:00 0 
7f3fd2fdb000-7f3fd2fde000 ---p 00000000 00:00 0 
7f3fd2fde000-7f3fd30dc000 rw-p 00000000 00:00 0 
7f3fd30dc000-7f3fd30df000 ---p 00000000 00:00 0 
7f3fd30df000-7f3fd31dd000 rw-p 00000000 00:00 0 
7f3fd31dd000-7f3fd31e0000 ---p 00000000 00:00 0 
7f3fd31e0000-7f3fd32de000 rw-p 00000000 00:00 0 
7f3fd32de000-7f3fd32e1000 ---p 00000000 00:00 0 
7f3fd32e1000-7f3fd33df000 rw-p 00000000 00:00 0 
7f3fd33df000-7f3fd33e2000 ---p 00000000 00:00 0 
7f3fd33e2000-7f3fd34e0000 rw-p 00000000 00:00 0 
7f3fd34e0000-7f3fd34e7000 r--s 00064000 08:12 5767455                    /opt/idea-IC-181.5087.20/lib/rt/debugger-agent.jar
7f3fd34e7000-7f3fd34e9000 r--s 0001a000 08:12 5767384                    /opt/idea-IC-181.5087.20/lib/idea_rt.jar
7f3fd34e9000-7f3fd3500000 r--s 00173000 08:12 18613211                   /home/vsm22/.m2/repository/org/projectlombok/lombok/1.16.22/lombok-1.16.22.jar
7f3fd3500000-7f3fd3520000 r--s 000fc000 08:12 18612750                   /home/vsm22/.m2/repository/org/springframework/boot/spring-boot-autoconfigure/2.0.3.RELEASE/spring-boot-autoconfigure-2.0.3.RELEASE.jar
7f3fd3520000-7f3fd3535000 r--s 000cf000 08:12 18612752                   /home/vsm22/.m2/repository/org/springframework/boot/spring-boot/2.0.3.RELEASE/spring-boot-2.0.3.RELEASE.jar
7f3fd3535000-7f3fd353b000 r--s 0002d000 08:12 18613226                   /home/vsm22/.m2/repository/org/springframework/boot/spring-boot-devtools/2.0.3.RELEASE/spring-boot-devtools-2.0.3.RELEASE.jar
7f3fd353b000-7f3fd3541000 r--s 00078000 08:12 18743669                   /home/vsm22/.m2/repository/com/fasterxml/woodstox/woodstox-core/5.0.3/woodstox-core-5.0.3.jar
7f3fd3541000-7f3fd3545000 r--s 00024000 08:12 12190619                   /home/vsm22/.m2/repository/org/codehaus/woodstox/stax2-api/3.1.4/stax2-api-3.1.4.jar
7f3fd3545000-7f3fd3547000 r--s 00007000 08:12 18743667                   /home/vsm22/.m2/repository/com/fasterxml/jackson/module/jackson-module-jaxb-annotations/2.9.6/jackson-module-jaxb-annotations-2.9.6.jar
7f3fd3547000-7f3fd354c000 r--s 0004b000 08:12 18612769                   /home/vsm22/.m2/repository/com/fasterxml/jackson/core/jackson-core/2.9.6/jackson-core-2.9.6.jar
7f3fd354c000-7f3fd354f000 r--s 00015000 08:12 18743665                   /home/vsm22/.m2/repository/com/fasterxml/jackson/dataformat/jackson-dataformat-xml/2.9.0/jackson-dataformat-xml-2.9.0.jar
7f3fd354f000-7f3fd3552000 r--s 0000e000 08:12 17959874                   /home/vsm22/.m2/repository/com/fasterxml/jackson/core/jackson-annotations/2.9.6/jackson-annotations-2.9.6.jar
7f3fd3552000-7f3fd355a000 r--s 00072000 08:12 18612567                   /home/vsm22/.m2/repository/org/apache/commons/commons-lang3/3.7/commons-lang3-3.7.jar
7f3fd355a000-7f3fd356b000 r--s 0008c000 08:12 13500917                   /home/vsm22/.m2/repository/joda-time/joda-time/2.10/joda-time-2.10.jar
7f3fd356b000-7f3fd356c000 r--s 00000000 08:12 18612564                   /home/vsm22/.m2/repository/org/codehaus/mojo/animal-sniffer-annotations/1.14/animal-sniffer-annotations-1.14.jar
7f3fd356c000-7f3fd356e000 r--s 00001000 08:12 18612561                   /home/vsm22/.m2/repository/com/google/j2objc/j2objc-annotations/1.1/j2objc-annotations-1.1.jar
7f3fd356e000-7f3fd3570000 r--s 00002000 08:12 18612559                   /home/vsm22/.m2/repository/com/google/errorprone/error_prone_annotations/2.1.3/error_prone_annotations-2.1.3.jar
7f3fd3570000-7f3fd3582000 r--s 00042000 08:12 18612557                   /home/vsm22/.m2/repository/org/checkerframework/checker-qual/2.0.0/checker-qual-2.0.0.jar
7f3fd3582000-7f3fd3584000 r--s 00003000 08:12 13636496                   /home/vsm22/.m2/repository/com/google/code/findbugs/jsr305/3.0.2/jsr305-3.0.2.jar
7f3fd3584000-7f3fd35b6000 r--s 0026a000 08:12 18355655                   /home/vsm22/.m2/repository/com/google/guava/guava/25.1-jre/guava-25.1-jre.jar
7f3fd35b6000-7f3fd35bb000 r--s 00034000 08:12 15206858                   /home/vsm22/.m2/repository/com/google/code/gson/gson/2.8.1/gson-2.8.1.jar
7f3fd35bb000-7f3fd35ce000 r--s 00137000 08:12 18612747                   /home/vsm22/.m2/repository/com/fasterxml/jackson/core/jackson-databind/2.9.6/jackson-databind-2.9.6.jar
7f3fd35ce000-7f3fd35d1000 r--s 00019000 08:12 15992939                   /home/vsm22/.m2/repository/io/jsonwebtoken/jjwt/0.9.0/jjwt-0.9.0.jar
7f3fd35d1000-7f3fd35db000 r--s 000ec000 08:12 12977534                   /home/vsm22/.m2/repository/mysql/mysql-connector-java/5.1.46/mysql-connector-java-5.1.46.jar
7f3fd35db000-7f3fd35dd000 r--s 0000a000 08:12 18613224                   /home/vsm22/.m2/repository/org/springframework/spring-aspects/5.0.7.RELEASE/spring-aspects-5.0.7.RELEASE.jar
7f3fd35dd000-7f3fd35df000 r--s 00009000 08:12 12719792                   /home/vsm22/.m2/repository/org/slf4j/slf4j-api/1.7.25/slf4j-api-1.7.25.jar
7f3fd35df000-7f3fd35e7000 r--s 00037000 08:12 18613227                   /home/vsm22/.m2/repository/org/springframework/spring-tx/5.0.7.RELEASE/spring-tx-5.0.7.RELEASE.jar
7f3fd35e7000-7f3fd35eb000 r--s 0002b000 08:12 18613219                   /home/vsm22/.m2/repository/org/springframework/spring-orm/5.0.7.RELEASE/spring-orm-5.0.7.RELEASE.jar
7f3fd35eb000-7f3fd3602000 r--s 000f1000 08:12 18613217                   /home/vsm22/.m2/repository/org/springframework/data/spring-data-commons/2.0.8.RELEASE/spring-data-commons-2.0.8.RELEASE.jar
7f3fd3602000-7f3fd360a000 r--s 0004b000 08:12 18613216                   /home/vsm22/.m2/repository/org/springframework/data/spring-data-jpa/2.0.8.RELEASE/spring-data-jpa-2.0.8.RELEASE.jar
7f3fd360a000-7f3fd360c000 r--s 00006000 08:12 12469433                   /home/vsm22/.m2/repository/javax/transaction/javax.transaction-api/1.2/javax.transaction-api-1.2.jar
7f3fd360c000-7f3fd360f000 r--s 00010000 08:12 17959144                   /home/vsm22/.m2/repository/org/hibernate/common/hibernate-commons-annotations/5.0.1.Final/hibernate-commons-annotations-5.0.1.Final.jar
7f3fd360f000-7f3fd3614000 r--s 00048000 08:12 13108690                   /home/vsm22/.m2/repository/dom4j/dom4j/1.6.1/dom4j-1.6.1.jar
7f3fd3614000-7f3fd3617000 r--s 0002b000 08:12 17959142                   /home/vsm22/.m2/repository/org/jboss/jandex/2.0.3.Final/jandex-2.0.3.Final.jar
7f3fd3617000-7f3fd361c000 r--s 00068000 08:12 13108688                   /home/vsm22/.m2/repository/antlr/antlr/2.7.7/antlr-2.7.7.jar
7f3fd361c000-7f3fd3626000 r--s 000ab000 08:12 13108686                   /home/vsm22/.m2/repository/org/javassist/javassist/3.22.0-GA/javassist-3.22.0-GA.jar
7f3fd3626000-7f3fd362b000 r--s 00017000 08:12 18613213                   /home/vsm22/.m2/repository/org/hibernate/javax/persistence/hibernate-jpa-2.1-api/1.0.2.Final/hibernate-jpa-2.1-api-1.0.2.Final.jar
7f3fd362b000-7f3fd36a9000 r--s 005f0000 08:12 17959138                   /home/vsm22/.m2/repository/org/hibernate/hibernate-core/5.2.17.Final/hibernate-core-5.2.17.Final.jar
7f3fd36a9000-7f3fd36b2000 r--s 00059000 08:12 18613207                   /home/vsm22/.m2/repository/org/springframework/spring-jdbc/5.0.7.RELEASE/spring-jdbc-5.0.7.RELEASE.jar
7f3fd36b2000-7f3fd36b6000 r--s 00020000 08:12 12977532                   /home/vsm22/.m2/repository/com/zaxxer/HikariCP/2.7.9/HikariCP-2.7.9.jar
7f3fd36b6000-7f3fd36b7000 r--s 00000000 08:12 18613209                   /home/vsm22/.m2/repository/org/springframework/boot/spring-boot-starter-jdbc/2.0.3.RELEASE/spring-boot-starter-jdbc-2.0.3.RELEASE.jar
7f3fd36b7000-7f3fd36d0000 r--s 001bf000 08:12 12850400                   /home/vsm22/.m2/repository/org/aspectj/aspectjweaver/1.8.13/aspectjweaver-1.8.13.jar
7f3fd36d0000-7f3fd36d1000 r--s 00000000 08:12 18613205                   /home/vsm22/.m2/repository/org/springframework/boot/spring-boot-starter-aop/2.0.3.RELEASE/spring-boot-starter-aop-2.0.3.RELEASE.jar
7f3fd36d1000-7f3fd36d2000 r--s 00000000 08:12 18613203                   /home/vsm22/.m2/repository/org/springframework/boot/spring-boot-starter-data-jpa/2.0.3.RELEASE/spring-boot-starter-data-jpa-2.0.3.RELEASE.jar
7f3fd36d2000-7f3fd36e0000 r--s 0006b000 08:12 18612761                   /home/vsm22/.m2/repository/org/springframework/security/spring-security-web/5.0.6.RELEASE/spring-security-web-5.0.6.RELEASE.jar
7f3fd36e0000-7f3fd36ec000 r--s 0005c000 08:12 18612779                   /home/vsm22/.m2/repository/org/springframework/security/spring-security-core/5.0.6.RELEASE/spring-security-core-5.0.6.RELEASE.jar
7f3fd36ec000-7f3fd36f7000 r--s 0009e000 08:12 18612776                   /home/vsm22/.m2/repository/org/springframework/security/spring-security-config/5.0.6.RELEASE/spring-security-config-5.0.6.RELEASE.jar
7f3fd36f7000-7f3fd3700000 r--s 00051000 08:12 18219381                   /home/vsm22/.m2/repository/org/springframework/spring-aop/5.0.7.RELEASE/spring-aop-5.0.7.RELEASE.jar
7f3fd3700000-7f3fd3701000 r--s 00000000 08:12 18612772                   /home/vsm22/.m2/repository/org/springframework/boot/spring-boot-starter-security/2.0.3.RELEASE/spring-boot-starter-security-2.0.3.RELEASE.jar
7f3fd3701000-7f3fd3706000 r--s 00040000 08:12 18219375                   /home/vsm22/.m2/repository/org/springframework/spring-expression/5.0.7.RELEASE/spring-expression-5.0.7.RELEASE.jar
7f3fd3706000-7f3fd3720000 r--s 000f1000 08:12 18219372                   /home/vsm22/.m2/repository/org/springframework/spring-context/5.0.7.RELEASE/spring-context-5.0.7.RELEASE.jar
7f3fd3720000-7f3fd372f000 r--s 000b2000 08:12 18219361                   /home/vsm22/.m2/repository/org/springframework/spring-webmvc/5.0.7.RELEASE/spring-webmvc-5.0.7.RELEASE.jar
7f3fd372f000-7f3fd373b000 r--s 00096000 08:12 18219425                   /home/vsm22/.m2/repository/org/springframework/spring-beans/5.0.7.RELEASE/spring-beans-5.0.7.RELEASE.jar
7f3fd373b000-7f3fd3755000 r--s 00119000 08:12 18219370                   /home/vsm22/.m2/repository/org/springframework/spring-web/5.0.7.RELEASE/spring-web-5.0.7.RELEASE.jar
7f3fd3755000-7f3fd3757000 r--s 0000e000 08:12 17959123                   /home/vsm22/.m2/repository/com/fasterxml/classmate/1.3.4/classmate-1.3.4.jar
7f3fd3757000-7f3fd3759000 r--s 0000f000 08:12 17959120                   /home/vsm22/.m2/repository/org/jboss/logging/jboss-logging/3.3.2.Final/jboss-logging-3.3.2.Final.jar
7f3fd3759000-7f3fd375e000 r--s 00012000 08:12 17959118                   /home/vsm22/.m2/repository/javax/validation/validation-api/2.0.1.Final/validation-api-2.0.1.Final.jar
7f3fd375e000-7f3fd377a000 r--s 000f9000 08:12 18612770                   /home/vsm22/.m2/repository/org/hibernate/validator/hibernate-validator/6.0.10.Final/hibernate-validator-6.0.10.Final.jar
7f3fd377a000-7f3fd377f000 r--s 0003a000 08:12 17959115                   /home/vsm22/.m2/repository/org/apache/tomcat/embed/tomcat-embed-websocket/8.5.31/tomcat-embed-websocket-8.5.31.jar
7f3fd377f000-7f3fd3783000 r--s 00037000 08:12 17959112                   /home/vsm22/.m2/repository/org/apache/tomcat/embed/tomcat-embed-el/8.5.31/tomcat-embed-el-8.5.31.jar
7f3fd3783000-7f3fd37ac000 r--s 002d0000 08:12 17959111                   /home/vsm22/.m2/repository/org/apache/tomcat/embed/tomcat-embed-core/8.5.31/tomcat-embed-core-8.5.31.jar
7f3fd37ac000-7f3fd37ad000 r--s 00000000 08:12 18612764                   /home/vsm22/.m2/repository/org/springframework/boot/spring-boot-starter-tomcat/2.0.3.RELEASE/spring-boot-starter-tomcat-2.0.3.RELEASE.jar
7f3fd37ad000-7f3fd37af000 r--s 00001000 08:12 18612751                   /home/vsm22/.m2/repository/com/fasterxml/jackson/module/jackson-module-parameter-names/2.9.6/jackson-module-parameter-names-2.9.6.jar
7f3fd37af000-7f3fd37b2000 r--s 00016000 08:12 18612766                   /home/vsm22/.m2/repository/com/fasterxml/jackson/datatype/jackson-datatype-jsr310/2.9.6/jackson-datatype-jsr310-2.9.6.jar
7f3fd37b2000-7f3fd37b4000 r--s 00007000 08:12 18612762                   /home/vsm22/.m2/repository/com/fasterxml/jackson/datatype/jackson-datatype-jdk8/2.9.6/jackson-datatype-jdk8-2.9.6.jar
7f3fd37b4000-7f3fd37b5000 r--s 00000000 08:12 18612757                   /home/vsm22/.m2/repository/org/springframework/boot/spring-boot-starter-json/2.0.3.RELEASE/spring-boot-starter-json-2.0.3.RELEASE.jar
7f3fd37b5000-7f3fd37bc000 r--s 00042000 08:12 17959347                   /home/vsm22/.m2/repository/org/yaml/snakeyaml/1.19/snakeyaml-1.19.jar
7f3fd37bc000-7f3fd37be000 r--s 00004000 08:12 18090644                   /home/vsm22/.m2/repository/org/springframework/spring-jcl/5.0.7.RELEASE/spring-jcl-5.0.7.RELEASE.jar
7f3fd37be000-7f3fd37d6000 r--s 00114000 08:12 18090646                   /home/vsm22/.m2/repository/org/springframework/spring-core/5.0.7.RELEASE/spring-core-5.0.7.RELEASE.jar
7f3fd37d6000-7f3fd37d8000 r--s 00005000 08:12 17959092                   /home/vsm22/.m2/repository/javax/annotation/javax.annotation-api/1.3.2/javax.annotation-api-1.3.2.jar
7f3fd37d8000-7f3fd37da000 r--s 00000000 08:12 17959090                   /home/vsm22/.m2/repository/org/slf4j/jul-to-slf4j/1.7.25/jul-to-slf4j-1.7.25.jar
7f3fd37da000-7f3fd37e0000 r--s 00039000 08:12 17959088                   /home/vsm22/.m2/repository/org/apache/logging/log4j/log4j-api/2.10.0/log4j-api-2.10.0.jar
7f3fd37e0000-7f3fd37e2000 r--s 00003000 08:12 17959086                   /home/vsm22/.m2/repository/org/apache/logging/log4j/log4j-to-slf4j/2.10.0/log4j-to-slf4j-2.10.0.jar
7f3fd37e2000-7f3fd37ed000 r--s 00069000 08:12 17959085                   /home/vsm22/.m2/repository/ch/qos/logback/logback-core/1.2.3/logback-core-1.2.3.jar
7f3fd37ed000-7f3fd37f3000 r--s 00041000 08:12 17959082                   /home/vsm22/.m2/repository/ch/qos/logback/logback-classic/1.2.3/logback-classic-1.2.3.jar
7f3fd37f3000-7f3fd37f4000 r--s 00000000 08:12 18612754                   /home/vsm22/.m2/repository/org/springframework/boot/spring-boot-starter-logging/2.0.3.RELEASE/spring-boot-starter-logging-2.0.3.RELEASE.jar
7f3fd37f4000-7f3fd37f5000 r--s 00000000 08:12 18612774                   /home/vsm22/.m2/repository/org/springframework/boot/spring-boot-starter/2.0.3.RELEASE/spring-boot-starter-2.0.3.RELEASE.jar
7f3fd37f5000-7f3fd37f8000 ---p 00000000 00:00 0 
7f3fd37f8000-7f3fd38f6000 rw-p 00000000 00:00 0 
7f3fd38f6000-7f3fd38f9000 ---p 00000000 00:00 0 
7f3fd38f9000-7f3fd39f7000 rw-p 00000000 00:00 0 
7f3fd39f7000-7f3fd39fa000 ---p 00000000 00:00 0 
7f3fd39fa000-7f3fd3af8000 rw-p 00000000 00:00 0 
7f3fd3af8000-7f3fd3afc000 r-xp 00000000 08:12 13898490                   /usr/lib/jvm/java-8-openjdk-amd64/jre/lib/amd64/libdt_socket.so
7f3fd3afc000-7f3fd3cfb000 ---p 00004000 08:12 13898490                   /usr/lib/jvm/java-8-openjdk-amd64/jre/lib/amd64/libdt_socket.so
7f3fd3cfb000-7f3fd3cfc000 r--p 00003000 08:12 13898490                   /usr/lib/jvm/java-8-openjdk-amd64/jre/lib/amd64/libdt_socket.so
7f3fd3cfc000-7f3fd3cfd000 rw-p 00004000 08:12 13898490                   /usr/lib/jvm/java-8-openjdk-amd64/jre/lib/amd64/libdt_socket.so
7f3fd3cfd000-7f3fd3d00000 ---p 00000000 00:00 0 
7f3fd3d00000-7f3fd3dfe000 rw-p 00000000 00:00 0 
7f3fd3dfe000-7f3fd3e01000 ---p 00000000 00:00 0 
7f3fd3e01000-7f3fd3eff000 rw-p 00000000 00:00 0 
7f3fd3eff000-7f3fd3f02000 ---p 00000000 00:00 0 
7f3fd3f02000-7f3fd4000000 rw-p 00000000 00:00 0 
7f3fd4000000-7f3fd4021000 rw-p 00000000 00:00 0 
7f3fd4021000-7f3fd8000000 ---p 00000000 00:00 0 
7f3fd8000000-7f3fd8001000 ---p 00000000 00:00 0 
7f3fd8001000-7f3fd9c6a000 rw-p 00000000 00:00 0 
7f3fd9c6a000-7f3fd9e39000 r--s 03c2f000 08:12 13898554                   /usr/lib/jvm/java-8-openjdk-amd64/jre/lib/rt.jar
7f3fd9e39000-7f3fdadfe000 rw-p 00000000 00:00 0 
7f3fdadfe000-7f3fdadff000 ---p 00000000 00:00 0 
7f3fdadff000-7f3fdaeff000 rw-p 00000000 00:00 0 
7f3fdaeff000-7f3fdaf00000 ---p 00000000 00:00 0 
7f3fdaf00000-7f3fdb000000 rw-p 00000000 00:00 0 
7f3fdb000000-7f3fdb001000 ---p 00000000 00:00 0 
7f3fdb001000-7f3fdb101000 rw-p 00000000 00:00 0 
7f3fdb101000-7f3fdb102000 ---p 00000000 00:00 0 
7f3fdb102000-7f3fdb202000 rw-p 00000000 00:00 0 
7f3fdb202000-7f3fdb203000 ---p 00000000 00:00 0 
7f3fdb203000-7f3fdb303000 rw-p 00000000 00:00 0 
7f3fdb303000-7f3fdb304000 ---p 00000000 00:00 0 
7f3fdb304000-7f3fdb404000 rw-p 00000000 00:00 0 
7f3fdb404000-7f3fdb405000 ---p 00000000 00:00 0 
7f3fdb405000-7f3fdb505000 rw-p 00000000 00:00 0 
7f3fdb505000-7f3fdb557000 rw-p 00000000 00:00 0 
7f3fdb557000-7f3fdb559000 ---p 00000000 00:00 0 
7f3fdb559000-7f3fdba33000 ---p 00000000 00:00 0 
7f3fdba33000-7f3fdba85000 rw-p 00000000 00:00 0 
7f3fdba85000-7f3fdba87000 ---p 00000000 00:00 0 
7f3fdba87000-7f3fdbf61000 ---p 00000000 00:00 0 
7f3fdbf61000-7f3fdc09a000 rw-p 00000000 00:00 0 
7f3fdc09a000-7f3fdc0a0000 ---p 00000000 00:00 0 
7f3fdc0a0000-7f3fdc1f8000 ---p 00000000 00:00 0 
7f3fdc1f8000-7f3fdc24a000 rw-p 00000000 00:00 0 
7f3fdc24a000-7f3fdc5b9000 ---p 00000000 00:00 0 
7f3fdc5b9000-7f3fdd9e9000 rwxp 00000000 00:00 0 
7f3fdd9e9000-7f3feb5b9000 ---p 00000000 00:00 0 
7f3feb5b9000-7f3feb5c1000 r-xp 00000000 08:12 13898517                   /usr/lib/jvm/java-8-openjdk-amd64/jre/lib/amd64/libzip.so
7f3feb5c1000-7f3feb7c0000 ---p 00008000 08:12 13898517                   /usr/lib/jvm/java-8-openjdk-amd64/jre/lib/amd64/libzip.so
7f3feb7c0000-7f3feb7c1000 r--p 00007000 08:12 13898517                   /usr/lib/jvm/java-8-openjdk-amd64/jre/lib/amd64/libzip.so
7f3feb7c1000-7f3feb7c2000 rw-p 00008000 08:12 13898517                   /usr/lib/jvm/java-8-openjdk-amd64/jre/lib/amd64/libzip.so
7f3feb7c2000-7f3feb7cc000 r-xp 00000000 08:12 3932178                    /lib/x86_64-linux-gnu/libnss_files-2.24.so
7f3feb7cc000-7f3feb9cc000 ---p 0000a000 08:12 3932178                    /lib/x86_64-linux-gnu/libnss_files-2.24.so
7f3feb9cc000-7f3feb9cd000 r--p 0000a000 08:12 3932178                    /lib/x86_64-linux-gnu/libnss_files-2.24.so
7f3feb9cd000-7f3feb9ce000 rw-p 0000b000 08:12 3932178                    /lib/x86_64-linux-gnu/libnss_files-2.24.so
7f3feb9ce000-7f3feb9d4000 rw-p 00000000 00:00 0 
7f3feb9d4000-7f3feb9df000 r-xp 00000000 08:12 3932180                    /lib/x86_64-linux-gnu/libnss_nis-2.24.so
7f3feb9df000-7f3febbde000 ---p 0000b000 08:12 3932180                    /lib/x86_64-linux-gnu/libnss_nis-2.24.so
7f3febbde000-7f3febbdf000 r--p 0000a000 08:12 3932180                    /lib/x86_64-linux-gnu/libnss_nis-2.24.so
7f3febbdf000-7f3febbe0000 rw-p 0000b000 08:12 3932180                    /lib/x86_64-linux-gnu/libnss_nis-2.24.so
7f3febbe0000-7f3febbf4000 r-xp 00000000 08:12 3932175                    /lib/x86_64-linux-gnu/libnsl-2.24.so
7f3febbf4000-7f3febdf4000 ---p 00014000 08:12 3932175                    /lib/x86_64-linux-gnu/libnsl-2.24.so
7f3febdf4000-7f3febdf5000 r--p 00014000 08:12 3932175                    /lib/x86_64-linux-gnu/libnsl-2.24.so
7f3febdf5000-7f3febdf6000 rw-p 00015000 08:12 3932175                    /lib/x86_64-linux-gnu/libnsl-2.24.so
7f3febdf6000-7f3febdf8000 rw-p 00000000 00:00 0 
7f3febdf8000-7f3febdff000 r-xp 00000000 08:12 3932176                    /lib/x86_64-linux-gnu/libnss_compat-2.24.so
7f3febdff000-7f3febffe000 ---p 00007000 08:12 3932176                    /lib/x86_64-linux-gnu/libnss_compat-2.24.so
7f3febffe000-7f3febfff000 r--p 00006000 08:12 3932176                    /lib/x86_64-linux-gnu/libnss_compat-2.24.so
7f3febfff000-7f3fec000000 rw-p 00007000 08:12 3932176                    /lib/x86_64-linux-gnu/libnss_compat-2.24.so
7f3fec000000-7f3fecc66000 rw-p 00000000 00:00 0 
7f3fecc66000-7f3ff0000000 ---p 00000000 00:00 0 
7f3ff0000000-7f3ff0001000 r--s 00000000 08:12 18612746                   /home/vsm22/.m2/repository/org/springframework/boot/spring-boot-starter-web/2.0.3.RELEASE/spring-boot-starter-web-2.0.3.RELEASE.jar
7f3ff0001000-7f3ff0014000 r--s 00346000 08:12 13898553                   /usr/lib/jvm/java-8-openjdk-amd64/jre/lib/resources.jar
7f3ff0014000-7f3ff002f000 r--s 001d6000 08:12 13898533                   /usr/lib/jvm/java-8-openjdk-amd64/jre/lib/ext/nashorn.jar
7f3ff002f000-7f3ff00a5000 rw-p 00000000 00:00 0 
7f3ff00a5000-7f3ff00a6000 ---p 00000000 00:00 0 
7f3ff00a6000-7f3ff01a6000 rw-p 00000000 00:00 0 
7f3ff01a6000-7f3ff01b0000 r-xp 00000000 08:12 13898493                   /usr/lib/jvm/java-8-openjdk-amd64/jre/lib/amd64/libinstrument.so
7f3ff01b0000-7f3ff03af000 ---p 0000a000 08:12 13898493                   /usr/lib/jvm/java-8-openjdk-amd64/jre/lib/amd64/libinstrument.so
7f3ff03af000-7f3ff03b0000 r--p 00009000 08:12 13898493                   /usr/lib/jvm/java-8-openjdk-amd64/jre/lib/amd64/libinstrument.so
7f3ff03b0000-7f3ff03b1000 rw-p 0000a000 08:12 13898493                   /usr/lib/jvm/java-8-openjdk-amd64/jre/lib/amd64/libinstrument.so
7f3ff03b1000-7f3ff054c000 r--p 00000000 08:12 13239515                   /usr/lib/locale/locale-archive
7f3ff054c000-7f3ff054e000 r-xp 00000000 08:12 13898511                   /usr/lib/jvm/java-8-openjdk-amd64/jre/lib/amd64/libnpt.so
7f3ff054e000-7f3ff074e000 ---p 00002000 08:12 13898511                   /usr/lib/jvm/java-8-openjdk-amd64/jre/lib/amd64/libnpt.so
7f3ff074e000-7f3ff074f000 r--p 00002000 08:12 13898511                   /usr/lib/jvm/java-8-openjdk-amd64/jre/lib/amd64/libnpt.so
7f3ff074f000-7f3ff0750000 rw-p 00003000 08:12 13898511                   /usr/lib/jvm/java-8-openjdk-amd64/jre/lib/amd64/libnpt.so
7f3ff0750000-7f3ff078b000 r-xp 00000000 08:12 13898503                   /usr/lib/jvm/java-8-openjdk-amd64/jre/lib/amd64/libjdwp.so
7f3ff078b000-7f3ff098b000 ---p 0003b000 08:12 13898503                   /usr/lib/jvm/java-8-openjdk-amd64/jre/lib/amd64/libjdwp.so
7f3ff098b000-7f3ff098c000 r--p 0003b000 08:12 13898503                   /usr/lib/jvm/java-8-openjdk-amd64/jre/lib/amd64/libjdwp.so
7f3ff098c000-7f3ff098d000 rw-p 0003c000 08:12 13898503                   /usr/lib/jvm/java-8-openjdk-amd64/jre/lib/amd64/libjdwp.so
7f3ff098d000-7f3ff09ba000 r-xp 00000000 08:12 13898498                   /usr/lib/jvm/java-8-openjdk-amd64/jre/lib/amd64/libjava.so
7f3ff09ba000-7f3ff0bba000 ---p 0002d000 08:12 13898498                   /usr/lib/jvm/java-8-openjdk-amd64/jre/lib/amd64/libjava.so
7f3ff0bba000-7f3ff0bbb000 r--p 0002d000 08:12 13898498                   /usr/lib/jvm/java-8-openjdk-amd64/jre/lib/amd64/libjava.so
7f3ff0bbb000-7f3ff0bbd000 rw-p 0002e000 08:12 13898498                   /usr/lib/jvm/java-8-openjdk-amd64/jre/lib/amd64/libjava.so
7f3ff0bbd000-7f3ff0bcc000 r-xp 00000000 08:12 13898516                   /usr/lib/jvm/java-8-openjdk-amd64/jre/lib/amd64/libverify.so
7f3ff0bcc000-7f3ff0dcc000 ---p 0000f000 08:12 13898516                   /usr/lib/jvm/java-8-openjdk-amd64/jre/lib/amd64/libverify.so
7f3ff0dcc000-7f3ff0dce000 r--p 0000f000 08:12 13898516                   /usr/lib/jvm/java-8-openjdk-amd64/jre/lib/amd64/libverify.so
7f3ff0dce000-7f3ff0dcf000 rw-p 00011000 08:12 13898516                   /usr/lib/jvm/java-8-openjdk-amd64/jre/lib/amd64/libverify.so
7f3ff0dcf000-7f3ff0dd6000 r-xp 00000000 08:12 3932185                    /lib/x86_64-linux-gnu/librt-2.24.so
7f3ff0dd6000-7f3ff0fd5000 ---p 00007000 08:12 3932185                    /lib/x86_64-linux-gnu/librt-2.24.so
7f3ff0fd5000-7f3ff0fd6000 r--p 00006000 08:12 3932185                    /lib/x86_64-linux-gnu/librt-2.24.so
7f3ff0fd6000-7f3ff0fd7000 rw-p 00007000 08:12 3932185                    /lib/x86_64-linux-gnu/librt-2.24.so
7f3ff0fd7000-7f3ff0fed000 r-xp 00000000 08:12 3932164                    /lib/x86_64-linux-gnu/libgcc_s.so.1
7f3ff0fed000-7f3ff11ec000 ---p 00016000 08:12 3932164                    /lib/x86_64-linux-gnu/libgcc_s.so.1
7f3ff11ec000-7f3ff11ed000 r--p 00015000 08:12 3932164                    /lib/x86_64-linux-gnu/libgcc_s.so.1
7f3ff11ed000-7f3ff11ee000 rw-p 00016000 08:12 3932164                    /lib/x86_64-linux-gnu/libgcc_s.so.1
7f3ff11ee000-7f3ff12f1000 r-xp 00000000 08:12 3932172                    /lib/x86_64-linux-gnu/libm-2.24.so
7f3ff12f1000-7f3ff14f0000 ---p 00103000 08:12 3932172                    /lib/x86_64-linux-gnu/libm-2.24.so
7f3ff14f0000-7f3ff14f1000 r--p 00102000 08:12 3932172                    /lib/x86_64-linux-gnu/libm-2.24.so
7f3ff14f1000-7f3ff14f2000 rw-p 00103000 08:12 3932172                    /lib/x86_64-linux-gnu/libm-2.24.so
7f3ff14f2000-7f3ff1664000 r-xp 00000000 08:12 13243667                   /usr/lib/x86_64-linux-gnu/libstdc++.so.6.0.22
7f3ff1664000-7f3ff1864000 ---p 00172000 08:12 13243667                   /usr/lib/x86_64-linux-gnu/libstdc++.so.6.0.22
7f3ff1864000-7f3ff186e000 r--p 00172000 08:12 13243667                   /usr/lib/x86_64-linux-gnu/libstdc++.so.6.0.22
7f3ff186e000-7f3ff1870000 rw-p 0017c000 08:12 13243667                   /usr/lib/x86_64-linux-gnu/libstdc++.so.6.0.22
7f3ff1870000-7f3ff1874000 rw-p 00000000 00:00 0 
7f3ff1874000-7f3ff24ce000 r-xp 00000000 08:12 13898519                   /usr/lib/jvm/java-8-openjdk-amd64/jre/lib/amd64/server/libjvm.so
7f3ff24ce000-7f3ff26cd000 ---p 00c5a000 08:12 13898519                   /usr/lib/jvm/java-8-openjdk-amd64/jre/lib/amd64/server/libjvm.so
7f3ff26cd000-7f3ff2761000 r--p 00c59000 08:12 13898519                   /usr/lib/jvm/java-8-openjdk-amd64/jre/lib/amd64/server/libjvm.so
7f3ff2761000-7f3ff278a000 rw-p 00ced000 08:12 13898519                   /usr/lib/jvm/java-8-openjdk-amd64/jre/lib/amd64/server/libjvm.so
7f3ff278a000-7f3ff27ba000 rw-p 00000000 00:00 0 
7f3ff27ba000-7f3ff294f000 r-xp 00000000 08:12 3932168                    /lib/x86_64-linux-gnu/libc-2.24.so
7f3ff294f000-7f3ff2b4f000 ---p 00195000 08:12 3932168                    /lib/x86_64-linux-gnu/libc-2.24.so
7f3ff2b4f000-7f3ff2b53000 r--p 00195000 08:12 3932168                    /lib/x86_64-linux-gnu/libc-2.24.so
7f3ff2b53000-7f3ff2b55000 rw-p 00199000 08:12 3932168                    /lib/x86_64-linux-gnu/libc-2.24.so
7f3ff2b55000-7f3ff2b59000 rw-p 00000000 00:00 0 
7f3ff2b59000-7f3ff2b5c000 r-xp 00000000 08:12 3932171                    /lib/x86_64-linux-gnu/libdl-2.24.so
7f3ff2b5c000-7f3ff2d5b000 ---p 00003000 08:12 3932171                    /lib/x86_64-linux-gnu/libdl-2.24.so
7f3ff2d5b000-7f3ff2d5c000 r--p 00002000 08:12 3932171                    /lib/x86_64-linux-gnu/libdl-2.24.so
7f3ff2d5c000-7f3ff2d5d000 rw-p 00003000 08:12 3932171                    /lib/x86_64-linux-gnu/libdl-2.24.so
7f3ff2d5d000-7f3ff2d6a000 r-xp 00000000 08:12 13898482                   /usr/lib/jvm/java-8-openjdk-amd64/jre/lib/amd64/jli/libjli.so
7f3ff2d6a000-7f3ff2f6a000 ---p 0000d000 08:12 13898482                   /usr/lib/jvm/java-8-openjdk-amd64/jre/lib/amd64/jli/libjli.so
7f3ff2f6a000-7f3ff2f6b000 r--p 0000d000 08:12 13898482                   /usr/lib/jvm/java-8-openjdk-amd64/jre/lib/amd64/jli/libjli.so
7f3ff2f6b000-7f3ff2f6c000 rw-p 0000e000 08:12 13898482                   /usr/lib/jvm/java-8-openjdk-amd64/jre/lib/amd64/jli/libjli.so
7f3ff2f6c000-7f3ff2f85000 r-xp 00000000 08:12 3932250                    /lib/x86_64-linux-gnu/libz.so.1.2.8
7f3ff2f85000-7f3ff3184000 ---p 00019000 08:12 3932250                    /lib/x86_64-linux-gnu/libz.so.1.2.8
7f3ff3184000-7f3ff3185000 r--p 00018000 08:12 3932250                    /lib/x86_64-linux-gnu/libz.so.1.2.8
7f3ff3185000-7f3ff3186000 rw-p 00019000 08:12 3932250                    /lib/x86_64-linux-gnu/libz.so.1.2.8
7f3ff3186000-7f3ff319e000 r-xp 00000000 08:12 3932183                    /lib/x86_64-linux-gnu/libpthread-2.24.so
7f3ff319e000-7f3ff339d000 ---p 00018000 08:12 3932183                    /lib/x86_64-linux-gnu/libpthread-2.24.so
7f3ff339d000-7f3ff339e000 r--p 00017000 08:12 3932183                    /lib/x86_64-linux-gnu/libpthread-2.24.so
7f3ff339e000-7f3ff339f000 rw-p 00018000 08:12 3932183                    /lib/x86_64-linux-gnu/libpthread-2.24.so
7f3ff339f000-7f3ff33a3000 rw-p 00000000 00:00 0 
7f3ff33a3000-7f3ff33c6000 r-xp 00000000 08:12 3932163                    /lib/x86_64-linux-gnu/ld-2.24.so
7f3ff33c6000-7f3ff33c7000 r--s 00000000 08:12 13898551                   /usr/lib/jvm/java-8-openjdk-amd64/jre/lib/management-agent.jar
7f3ff33c7000-7f3ff33cc000 r--s 0009d000 08:12 13898549                   /usr/lib/jvm/java-8-openjdk-amd64/jre/lib/jsse.jar
7f3ff33cc000-7f3ff33ce000 r--s 00016000 08:12 13898547                   /usr/lib/jvm/java-8-openjdk-amd64/jre/lib/jce.jar
7f3ff33ce000-7f3ff33d3000 r--s 002f9000 08:12 13898520                   /usr/lib/jvm/java-8-openjdk-amd64/jre/lib/charsets.jar
7f3ff33d3000-7f3ff33d5000 r--s 00008000 08:12 13898534                   /usr/lib/jvm/java-8-openjdk-amd64/jre/lib/ext/sunec.jar
7f3ff33d5000-7f3ff33f0000 r--s 00394000 08:12 13898528                   /usr/lib/jvm/java-8-openjdk-amd64/jre/lib/ext/cldrdata.jar
7f3ff33f0000-7f3ff33f3000 r--s 0000f000 08:12 13898530                   /usr/lib/jvm/java-8-openjdk-amd64/jre/lib/ext/icedtea-sound.jar
7f3ff33f3000-7f3ff33f5000 r--s 00001000 08:12 13898529                   /usr/lib/jvm/java-8-openjdk-amd64/jre/lib/ext/dnsns.jar
7f3ff33f5000-7f3ff33fb000 r--s 0003b000 08:12 13898535                   /usr/lib/jvm/java-8-openjdk-amd64/jre/lib/ext/sunjce_provider.jar
7f3ff33fb000-7f3ff3456000 rw-p 00000000 00:00 0 
7f3ff3456000-7f3ff34a4000 rw-p 00000000 00:00 0 
7f3ff34a4000-7f3ff34a7000 ---p 00000000 00:00 0 
7f3ff34a7000-7f3ff35a7000 rw-p 00000000 00:00 0 
7f3ff35a7000-7f3ff35a8000 r--s 0000a000 08:12 13898531                   /usr/lib/jvm/java-8-openjdk-amd64/jre/lib/ext/jaccess.jar
7f3ff35a8000-7f3ff35ab000 r--s 00038000 08:12 13898536                   /usr/lib/jvm/java-8-openjdk-amd64/jre/lib/ext/sunpkcs11.jar
7f3ff35ab000-7f3ff35ac000 r--s 00010000 08:12 13898537                   /usr/lib/jvm/java-8-openjdk-amd64/jre/lib/ext/zipfs.jar
7f3ff35ac000-7f3ff35ae000 r--s 00007000 08:12 13770649                   /usr/share/java/java-atk-wrapper.jar
7f3ff35ae000-7f3ff35b8000 r--s 00116000 08:12 13898532                   /usr/lib/jvm/java-8-openjdk-amd64/jre/lib/ext/localedata.jar
7f3ff35b8000-7f3ff35b9000 r--s 00002000 08:12 5767454                    /opt/idea-IC-181.5087.20/lib/rt/debugger-agent-storage.jar
7f3ff35b9000-7f3ff35c1000 rw-s 00000000 08:12 19924257                   /tmp/hsperfdata_vsm22/29017
7f3ff35c1000-7f3ff35c2000 rw-p 00000000 00:00 0 
7f3ff35c2000-7f3ff35c3000 r--p 00000000 00:00 0 
7f3ff35c3000-7f3ff35c6000 rw-p 00000000 00:00 0 
7f3ff35c6000-7f3ff35c7000 r--p 00023000 08:12 3932163                    /lib/x86_64-linux-gnu/ld-2.24.so
7f3ff35c7000-7f3ff35c8000 rw-p 00024000 08:12 3932163                    /lib/x86_64-linux-gnu/ld-2.24.so
7f3ff35c8000-7f3ff35c9000 rw-p 00000000 00:00 0 
7ffc32d24000-7ffc32d47000 rw-p 00000000 00:00 0                          [stack]
7ffc32d5a000-7ffc32d5c000 r--p 00000000 00:00 0                          [vvar]
7ffc32d5c000-7ffc32d5e000 r-xp 00000000 00:00 0                          [vdso]
ffffffffff600000-ffffffffff601000 r-xp 00000000 00:00 0                  [vsyscall]

VM Arguments:
jvm_args: -agentlib:jdwp=transport=dt_socket,address=127.0.0.1:42699,suspend=y,server=n -javaagent:/opt/idea-IC-181.5087.20/lib/rt/debugger-agent.jar=file:/tmp/capture.props -Dfile.encoding=UTF-8 
java_command: anvil.Application
java_class_path (initial): /usr/lib/jvm/java-8-openjdk-amd64/jre/lib/charsets.jar:/usr/lib/jvm/java-8-openjdk-amd64/jre/lib/ext/cldrdata.jar:/usr/lib/jvm/java-8-openjdk-amd64/jre/lib/ext/dnsns.jar:/usr/lib/jvm/java-8-openjdk-amd64/jre/lib/ext/icedtea-sound.jar:/usr/lib/jvm/java-8-openjdk-amd64/jre/lib/ext/jaccess.jar:/usr/lib/jvm/java-8-openjdk-amd64/jre/lib/ext/java-atk-wrapper.jar:/usr/lib/jvm/java-8-openjdk-amd64/jre/lib/ext/localedata.jar:/usr/lib/jvm/java-8-openjdk-amd64/jre/lib/ext/nashorn.jar:/usr/lib/jvm/java-8-openjdk-amd64/jre/lib/ext/sunec.jar:/usr/lib/jvm/java-8-openjdk-amd64/jre/lib/ext/sunjce_provider.jar:/usr/lib/jvm/java-8-openjdk-amd64/jre/lib/ext/sunpkcs11.jar:/usr/lib/jvm/java-8-openjdk-amd64/jre/lib/ext/zipfs.jar:/usr/lib/jvm/java-8-openjdk-amd64/jre/lib/jce.jar:/usr/lib/jvm/java-8-openjdk-amd64/jre/lib/jsse.jar:/usr/lib/jvm/java-8-openjdk-amd64/jre/lib/management-agent.jar:/usr/lib/jvm/java-8-openjdk-amd64/jre/lib/resources.jar:/usr/lib/jvm/java-8-openjdk-amd64/jre/lib/rt.jar:/home/vsm22/ws/Anvil/target/classes:/home/vsm22/.m2/repository/org/springframework/boot/spring-boot-starter-web/2.0.3.RELEASE/spring-boot-starter-web-2.0.3.RELEASE.jar:/home/vsm22/.m2/repository/org/springframework/boot/spring-boot-starter/2.0.3.RELEASE/spring-boot-starter-2.0.3.RELEASE.jar:/home/vsm22/.m2/repository/org/springframework/boot/spring-boot-starter-logging/2.0.3.RELEASE/spring-boot-starter-logging-2.0.3.RELEASE.jar:/home/vsm22/.m2/repository/ch/qos/logback/logback-classic/1.2.3/logback-classic-1.2.3.jar:/home/vsm22/.m2/repository/ch/qos/logback/logback-core/1.2.3/logback-core-1.2.3.jar:/home/vsm22/.m2/repository/org/apache/logging/log4j/log4j-to-slf4j/2.10.0/log4j-to-slf4j-2.10.0.jar:/home/vsm22/.m2/repository/org/apache/logging/log4j/log4j-api/2.10.0/log4j-api-2.10.0.jar:/home/vsm22/.m2/repository/org/slf4j/jul-to-slf4j/1.7.25/jul-to-slf4j-1.7.25.jar:/home/vsm22/.m2/repository/javax/annotation/javax.annotation-api/1.3.2/javax.annotation-api-1.3.2.jar:/home/v
Launcher Type: SUN_STANDARD

Environment Variables:
PATH=/usr/local/bin:/usr/bin:/bin:/usr/local/games:/usr/games
USERNAME=vsm22
SHELL=/bin/bash
DISPLAY=:0

Signal Handlers:
SIGSEGV: [libjvm.so+0xa71730], sa_mask[0]=11111111011111111101111111111110, sa_flags=SA_RESTART|SA_SIGINFO
SIGBUS: [libjvm.so+0xa71730], sa_mask[0]=11111111011111111101111111111110, sa_flags=SA_RESTART|SA_SIGINFO
SIGFPE: [libjvm.so+0x8ba250], sa_mask[0]=11111111011111111101111111111110, sa_flags=SA_RESTART|SA_SIGINFO
SIGPIPE: [libjvm.so+0x8ba250], sa_mask[0]=11111111011111111101111111111110, sa_flags=SA_RESTART|SA_SIGINFO
SIGXFSZ: [libjvm.so+0x8ba250], sa_mask[0]=11111111011111111101111111111110, sa_flags=SA_RESTART|SA_SIGINFO
SIGILL: [libjvm.so+0x8ba250], sa_mask[0]=11111111011111111101111111111110, sa_flags=SA_RESTART|SA_SIGINFO
SIGUSR1: SIG_DFL, sa_mask[0]=00000000000000000000000000000000, sa_flags=none
SIGUSR2: [libjvm.so+0x8ba100], sa_mask[0]=00100000000000000000000000000000, sa_flags=SA_RESTART|SA_SIGINFO
SIGHUP: [libjvm.so+0x8ba5b0], sa_mask[0]=11111111011111111101111111111110, sa_flags=SA_RESTART|SA_SIGINFO
SIGINT: [libjvm.so+0x8ba5b0], sa_mask[0]=11111111011111111101111111111110, sa_flags=SA_RESTART|SA_SIGINFO
SIGTERM: [libjvm.so+0x8ba5b0], sa_mask[0]=11111111011111111101111111111110, sa_flags=SA_RESTART|SA_SIGINFO
SIGQUIT: [libjvm.so+0x8ba5b0], sa_mask[0]=11111111011111111101111111111110, sa_flags=SA_RESTART|SA_SIGINFO


---------------  S Y S T E M  ---------------

OS:PRETTY_NAME="Debian GNU/Linux 9 (stretch)"
NAME="Debian GNU/Linux"
VERSION_ID="9"
VERSION="9 (stretch)"
ID=debian
HOME_URL="https://www.debian.org/"
SUPPORT_URL="https://www.debian.org/support"
BUG_REPORT_URL="https://bugs.debian.org/"

uname:Linux 4.9.0-6-amd64 #1 SMP Debian 4.9.88-1+deb9u1 (2018-05-07) x86_64
libc:glibc 2.24 NPTL 2.24 
rlimit: STACK 8192k, CORE 0k, NPROC 62737, NOFILE 1048576, AS infinity
load average:0.88 0.43 0.21

/proc/meminfo:
MemTotal:       16287748 kB
MemFree:         7369508 kB
MemAvailable:   10233976 kB
Buffers:          234248 kB
Cached:          2916604 kB
SwapCached:            0 kB
Active:          5886900 kB
Inactive:        1961000 kB
Active(anon):    4596524 kB
Inactive(anon):   262252 kB
Active(file):    1290376 kB
Inactive(file):  1698748 kB
Unevictable:          48 kB
Mlocked:              48 kB
SwapTotal:      16627708 kB
SwapFree:       16627708 kB
Dirty:              7360 kB
Writeback:             0 kB
AnonPages:       4697240 kB
Mapped:           719084 kB
Shmem:            161696 kB
Slab:             300004 kB
SReclaimable:     212496 kB
SUnreclaim:        87508 kB
KernelStack:       15744 kB
PageTables:        53932 kB
NFS_Unstable:          0 kB
Bounce:                0 kB
WritebackTmp:          0 kB
CommitLimit:    24771580 kB
Committed_AS:   11265456 kB
VmallocTotal:   34359738367 kB
VmallocUsed:           0 kB
VmallocChunk:          0 kB
HardwareCorrupted:     0 kB
AnonHugePages:         0 kB
ShmemHugePages:        0 kB
ShmemPmdMapped:        0 kB
HugePages_Total:       0
HugePages_Free:        0
HugePages_Rsvd:        0
HugePages_Surp:        0
Hugepagesize:       2048 kB
DirectMap4k:      853112 kB
DirectMap2M:    12630016 kB
DirectMap1G:     3145728 kB


CPU:total 8 (initial active 8) (4 cores per cpu, 2 threads per core) family 6 model 60 stepping 3, cmov, cx8, fxsr, mmx, sse, sse2, sse3, ssse3, sse4.1, sse4.2, popcnt, avx, avx2, aes, clmul, erms, rtm, lzcnt, ht, tsc, tscinvbit, bmi1, bmi2

/proc/cpuinfo:
processor	: 0
vendor_id	: GenuineIntel
cpu family	: 6
model		: 60
model name	: Intel(R) Core(TM) i7-4790K CPU @ 4.00GHz
stepping	: 3
microcode	: 0x19
cpu MHz		: 4377.929
cache size	: 8192 KB
physical id	: 0
siblings	: 8
core id		: 0
cpu cores	: 4
apicid		: 0
initial apicid	: 0
fpu		: yes
fpu_exception	: yes
cpuid level	: 13
wp		: yes
flags		: fpu vme de pse tsc msr pae mce cx8 apic sep mtrr pge mca cmov pat pse36 clflush dts acpi mmx fxsr sse sse2 ss ht tm pbe syscall nx pdpe1gb rdtscp lm constant_tsc arch_perfmon pebs bts rep_good nopl xtopology nonstop_tsc aperfmperf eagerfpu pni pclmulqdq dtes64 monitor ds_cpl vmx est tm2 ssse3 sdbg fma cx16 xtpr pdcm pcid sse4_1 sse4_2 x2apic movbe popcnt tsc_deadline_timer aes xsave avx f16c rdrand lahf_lm abm invpcid_single kaiser tpr_shadow vnmi flexpriority ept vpid fsgsbase tsc_adjust bmi1 hle avx2 smep bmi2 erms invpcid rtm xsaveopt dtherm ida arat pln pts
bugs		: cpu_meltdown spectre_v1 spectre_v2
bogomips	: 8000.71
clflush size	: 64
cache_alignment	: 64
address sizes	: 39 bits physical, 48 bits virtual
power management:

processor	: 1
vendor_id	: GenuineIntel
cpu family	: 6
model		: 60
model name	: Intel(R) Core(TM) i7-4790K CPU @ 4.00GHz
stepping	: 3
microcode	: 0x19
cpu MHz		: 4343.750
cache size	: 8192 KB
physical id	: 0
siblings	: 8
core id		: 1
cpu cores	: 4
apicid		: 2
initial apicid	: 2
fpu		: yes
fpu_exception	: yes
cpuid level	: 13
wp		: yes
flags		: fpu vme de pse tsc msr pae mce cx8 apic sep mtrr pge mca cmov pat pse36 clflush dts acpi mmx fxsr sse sse2 ss ht tm pbe syscall nx pdpe1gb rdtscp lm constant_tsc arch_perfmon pebs bts rep_good nopl xtopology nonstop_tsc aperfmperf eagerfpu pni pclmulqdq dtes64 monitor ds_cpl vmx est tm2 ssse3 sdbg fma cx16 xtpr pdcm pcid sse4_1 sse4_2 x2apic movbe popcnt tsc_deadline_timer aes xsave avx f16c rdrand lahf_lm abm invpcid_single kaiser tpr_shadow vnmi flexpriority ept vpid fsgsbase tsc_adjust bmi1 hle avx2 smep bmi2 erms invpcid rtm xsaveopt dtherm ida arat pln pts
bugs		: cpu_meltdown spectre_v1 spectre_v2
bogomips	: 8000.71
clflush size	: 64
cache_alignment	: 64
address sizes	: 39 bits physical, 48 bits virtual
power management:

processor	: 2
vendor_id	: GenuineIntel
cpu family	: 6
model		: 60
model name	: Intel(R) Core(TM) i7-4790K CPU @ 4.00GHz
stepping	: 3
microcode	: 0x19
cpu MHz		: 4373.046
cache size	: 8192 KB
physical id	: 0
siblings	: 8
core id		: 2
cpu cores	: 4
apicid		: 4
initial apicid	: 4
fpu		: yes
fpu_exception	: yes
cpuid level	: 13
wp		: yes
flags		: fpu vme de pse tsc msr pae mce cx8 apic sep mtrr pge mca cmov pat pse36 clflush dts acpi mmx fxsr sse sse2 ss ht tm pbe syscall nx pdpe1gb rdtscp lm constant_tsc arch_perfmon pebs bts rep_good nopl xtopology nonstop_tsc aperfmperf eagerfpu pni pclmulqdq dtes64 monitor ds_cpl vmx est tm2 ssse3 sdbg fma cx16 xtpr pdcm pcid sse4_1 sse4_2 x2apic movbe popcnt tsc_deadline_timer aes xsave avx f16c rdrand lahf_lm abm invpcid_single kaiser tpr_shadow vnmi flexpriority ept vpid fsgsbase tsc_adjust bmi1 hle avx2 smep bmi2 erms invpcid rtm xsaveopt dtherm ida arat pln pts
bugs		: cpu_meltdown spectre_v1 spectre_v2
bogomips	: 8000.71
clflush size	: 64
cache_alignment	: 64
address sizes	: 39 bits physical, 48 bits virtual
power management:

processor	: 3
vendor_id	: GenuineIntel
cpu family	: 6
model		: 60
model name	: Intel(R) Core(TM) i7-4790K CPU @ 4.00GHz
stepping	: 3
microcode	: 0x19
cpu MHz		: 4284.423
cache size	: 8192 KB
physical id	: 0
siblings	: 8
core id		: 3
cpu cores	: 4
apicid		: 6
initial apicid	: 6
fpu		: yes
fpu_exception	: yes
cpuid level	: 13
wp		: yes
flags		: fpu vme de pse tsc msr pae mce cx8 apic sep mtrr pge mca cmov pat pse36 clflush dts acpi mmx fxsr sse sse2 ss ht tm pbe syscall nx pdpe1gb rdtscp lm constant_tsc arch_perfmon pebs bts rep_good nopl xtopology nonstop_tsc aperfmperf eagerfpu pni pclmulqdq dtes64 monitor ds_cpl vmx est tm2 ssse3 sdbg fma cx16 xtpr pdcm pcid sse4_1 sse4_2 x2apic movbe popcnt tsc_deadline_timer aes xsave avx f16c rdrand lahf_lm abm invpcid_single kaiser tpr_shadow vnmi flexpriority ept vpid fsgsbase tsc_adjust bmi1 hle avx2 smep bmi2 erms invpcid rtm xsaveopt dtherm ida arat pln pts
bugs		: cpu_meltdown spectre_v1 spectre_v2
bogomips	: 8000.71
clflush size	: 64
cache_alignment	: 64
address sizes	: 39 bits physical, 48 bits virtual
power management:

processor	: 4
vendor_id	: GenuineIntel
cpu family	: 6
model		: 60
model name	: Intel(R) Core(TM) i7-4790K CPU @ 4.00GHz
stepping	: 3
microcode	: 0x19
cpu MHz		: 4397.460
cache size	: 8192 KB
physical id	: 0
siblings	: 8
core id		: 0
cpu cores	: 4
apicid		: 1
initial apicid	: 1
fpu		: yes
fpu_exception	: yes
cpuid level	: 13
wp		: yes
flags		: fpu vme de pse tsc msr pae mce cx8 apic sep mtrr pge mca cmov pat pse36 clflush dts acpi mmx fxsr sse sse2 ss ht tm pbe syscall nx pdpe1gb rdtscp lm constant_tsc arch_perfmon pebs bts rep_good nopl xtopology nonstop_tsc aperfmperf eagerfpu pni pclmulqdq dtes64 monitor ds_cpl vmx est tm2 ssse3 sdbg fma cx16 xtpr pdcm pcid sse4_1 sse4_2 x2apic movbe popcnt tsc_deadline_timer aes xsave avx f16c rdrand lahf_lm abm invpcid_single kaiser tpr_shadow vnmi flexpriority ept vpid fsgsbase tsc_adjust bmi1 hle avx2 smep bmi2 erms invpcid rtm xsaveopt dtherm ida arat pln pts
bugs		: cpu_meltdown spectre_v1 spectre_v2
bogomips	: 8000.71
clflush size	: 64
cache_alignment	: 64
address sizes	: 39 bits physical, 48 bits virtual
power management:

processor	: 5
vendor_id	: GenuineIntel
cpu family	: 6
model		: 60
model name	: Intel(R) Core(TM) i7-4790K CPU @ 4.00GHz
stepping	: 3
microcode	: 0x19
cpu MHz		: 4326.904
cache size	: 8192 KB
physical id	: 0
siblings	: 8
core id		: 1
cpu cores	: 4
apicid		: 3
initial apicid	: 3
fpu		: yes
fpu_exception	: yes
cpuid level	: 13
wp		: yes
flags		: fpu vme de pse tsc msr pae mce cx8 apic sep mtrr pge mca cmov pat pse36 clflush dts acpi mmx fxsr sse sse2 ss ht tm pbe syscall nx pdpe1gb rdtscp lm constant_tsc arch_perfmon pebs bts rep_good nopl xtopology nonstop_tsc aperfmperf eagerfpu pni pclmulqdq dtes64 monitor ds_cpl vmx est tm2 ssse3 sdbg fma cx16 xtpr pdcm pcid sse4_1 sse4_2 x2apic movbe popcnt tsc_deadline_timer aes xsave avx f16c rdrand lahf_lm abm invpcid_single kaiser tpr_shadow vnmi flexpriority ept vpid fsgsbase tsc_adjust bmi1 hle avx2 smep bmi2 erms invpcid rtm xsaveopt dtherm ida arat pln pts
bugs		: cpu_meltdown spectre_v1 spectre_v2
bogomips	: 8000.71
clflush size	: 64
cache_alignment	: 64
address sizes	: 39 bits physical, 48 bits virtual
power management:

processor	: 6
vendor_id	: GenuineIntel
cpu family	: 6
model		: 60
model name	: Intel(R) Core(TM) i7-4790K CPU @ 4.00GHz
stepping	: 3
microcode	: 0x19
cpu MHz		: 4267.089
cache size	: 8192 KB
physical id	: 0
siblings	: 8
core id		: 2
cpu cores	: 4
apicid		: 5
initial apicid	: 5
fpu		: yes
fpu_exception	: yes
cpuid level	: 13
wp		: yes
flags		: fpu vme de pse tsc msr pae mce cx8 apic sep mtrr pge mca cmov pat pse36 clflush dts acpi mmx fxsr sse sse2 ss ht tm pbe syscall nx pdpe1gb rdtscp lm constant_tsc arch_perfmon pebs bts rep_good nopl xtopology nonstop_tsc aperfmperf eagerfpu pni pclmulqdq dtes64 monitor ds_cpl vmx est tm2 ssse3 sdbg fma cx16 xtpr pdcm pcid sse4_1 sse4_2 x2apic movbe popcnt tsc_deadline_timer aes xsave avx f16c rdrand lahf_lm abm invpcid_single kaiser tpr_shadow vnmi flexpriority ept vpid fsgsbase tsc_adjust bmi1 hle avx2 smep bmi2 erms invpcid rtm xsaveopt dtherm ida arat pln pts
bugs		: cpu_meltdown spectre_v1 spectre_v2
bogomips	: 8000.71
clflush size	: 64
cache_alignment	: 64
address sizes	: 39 bits physical, 48 bits virtual
power management:

processor	: 7
vendor_id	: GenuineIntel
cpu family	: 6
model		: 60
model name	: Intel(R) Core(TM) i7-4790K CPU @ 4.00GHz
stepping	: 3
microcode	: 0x19
cpu MHz		: 4246.582
cache size	: 8192 KB
physical id	: 0
siblings	: 8
core id		: 3
cpu cores	: 4
apicid		: 7
initial apicid	: 7
fpu		: yes
fpu_exception	: yes
cpuid level	: 13
wp		: yes
flags		: fpu vme de pse tsc msr pae mce cx8 apic sep mtrr pge mca cmov pat pse36 clflush dts acpi mmx fxsr sse sse2 ss ht tm pbe syscall nx pdpe1gb rdtscp lm constant_tsc arch_perfmon pebs bts rep_good nopl xtopology nonstop_tsc aperfmperf eagerfpu pni pclmulqdq dtes64 monitor ds_cpl vmx est tm2 ssse3 sdbg fma cx16 xtpr pdcm pcid sse4_1 sse4_2 x2apic movbe popcnt tsc_deadline_timer aes xsave avx f16c rdrand lahf_lm abm invpcid_single kaiser tpr_shadow vnmi flexpriority ept vpid fsgsbase tsc_adjust bmi1 hle avx2 smep bmi2 erms invpcid rtm xsaveopt dtherm ida arat pln pts
bugs		: cpu_meltdown spectre_v1 spectre_v2
bogomips	: 8000.71
clflush size	: 64
cache_alignment	: 64
address sizes	: 39 bits physical, 48 bits virtual
power management:



Memory: 4k page, physical 16287748k(7369508k free), swap 16627708k(16627708k free)

vm_info: OpenJDK 64-Bit Server VM (25.171-b11) for linux-amd64 JRE (1.8.0_171-8u171-b11-1~deb9u1-b11), built on Apr 27 2018 14:37:13 by "pbuilder" with gcc 6.3.0 20170516

time: Wed Jul 18 18:48:24 2018
elapsed time: 2762 seconds (0d 0h 46m 2s)

